<?xml version="1.0" encoding="UTF-8"?>
<coverage generated="1763345625868" clover="3.2.0">
  <project timestamp="1763345625868" name="All files">
    <metrics statements="438" coveredstatements="409" conditionals="230" coveredconditionals="181" methods="118" coveredmethods="106" elements="786" coveredelements="696" complexity="0" loc="438" ncloc="438" packages="4" files="25" classes="25"/>
    <package name="src">
      <metrics statements="118" coveredstatements="94" conditionals="59" coveredconditionals="31" methods="37" coveredmethods="27"/>
      <file name="App.css" path="/Users/stefano/Documents/mdserve/frontend/src/App.css">
        <metrics statements="0" coveredstatements="0" conditionals="0" coveredconditionals="0" methods="0" coveredmethods="0"/>
      </file>
      <file name="App.tsx" path="/Users/stefano/Documents/mdserve/frontend/src/App.tsx">
        <metrics statements="118" coveredstatements="94" conditionals="59" coveredconditionals="31" methods="37" coveredmethods="27"/>
        <line num="18" count="1" type="stmt"/>
        <line num="25" count="9" type="stmt"/>
        <line num="36" count="9" type="cond" truecount="2" falsecount="0"/>
        <line num="37" count="9" type="stmt"/>
        <line num="41" count="0" type="cond" truecount="0" falsecount="5"/>
        <line num="42" count="0" type="stmt"/>
        <line num="44" count="0" type="stmt"/>
        <line num="50" count="17" type="stmt"/>
        <line num="51" count="17" type="stmt"/>
        <line num="52" count="17" type="stmt"/>
        <line num="53" count="17" type="stmt"/>
        <line num="54" count="17" type="stmt"/>
        <line num="55" count="17" type="stmt"/>
        <line num="56" count="17" type="stmt"/>
        <line num="58" count="17" type="stmt"/>
        <line num="59" count="17" type="stmt"/>
        <line num="60" count="17" type="stmt"/>
        <line num="61" count="17" type="stmt"/>
        <line num="62" count="17" type="stmt"/>
        <line num="63" count="17" type="stmt"/>
        <line num="66" count="17" type="stmt"/>
        <line num="67" count="16" type="stmt"/>
        <line num="70" count="17" type="stmt"/>
        <line num="72" count="6" type="stmt"/>
        <line num="73" count="6" type="stmt"/>
        <line num="75" count="6" type="stmt"/>
        <line num="77" count="6" type="stmt"/>
        <line num="78" count="6" type="cond" truecount="2" falsecount="0"/>
        <line num="80" count="9" type="stmt"/>
        <line num="81" count="5" type="cond" truecount="2" falsecount="0"/>
        <line num="82" count="3" type="stmt"/>
        <line num="83" count="2" type="cond" truecount="1" falsecount="1"/>
        <line num="85" count="2" type="stmt"/>
        <line num="87" count="1" type="cond" truecount="1" falsecount="1"/>
        <line num="89" count="1" type="stmt"/>
        <line num="93" count="0" type="stmt"/>
        <line num="97" count="17" type="stmt"/>
        <line num="98" count="6" type="stmt"/>
        <line num="99" count="6" type="stmt"/>
        <line num="101" count="6" type="stmt"/>
        <line num="102" count="6" type="cond" truecount="1" falsecount="1"/>
        <line num="103" count="6" type="stmt"/>
        <line num="104" count="6" type="stmt"/>
        <line num="106" count="6" type="stmt"/>
        <line num="107" count="5" type="stmt"/>
        <line num="108" count="5" type="stmt"/>
        <line num="109" count="5" type="cond" truecount="2" falsecount="0"/>
        <line num="111" count="1" type="cond" truecount="1" falsecount="1"/>
        <line num="112" count="1" type="stmt"/>
        <line num="114" count="4" type="cond" truecount="2" falsecount="0"/>
        <line num="116" count="1" type="stmt"/>
        <line num="117" count="1" type="stmt"/>
        <line num="119" count="1" type="stmt"/>
        <line num="121" count="3" type="cond" truecount="2" falsecount="0"/>
        <line num="123" count="1" type="cond" truecount="1" falsecount="1"/>
        <line num="124" count="1" type="stmt"/>
        <line num="127" count="1" type="stmt"/>
        <line num="128" count="1" type="stmt"/>
        <line num="130" count="1" type="stmt"/>
        <line num="132" count="2" type="cond" truecount="1" falsecount="1"/>
        <line num="134" count="2" type="cond" truecount="2" falsecount="0"/>
        <line num="136" count="1" type="stmt"/>
        <line num="139" count="1" type="stmt"/>
        <line num="140" count="1" type="stmt"/>
        <line num="142" count="1" type="stmt"/>
        <line num="143" count="1" type="stmt"/>
        <line num="145" count="1" type="stmt"/>
        <line num="148" count="1" type="cond" truecount="1" falsecount="1"/>
        <line num="149" count="1" type="stmt"/>
        <line num="150" count="0" type="cond" truecount="0" falsecount="2"/>
        <line num="152" count="0" type="stmt"/>
        <line num="157" count="1" type="stmt"/>
        <line num="158" count="1" type="stmt"/>
        <line num="160" count="1" type="stmt"/>
        <line num="165" count="0" type="stmt"/>
        <line num="169" count="6" type="stmt"/>
        <line num="170" count="0" type="stmt"/>
        <line num="173" count="6" type="stmt"/>
        <line num="175" count="0" type="stmt"/>
        <line num="176" count="0" type="stmt"/>
        <line num="181" count="6" type="stmt"/>
        <line num="183" count="6" type="stmt"/>
        <line num="184" count="6" type="cond" truecount="1" falsecount="1"/>
        <line num="185" count="0" type="stmt"/>
        <line num="187" count="6" type="cond" truecount="1" falsecount="1"/>
        <line num="188" count="6" type="stmt"/>
        <line num="193" count="17" type="cond" truecount="1" falsecount="0"/>
        <line num="194" count="9" type="stmt"/>
        <line num="195" count="9" type="stmt"/>
        <line num="198" count="9" type="stmt"/>
        <line num="200" count="9" type="stmt"/>
        <line num="202" count="9" type="stmt"/>
        <line num="203" count="9" type="stmt"/>
        <line num="204" count="9" type="stmt"/>
        <line num="205" count="9" type="stmt"/>
        <line num="207" count="9" type="stmt"/>
        <line num="209" count="9" type="stmt"/>
        <line num="210" count="9" type="stmt"/>
        <line num="211" count="0" type="stmt"/>
        <line num="212" count="0" type="stmt"/>
        <line num="216" count="0" type="stmt"/>
        <line num="220" count="17" type="stmt"/>
        <line num="221" count="0" type="stmt"/>
        <line num="222" count="0" type="stmt"/>
        <line num="223" count="0" type="cond" truecount="0" falsecount="2"/>
        <line num="224" count="0" type="cond" truecount="0" falsecount="2"/>
        <line num="227" count="17" type="stmt"/>
        <line num="228" count="0" type="cond" truecount="0" falsecount="2"/>
        <line num="229" count="0" type="stmt"/>
        <line num="230" count="0" type="stmt"/>
        <line num="234" count="17" type="stmt"/>
        <line num="235" count="0" type="stmt"/>
        <line num="236" count="0" type="cond" truecount="0" falsecount="2"/>
        <line num="237" count="0" type="cond" truecount="0" falsecount="2"/>
        <line num="241" count="17" type="stmt"/>
        <line num="242" count="6" type="cond" truecount="1" falsecount="1"/>
        <line num="243" count="6" type="stmt"/>
        <line num="248" count="17" type="stmt"/>
      </file>
      <file name="CodeBlockEnhancements.css" path="/Users/stefano/Documents/mdserve/frontend/src/CodeBlockEnhancements.css">
        <metrics statements="0" coveredstatements="0" conditionals="0" coveredconditionals="0" methods="0" coveredmethods="0"/>
      </file>
    </package>
    <package name="src.components">
      <metrics statements="193" coveredstatements="188" conditionals="114" coveredconditionals="96" methods="47" coveredmethods="46"/>
      <file name="CodeBlock.css" path="/Users/stefano/Documents/mdserve/frontend/src/components/CodeBlock.css">
        <metrics statements="0" coveredstatements="0" conditionals="0" coveredconditionals="0" methods="0" coveredmethods="0"/>
      </file>
      <file name="CodeBlock.tsx" path="/Users/stefano/Documents/mdserve/frontend/src/components/CodeBlock.tsx">
        <metrics statements="23" coveredstatements="23" conditionals="14" coveredconditionals="13" methods="7" coveredmethods="6"/>
        <line num="24" count="17" type="stmt"/>
        <line num="25" count="17" type="stmt"/>
        <line num="27" count="13" type="stmt"/>
        <line num="29" count="17" type="stmt"/>
        <line num="31" count="17" type="stmt"/>
        <line num="32" count="13" type="cond" truecount="1" falsecount="1"/>
        <line num="33" count="13" type="stmt"/>
        <line num="37" count="17" type="stmt"/>
        <line num="38" count="2" type="stmt"/>
        <line num="39" count="2" type="stmt"/>
        <line num="40" count="1" type="stmt"/>
        <line num="41" count="1" type="stmt"/>
        <line num="43" count="1" type="stmt"/>
        <line num="47" count="17" type="stmt"/>
        <line num="48" count="3" type="stmt"/>
        <line num="49" count="3" type="stmt"/>
        <line num="50" count="3" type="stmt"/>
        <line num="54" count="17" type="stmt"/>
        <line num="55" count="17" type="stmt"/>
        <line num="64" count="17" type="cond" truecount="2" falsecount="0"/>
        <line num="67" count="17" type="stmt"/>
        <line num="68" count="17" type="cond" truecount="2" falsecount="0"/>
        <line num="70" count="17" type="stmt"/>
      </file>
      <file name="FileTree.css" path="/Users/stefano/Documents/mdserve/frontend/src/components/FileTree.css">
        <metrics statements="0" coveredstatements="0" conditionals="0" coveredconditionals="0" methods="0" coveredmethods="0"/>
      </file>
      <file name="FileTree.tsx" path="/Users/stefano/Documents/mdserve/frontend/src/components/FileTree.tsx">
        <metrics statements="11" coveredstatements="11" conditionals="10" coveredconditionals="10" methods="6" coveredmethods="6"/>
        <line num="23" count="2" type="stmt"/>
        <line num="24" count="44" type="cond" truecount="2" falsecount="0"/>
        <line num="25" count="13" type="stmt"/>
        <line num="27" count="13" type="stmt"/>
        <line num="31" count="1" type="stmt"/>
        <line num="40" count="12" type="stmt"/>
        <line num="55" count="31" type="stmt"/>
        <line num="58" count="1" type="stmt"/>
        <line num="69" count="2" type="stmt"/>
        <line num="70" count="25" type="stmt"/>
        <line num="73" count="32" type="stmt"/>
      </file>
      <file name="MarkdownContent.tsx" path="/Users/stefano/Documents/mdserve/frontend/src/components/MarkdownContent.tsx">
        <metrics statements="74" coveredstatements="69" conditionals="50" coveredconditionals="39" methods="13" coveredmethods="13"/>
        <line num="16" count="1" type="stmt"/>
        <line num="18" count="1" type="stmt"/>
        <line num="19" count="7" type="stmt"/>
        <line num="20" count="4" type="cond" truecount="4" falsecount="0"/>
        <line num="22" count="3" type="stmt"/>
        <line num="23" count="3" type="stmt"/>
        <line num="27" count="1" type="stmt"/>
        <line num="32" count="5" type="stmt"/>
        <line num="33" count="42" type="stmt"/>
        <line num="34" count="42" type="stmt"/>
        <line num="36" count="42" type="stmt"/>
        <line num="38" count="42" type="stmt"/>
        <line num="40" count="962" type="cond" truecount="2" falsecount="0"/>
        <line num="41" count="599" type="stmt"/>
        <line num="45" count="363" type="cond" truecount="2" falsecount="0"/>
        <line num="46" count="361" type="stmt"/>
        <line num="47" count="361" type="stmt"/>
        <line num="50" count="361" type="cond" truecount="2" falsecount="0"/>
        <line num="51" count="8" type="stmt"/>
        <line num="52" count="8" type="cond" truecount="1" falsecount="1"/>
        <line num="53" count="8" type="stmt"/>
        <line num="54" count="8" type="stmt"/>
        <line num="56" count="8" type="cond" truecount="1" falsecount="1"/>
        <line num="57" count="8" type="cond" truecount="1" falsecount="1"/>
        <line num="58" count="8" type="cond" truecount="1" falsecount="1"/>
        <line num="61" count="8" type="cond" truecount="2" falsecount="0"/>
        <line num="62" count="4" type="stmt"/>
        <line num="66" count="4" type="stmt"/>
        <line num="72" count="353" type="cond" truecount="4" falsecount="0"/>
        <line num="73" count="34" type="stmt"/>
        <line num="74" count="34" type="cond" truecount="1" falsecount="1"/>
        <line num="75" count="34" type="stmt"/>
        <line num="76" count="34" type="stmt"/>
        <line num="79" count="34" type="stmt"/>
        <line num="80" count="80" type="stmt"/>
        <line num="81" count="46" type="stmt"/>
        <line num="82" count="46" type="cond" truecount="2" falsecount="0"/>
        <line num="84" count="34" type="stmt"/>
        <line num="99" count="319" type="cond" truecount="4" falsecount="0"/>
        <line num="100" count="9" type="stmt"/>
        <line num="101" count="9" type="cond" truecount="4" falsecount="0"/>
        <line num="103" count="6" type="stmt"/>
        <line num="106" count="6" type="stmt"/>
        <line num="107" count="6" type="stmt"/>
        <line num="111" count="6" type="stmt"/>
        <line num="112" count="6" type="stmt"/>
        <line num="113" count="6" type="stmt"/>
        <line num="114" count="6" type="cond" truecount="3" falsecount="1"/>
        <line num="115" count="0" type="cond" truecount="0" falsecount="2"/>
        <line num="116" count="0" type="stmt"/>
        <line num="117" count="0" type="cond" truecount="0" falsecount="2"/>
        <line num="118" count="0" type="stmt"/>
        <line num="120" count="0" type="stmt"/>
        <line num="126" count="6" type="stmt"/>
        <line num="127" count="6" type="stmt"/>
        <line num="128" count="6" type="stmt"/>
        <line num="129" count="6" type="stmt"/>
        <line num="132" count="6" type="stmt"/>
        <line num="137" count="313" type="stmt"/>
        <line num="138" count="726" type="stmt"/>
        <line num="142" count="313" type="stmt"/>
        <line num="143" count="313" type="stmt"/>
        <line num="144" count="62" type="stmt"/>
        <line num="145" count="62" type="cond" truecount="1" falsecount="1"/>
        <line num="147" count="62" type="cond" truecount="2" falsecount="0"/>
        <line num="148" count="10" type="stmt"/>
        <line num="149" count="52" type="cond" truecount="2" falsecount="0"/>
        <line num="152" count="1" type="stmt"/>
        <line num="156" count="51" type="stmt"/>
        <line num="162" count="313" type="stmt"/>
        <line num="165" count="2" type="stmt"/>
        <line num="169" count="42" type="stmt"/>
        <line num="170" count="184" type="stmt"/>
        <line num="173" count="42" type="stmt"/>
      </file>
      <file name="MermaidDiagram.css" path="/Users/stefano/Documents/mdserve/frontend/src/components/MermaidDiagram.css">
        <metrics statements="0" coveredstatements="0" conditionals="0" coveredconditionals="0" methods="0" coveredmethods="0"/>
      </file>
      <file name="MermaidDiagram.tsx" path="/Users/stefano/Documents/mdserve/frontend/src/components/MermaidDiagram.tsx">
        <metrics statements="23" coveredstatements="23" conditionals="18" coveredconditionals="15" methods="5" coveredmethods="5"/>
        <line num="10" count="6" type="stmt"/>
        <line num="13" count="10" type="stmt"/>
        <line num="14" count="10" type="stmt"/>
        <line num="15" count="10" type="stmt"/>
        <line num="17" count="10" type="stmt"/>
        <line num="18" count="9" type="cond" truecount="2" falsecount="0"/>
        <line num="19" count="2" type="stmt"/>
        <line num="35" count="2" type="stmt"/>
        <line num="39" count="10" type="stmt"/>
        <line num="40" count="9" type="stmt"/>
        <line num="41" count="9" type="cond" truecount="4" falsecount="0"/>
        <line num="43" count="8" type="stmt"/>
        <line num="44" count="8" type="stmt"/>
        <line num="47" count="8" type="stmt"/>
        <line num="50" count="8" type="stmt"/>
        <line num="52" count="7" type="cond" truecount="1" falsecount="1"/>
        <line num="53" count="7" type="stmt"/>
        <line num="56" count="1" type="stmt"/>
        <line num="57" count="1" type="cond" truecount="1" falsecount="1"/>
        <line num="61" count="9" type="stmt"/>
        <line num="64" count="10" type="cond" truecount="2" falsecount="0"/>
        <line num="65" count="1" type="stmt"/>
        <line num="77" count="9" type="stmt"/>
      </file>
      <file name="SidebarResizeHandle.css" path="/Users/stefano/Documents/mdserve/frontend/src/components/SidebarResizeHandle.css">
        <metrics statements="0" coveredstatements="0" conditionals="0" coveredconditionals="0" methods="0" coveredmethods="0"/>
      </file>
      <file name="SidebarResizeHandle.tsx" path="/Users/stefano/Documents/mdserve/frontend/src/components/SidebarResizeHandle.tsx">
        <metrics statements="36" coveredstatements="36" conditionals="12" coveredconditionals="10" methods="7" coveredmethods="7"/>
        <line num="11" count="2" type="stmt"/>
        <line num="12" count="6" type="cond" truecount="2" falsecount="0"/>
        <line num="13" count="6" type="cond" truecount="2" falsecount="0"/>
        <line num="17" count="23" type="stmt"/>
        <line num="18" count="23" type="stmt"/>
        <line num="19" count="23" type="stmt"/>
        <line num="21" count="23" type="stmt"/>
        <line num="22" count="23" type="stmt"/>
        <line num="23" count="4" type="stmt"/>
        <line num="24" count="4" type="stmt"/>
        <line num="25" count="4" type="stmt"/>
        <line num="26" count="4" type="stmt"/>
        <line num="27" count="4" type="stmt"/>
        <line num="28" count="4" type="stmt"/>
        <line num="31" count="23" type="stmt"/>
        <line num="32" count="5" type="cond" truecount="2" falsecount="0"/>
        <line num="34" count="4" type="stmt"/>
        <line num="35" count="4" type="stmt"/>
        <line num="38" count="23" type="stmt"/>
        <line num="39" count="3" type="cond" truecount="2" falsecount="0"/>
        <line num="40" count="2" type="stmt"/>
        <line num="41" count="2" type="stmt"/>
        <line num="42" count="2" type="stmt"/>
        <line num="43" count="2" type="stmt"/>
        <line num="44" count="2" type="stmt"/>
        <line num="48" count="23" type="stmt"/>
        <line num="49" count="23" type="cond" truecount="1" falsecount="1"/>
        <line num="50" count="23" type="stmt"/>
        <line num="53" count="23" type="stmt"/>
        <line num="54" count="23" type="stmt"/>
        <line num="56" count="23" type="stmt"/>
        <line num="57" count="23" type="cond" truecount="1" falsecount="1"/>
        <line num="58" count="23" type="stmt"/>
        <line num="60" count="23" type="stmt"/>
        <line num="61" count="23" type="stmt"/>
        <line num="65" count="23" type="stmt"/>
      </file>
      <file name="SidebarToggle.css" path="/Users/stefano/Documents/mdserve/frontend/src/components/SidebarToggle.css">
        <metrics statements="0" coveredstatements="0" conditionals="0" coveredconditionals="0" methods="0" coveredmethods="0"/>
      </file>
      <file name="SidebarToggle.tsx" path="/Users/stefano/Documents/mdserve/frontend/src/components/SidebarToggle.tsx">
        <metrics statements="1" coveredstatements="1" conditionals="2" coveredconditionals="1" methods="1" coveredmethods="1"/>
        <line num="9" count="16" type="stmt"/>
      </file>
      <file name="ThemeModal.css" path="/Users/stefano/Documents/mdserve/frontend/src/components/ThemeModal.css">
        <metrics statements="0" coveredstatements="0" conditionals="0" coveredconditionals="0" methods="0" coveredmethods="0"/>
      </file>
      <file name="ThemeModal.tsx" path="/Users/stefano/Documents/mdserve/frontend/src/components/ThemeModal.tsx">
        <metrics statements="9" coveredstatements="9" conditionals="6" coveredconditionals="6" methods="5" coveredmethods="5"/>
        <line num="19" count="2" type="stmt"/>
        <line num="58" count="28" type="cond" truecount="2" falsecount="0"/>
        <line num="60" count="11" type="stmt"/>
        <line num="61" count="6" type="cond" truecount="2" falsecount="0"/>
        <line num="62" count="1" type="stmt"/>
        <line num="66" count="11" type="stmt"/>
        <line num="72" count="55" type="stmt"/>
        <line num="76" count="4" type="stmt"/>
        <line num="82" count="165" type="stmt"/>
      </file>
      <file name="ThemeToggle.css" path="/Users/stefano/Documents/mdserve/frontend/src/components/ThemeToggle.css">
        <metrics statements="0" coveredstatements="0" conditionals="0" coveredconditionals="0" methods="0" coveredmethods="0"/>
      </file>
      <file name="ThemeToggle.tsx" path="/Users/stefano/Documents/mdserve/frontend/src/components/ThemeToggle.tsx">
        <metrics statements="1" coveredstatements="1" conditionals="0" coveredconditionals="0" methods="1" coveredmethods="1"/>
        <line num="8" count="16" type="stmt"/>
      </file>
      <file name="TodoCheckbox.tsx" path="/Users/stefano/Documents/mdserve/frontend/src/components/TodoCheckbox.tsx">
        <metrics statements="15" coveredstatements="15" conditionals="2" coveredconditionals="2" methods="2" coveredmethods="2"/>
        <line num="10" count="47" type="stmt"/>
        <line num="11" count="47" type="stmt"/>
        <line num="13" count="47" type="stmt"/>
        <line num="14" count="4" type="stmt"/>
        <line num="15" count="4" type="stmt"/>
        <line num="16" count="4" type="stmt"/>
        <line num="18" count="4" type="stmt"/>
        <line num="19" count="4" type="stmt"/>
        <line num="28" count="2" type="cond" truecount="2" falsecount="0"/>
        <line num="30" count="1" type="stmt"/>
        <line num="31" count="1" type="stmt"/>
        <line num="35" count="1" type="stmt"/>
        <line num="36" count="1" type="stmt"/>
        <line num="38" count="3" type="stmt"/>
        <line num="42" count="47" type="stmt"/>
      </file>
    </package>
    <package name="src.hooks">
      <metrics statements="79" coveredstatements="79" conditionals="17" coveredconditionals="17" methods="25" coveredmethods="25"/>
      <file name="useFolderState.ts" path="/Users/stefano/Documents/mdserve/frontend/src/hooks/useFolderState.ts">
        <metrics statements="26" coveredstatements="26" conditionals="6" coveredconditionals="6" methods="8" coveredmethods="8"/>
        <line num="4" count="2" type="stmt"/>
        <line num="5" count="9" type="stmt"/>
        <line num="9" count="33" type="stmt"/>
        <line num="11" count="14" type="stmt"/>
        <line num="12" count="14" type="cond" truecount="2" falsecount="0"/>
        <line num="15" count="33" type="stmt"/>
        <line num="16" count="6" type="stmt"/>
        <line num="17" count="6" type="stmt"/>
        <line num="18" count="6" type="cond" truecount="2" falsecount="0"/>
        <line num="19" count="1" type="stmt"/>
        <line num="20" count="1" type="stmt"/>
        <line num="22" count="5" type="stmt"/>
        <line num="23" count="5" type="stmt"/>
        <line num="25" count="6" type="stmt"/>
        <line num="26" count="6" type="stmt"/>
        <line num="30" count="33" type="stmt"/>
        <line num="31" count="4" type="stmt"/>
        <line num="32" count="4" type="cond" truecount="2" falsecount="0"/>
        <line num="33" count="3" type="stmt"/>
        <line num="34" count="3" type="stmt"/>
        <line num="35" count="3" type="stmt"/>
        <line num="36" count="3" type="stmt"/>
        <line num="37" count="3" type="stmt"/>
        <line num="41" count="33" type="stmt"/>
        <line num="42" count="11" type="stmt"/>
        <line num="45" count="33" type="stmt"/>
      </file>
      <file name="useSidebarCollapse.ts" path="/Users/stefano/Documents/mdserve/frontend/src/hooks/useSidebarCollapse.ts">
        <metrics statements="15" coveredstatements="15" conditionals="2" coveredconditionals="2" methods="6" coveredmethods="6"/>
        <line num="3" count="2" type="stmt"/>
        <line num="6" count="33" type="stmt"/>
        <line num="7" count="15" type="stmt"/>
        <line num="10" count="33" type="stmt"/>
        <line num="11" count="5" type="stmt"/>
        <line num="12" count="5" type="stmt"/>
        <line num="13" count="5" type="cond" truecount="2" falsecount="0"/>
        <line num="14" count="5" type="stmt"/>
        <line num="18" count="33" type="stmt"/>
        <line num="19" count="1" type="stmt"/>
        <line num="20" count="1" type="stmt"/>
        <line num="23" count="33" type="stmt"/>
        <line num="24" count="1" type="stmt"/>
        <line num="25" count="1" type="stmt"/>
        <line num="28" count="33" type="stmt"/>
      </file>
      <file name="useSidebarResize.ts" path="/Users/stefano/Documents/mdserve/frontend/src/hooks/useSidebarResize.ts">
        <metrics statements="21" coveredstatements="21" conditionals="7" coveredconditionals="7" methods="5" coveredmethods="5"/>
        <line num="3" count="2" type="stmt"/>
        <line num="4" count="2" type="stmt"/>
        <line num="5" count="2" type="stmt"/>
        <line num="8" count="32" type="stmt"/>
        <line num="9" count="13" type="stmt"/>
        <line num="10" count="13" type="cond" truecount="2" falsecount="0"/>
        <line num="11" count="13" type="stmt"/>
        <line num="14" count="32" type="stmt"/>
        <line num="15" count="32" type="stmt"/>
        <line num="17" count="32" type="cond" truecount="1" falsecount="0"/>
        <line num="18" count="4" type="stmt"/>
        <line num="19" count="4" type="stmt"/>
        <line num="20" count="4" type="stmt"/>
        <line num="22" count="4" type="cond" truecount="4" falsecount="0"/>
        <line num="23" count="3" type="stmt"/>
        <line num="27" count="32" type="stmt"/>
        <line num="28" count="2" type="stmt"/>
        <line num="31" count="32" type="stmt"/>
        <line num="32" count="2" type="stmt"/>
        <line num="34" count="2" type="stmt"/>
        <line num="37" count="32" type="stmt"/>
      </file>
      <file name="useTheme.ts" path="/Users/stefano/Documents/mdserve/frontend/src/hooks/useTheme.ts">
        <metrics statements="17" coveredstatements="17" conditionals="2" coveredconditionals="2" methods="6" coveredmethods="6"/>
        <line num="5" count="2" type="stmt"/>
        <line num="8" count="36" type="stmt"/>
        <line num="9" count="14" type="stmt"/>
        <line num="10" count="14" type="cond" truecount="2" falsecount="0"/>
        <line num="13" count="36" type="stmt"/>
        <line num="15" count="36" type="stmt"/>
        <line num="16" count="22" type="stmt"/>
        <line num="19" count="36" type="stmt"/>
        <line num="20" count="8" type="stmt"/>
        <line num="21" count="8" type="stmt"/>
        <line num="22" count="8" type="stmt"/>
        <line num="23" count="8" type="stmt"/>
        <line num="26" count="36" type="stmt"/>
        <line num="27" count="2" type="stmt"/>
        <line num="30" count="36" type="stmt"/>
        <line num="31" count="1" type="stmt"/>
        <line num="34" count="36" type="stmt"/>
      </file>
    </package>
    <package name="src.utils">
      <metrics statements="48" coveredstatements="48" conditionals="40" coveredconditionals="37" methods="9" coveredmethods="8"/>
      <file name="fileTree.ts" path="/Users/stefano/Documents/mdserve/frontend/src/utils/fileTree.ts">
        <metrics statements="26" coveredstatements="26" conditionals="12" coveredconditionals="10" methods="7" coveredmethods="6"/>
        <line num="16" count="23" type="stmt"/>
        <line num="23" count="23" type="stmt"/>
        <line num="24" count="33" type="stmt"/>
        <line num="25" count="33" type="stmt"/>
        <line num="27" count="33" type="stmt"/>
        <line num="28" count="45" type="stmt"/>
        <line num="29" count="45" type="stmt"/>
        <line num="30" count="45" type="stmt"/>
        <line num="32" count="45" type="cond" truecount="2" falsecount="0"/>
        <line num="33" count="1" type="stmt"/>
        <line num="36" count="45" type="stmt"/>
        <line num="38" count="45" type="cond" truecount="2" falsecount="0"/>
        <line num="39" count="40" type="stmt"/>
        <line num="45" count="40" type="stmt"/>
        <line num="46" count="40" type="stmt"/>
        <line num="49" count="45" type="cond" truecount="2" falsecount="0"/>
        <line num="50" count="12" type="stmt"/>
        <line num="56" count="23" type="cond" truecount="1" falsecount="1"/>
        <line num="61" count="39" type="stmt"/>
        <line num="62" count="39" type="stmt"/>
        <line num="65" count="30" type="stmt"/>
        <line num="66" count="30" type="stmt"/>
        <line num="69" count="30" type="stmt"/>
        <line num="70" count="7" type="cond" truecount="1" falsecount="1"/>
        <line num="71" count="7" type="stmt"/>
        <line num="76" count="30" type="stmt"/>
      </file>
      <file name="pathResolver.ts" path="/Users/stefano/Documents/mdserve/frontend/src/utils/pathResolver.ts">
        <metrics statements="22" coveredstatements="22" conditionals="28" coveredconditionals="27" methods="2" coveredmethods="2"/>
        <line num="9" count="24" type="cond" truecount="2" falsecount="0"/>
        <line num="10" count="1" type="stmt"/>
        <line num="14" count="23" type="cond" truecount="2" falsecount="0"/>
        <line num="19" count="24" type="stmt"/>
        <line num="20" count="24" type="cond" truecount="2" falsecount="0"/>
        <line num="23" count="24" type="stmt"/>
        <line num="24" count="52" type="cond" truecount="2" falsecount="0"/>
        <line num="26" count="15" type="cond" truecount="2" falsecount="0"/>
        <line num="27" count="14" type="stmt"/>
        <line num="29" count="37" type="cond" truecount="2" falsecount="0"/>
        <line num="31" count="4" type="stmt"/>
        <line num="32" count="33" type="cond" truecount="1" falsecount="1"/>
        <line num="34" count="33" type="stmt"/>
        <line num="39" count="23" type="stmt"/>
        <line num="48" count="27" type="cond" truecount="2" falsecount="0"/>
        <line num="51" count="25" type="cond" truecount="5" falsecount="0"/>
        <line num="52" count="4" type="stmt"/>
        <line num="56" count="21" type="cond" truecount="2" falsecount="0"/>
        <line num="58" count="2" type="stmt"/>
        <line num="62" count="19" type="cond" truecount="2" falsecount="0"/>
        <line num="63" count="3" type="stmt"/>
        <line num="67" count="16" type="cond" truecount="3" falsecount="0"/>
      </file>
    </package>
  </project>
</coverage>
