{"/Users/stefano/Documents/mdserve/frontend/src/App.css": {"path":"/Users/stefano/Documents/mdserve/frontend/src/App.css","statementMap":{},"fnMap":{},"branchMap":{},"s":{},"f":{},"b":{},"meta":{"lastBranch":0,"lastFunction":0,"lastStatement":0,"seen":{}}}
,"/Users/stefano/Documents/mdserve/frontend/src/App.tsx": {"path":"/Users/stefano/Documents/mdserve/frontend/src/App.tsx","statementMap":{"0":{"start":{"line":18,"column":0},"end":{"line":21,"column":null}},"1":{"start":{"line":25,"column":2},"end":{"line":27,"column":null}},"2":{"start":{"line":36,"column":20},"end":{"line":36,"column":null}},"3":{"start":{"line":37,"column":2},"end":{"line":46,"column":null}},"4":{"start":{"line":41,"column":6},"end":{"line":43,"column":null}},"5":{"start":{"line":42,"column":8},"end":{"line":42,"column":null}},"6":{"start":{"line":44,"column":6},"end":{"line":44,"column":null}},"7":{"start":{"line":50,"column":77},"end":{"line":50,"column":null}},"8":{"start":{"line":51,"column":49},"end":{"line":51,"column":null}},"9":{"start":{"line":52,"column":67},"end":{"line":52,"column":null}},"10":{"start":{"line":53,"column":61},"end":{"line":53,"column":null}},"11":{"start":{"line":54,"column":24},"end":{"line":54,"column":null}},"12":{"start":{"line":55,"column":28},"end":{"line":55,"column":null}},"13":{"start":{"line":56,"column":36},"end":{"line":56,"column":null}},"14":{"start":{"line":58,"column":8},"end":{"line":58,"column":null}},"15":{"start":{"line":58,"column":27},"end":{"line":58,"column":55}},"16":{"start":{"line":59,"column":8},"end":{"line":59,"column":null}},"17":{"start":{"line":60,"column":8},"end":{"line":60,"column":null}},"18":{"start":{"line":61,"column":8},"end":{"line":61,"column":null}},"19":{"start":{"line":62,"column":8},"end":{"line":62,"column":null}},"20":{"start":{"line":63,"column":8},"end":{"line":63,"column":null}},"21":{"start":{"line":66,"column":2},"end":{"line":68,"column":null}},"22":{"start":{"line":67,"column":4},"end":{"line":67,"column":null}},"23":{"start":{"line":70,"column":2},"end":{"line":95,"column":null}},"24":{"start":{"line":72,"column":4},"end":{"line":94,"column":null}},"25":{"start":{"line":73,"column":19},"end":{"line":73,"column":29}},"26":{"start":{"line":75,"column":8},"end":{"line":75,"column":null}},"27":{"start":{"line":77,"column":21},"end":{"line":77,"column":null}},"28":{"start":{"line":78,"column":8},"end":{"line":90,"column":null}},"29":{"start":{"line":80,"column":29},"end":{"line":80,"column":null}},"30":{"start":{"line":80,"column":61},"end":{"line":80,"column":76}},"31":{"start":{"line":81,"column":10},"end":{"line":86,"column":null}},"32":{"start":{"line":82,"column":12},"end":{"line":82,"column":null}},"33":{"start":{"line":83,"column":10},"end":{"line":86,"column":null}},"34":{"start":{"line":85,"column":12},"end":{"line":85,"column":null}},"35":{"start":{"line":87,"column":8},"end":{"line":90,"column":null}},"36":{"start":{"line":89,"column":10},"end":{"line":89,"column":null}},"37":{"start":{"line":93,"column":8},"end":{"line":93,"column":null}},"38":{"start":{"line":97,"column":2},"end":{"line":191,"column":null}},"39":{"start":{"line":98,"column":31},"end":{"line":98,"column":null}},"40":{"start":{"line":99,"column":42},"end":{"line":99,"column":null}},"41":{"start":{"line":101,"column":20},"end":{"line":179,"column":null}},"42":{"start":{"line":102,"column":23},"end":{"line":102,"column":null}},"43":{"start":{"line":103,"column":20},"end":{"line":103,"column":null}},"44":{"start":{"line":104,"column":6},"end":{"line":104,"column":null}},"45":{"start":{"line":106,"column":6},"end":{"line":167,"column":null}},"46":{"start":{"line":107,"column":8},"end":{"line":166,"column":null}},"47":{"start":{"line":108,"column":26},"end":{"line":108,"column":null}},"48":{"start":{"line":109,"column":10},"end":{"line":163,"column":null}},"49":{"start":{"line":111,"column":12},"end":{"line":113,"column":null}},"50":{"start":{"line":112,"column":14},"end":{"line":112,"column":null}},"51":{"start":{"line":114,"column":10},"end":{"line":163,"column":null}},"52":{"start":{"line":116,"column":10},"end":{"line":120,"column":null}},"53":{"start":{"line":117,"column":25},"end":{"line":117,"column":35}},"54":{"start":{"line":119,"column":14},"end":{"line":119,"column":null}},"55":{"start":{"line":121,"column":8},"end":{"line":163,"column":null}},"56":{"start":{"line":123,"column":10},"end":{"line":125,"column":null}},"57":{"start":{"line":124,"column":12},"end":{"line":124,"column":null}},"58":{"start":{"line":127,"column":10},"end":{"line":131,"column":null}},"59":{"start":{"line":128,"column":25},"end":{"line":128,"column":35}},"60":{"start":{"line":130,"column":14},"end":{"line":130,"column":null}},"61":{"start":{"line":132,"column":8},"end":{"line":163,"column":null}},"62":{"start":{"line":134,"column":10},"end":{"line":162,"column":null}},"63":{"start":{"line":136,"column":29},"end":{"line":136,"column":null}},"64":{"start":{"line":136,"column":74},"end":{"line":136,"column":80}},"65":{"start":{"line":139,"column":12},"end":{"line":154,"column":null}},"66":{"start":{"line":140,"column":27},"end":{"line":140,"column":37}},"67":{"start":{"line":142,"column":33},"end":{"line":142,"column":null}},"68":{"start":{"line":142,"column":64},"end":{"line":142,"column":70}},"69":{"start":{"line":143,"column":35},"end":{"line":143,"column":null}},"70":{"start":{"line":143,"column":69},"end":{"line":143,"column":88}},"71":{"start":{"line":145,"column":16},"end":{"line":145,"column":null}},"72":{"start":{"line":148,"column":16},"end":{"line":153,"column":null}},"73":{"start":{"line":149,"column":18},"end":{"line":149,"column":null}},"74":{"start":{"line":150,"column":16},"end":{"line":153,"column":null}},"75":{"start":{"line":152,"column":18},"end":{"line":152,"column":null}},"76":{"start":{"line":157,"column":12},"end":{"line":161,"column":null}},"77":{"start":{"line":158,"column":27},"end":{"line":158,"column":37}},"78":{"start":{"line":160,"column":16},"end":{"line":160,"column":null}},"79":{"start":{"line":165,"column":10},"end":{"line":165,"column":null}},"80":{"start":{"line":169,"column":6},"end":{"line":171,"column":null}},"81":{"start":{"line":170,"column":8},"end":{"line":170,"column":null}},"82":{"start":{"line":173,"column":6},"end":{"line":178,"column":null}},"83":{"start":{"line":175,"column":8},"end":{"line":177,"column":null}},"84":{"start":{"line":176,"column":10},"end":{"line":176,"column":null}},"85":{"start":{"line":181,"column":4},"end":{"line":181,"column":null}},"86":{"start":{"line":183,"column":4},"end":{"line":190,"column":null}},"87":{"start":{"line":184,"column":6},"end":{"line":186,"column":null}},"88":{"start":{"line":185,"column":8},"end":{"line":185,"column":null}},"89":{"start":{"line":187,"column":6},"end":{"line":189,"column":null}},"90":{"start":{"line":188,"column":8},"end":{"line":188,"column":null}},"91":{"start":{"line":193,"column":19},"end":{"line":218,"column":null}},"92":{"start":{"line":194,"column":4},"end":{"line":217,"column":null}},"93":{"start":{"line":195,"column":19},"end":{"line":195,"column":29}},"94":{"start":{"line":198,"column":19},"end":{"line":198,"column":null}},"95":{"start":{"line":200,"column":8},"end":{"line":200,"column":null}},"96":{"start":{"line":202,"column":8},"end":{"line":202,"column":null}},"97":{"start":{"line":203,"column":8},"end":{"line":203,"column":null}},"98":{"start":{"line":204,"column":8},"end":{"line":204,"column":null}},"99":{"start":{"line":205,"column":8},"end":{"line":205,"column":null}},"100":{"start":{"line":207,"column":8},"end":{"line":207,"column":null}},"101":{"start":{"line":209,"column":22},"end":{"line":209,"column":null}},"102":{"start":{"line":210,"column":8},"end":{"line":213,"column":null}},"103":{"start":{"line":210,"column":21},"end":{"line":210,"column":24}},"104":{"start":{"line":211,"column":29},"end":{"line":211,"column":null}},"105":{"start":{"line":212,"column":10},"end":{"line":212,"column":null}},"106":{"start":{"line":216,"column":8},"end":{"line":216,"column":null}},"107":{"start":{"line":220,"column":28},"end":{"line":225,"column":null}},"108":{"start":{"line":221,"column":4},"end":{"line":221,"column":null}},"109":{"start":{"line":222,"column":4},"end":{"line":222,"column":null}},"110":{"start":{"line":223,"column":4},"end":{"line":223,"column":null}},"111":{"start":{"line":223,"column":28},"end":{"line":223,"column":null}},"112":{"start":{"line":224,"column":4},"end":{"line":224,"column":null}},"113":{"start":{"line":224,"column":28},"end":{"line":224,"column":null}},"114":{"start":{"line":227,"column":23},"end":{"line":232,"column":null}},"115":{"start":{"line":228,"column":4},"end":{"line":231,"column":null}},"116":{"start":{"line":229,"column":23},"end":{"line":229,"column":null}},"117":{"start":{"line":230,"column":6},"end":{"line":230,"column":null}},"118":{"start":{"line":234,"column":26},"end":{"line":238,"column":null}},"119":{"start":{"line":235,"column":4},"end":{"line":235,"column":null}},"120":{"start":{"line":236,"column":4},"end":{"line":236,"column":null}},"121":{"start":{"line":236,"column":28},"end":{"line":236,"column":null}},"122":{"start":{"line":237,"column":4},"end":{"line":237,"column":null}},"123":{"start":{"line":237,"column":28},"end":{"line":237,"column":null}},"124":{"start":{"line":241,"column":2},"end":{"line":244,"column":null}},"125":{"start":{"line":242,"column":25},"end":{"line":242,"column":null}},"126":{"start":{"line":243,"column":4},"end":{"line":243,"column":null}},"127":{"start":{"line":248,"column":2},"end":{"line":280,"column":null}}},"fnMap":{"0":{"name":"wrapTablesForScroll","decl":{"start":{"line":24,"column":9},"end":{"line":24,"column":29}},"loc":{"start":{"line":24,"column":51},"end":{"line":28,"column":null}},"line":24},"1":{"name":"rewriteImagePaths","decl":{"start":{"line":31,"column":9},"end":{"line":31,"column":27}},"loc":{"start":{"line":31,"column":68},"end":{"line":47,"column":null}},"line":31},"2":{"name":"(anonymous_2)","decl":{"start":{"line":39,"column":4},"end":{"line":39,"column":5}},"loc":{"start":{"line":39,"column":27},"end":{"line":45,"column":null}},"line":39},"3":{"name":"App","decl":{"start":{"line":49,"column":9},"end":{"line":49,"column":15}},"loc":{"start":{"line":49,"column":15},"end":{"line":282,"column":null}},"line":49},"4":{"name":"(anonymous_4)","decl":{"start":{"line":58,"column":27},"end":{"line":58,"column":33}},"loc":{"start":{"line":58,"column":27},"end":{"line":58,"column":55}},"line":58},"5":{"name":"(anonymous_5)","decl":{"start":{"line":66,"column":12},"end":{"line":66,"column":18}},"loc":{"start":{"line":66,"column":18},"end":{"line":68,"column":5}},"line":66},"6":{"name":"(anonymous_6)","decl":{"start":{"line":70,"column":12},"end":{"line":70,"column":18}},"loc":{"start":{"line":70,"column":18},"end":{"line":95,"column":5}},"line":70},"7":{"name":"(anonymous_7)","decl":{"start":{"line":73,"column":12},"end":{"line":73,"column":19}},"loc":{"start":{"line":73,"column":19},"end":{"line":73,"column":29}},"line":73},"8":{"name":"(anonymous_8)","decl":{"start":{"line":74,"column":12},"end":{"line":74,"column":20}},"loc":{"start":{"line":74,"column":20},"end":{"line":91,"column":7}},"line":74},"9":{"name":"(anonymous_9)","decl":{"start":{"line":80,"column":45},"end":{"line":80,"column":46}},"loc":{"start":{"line":80,"column":61},"end":{"line":80,"column":76}},"line":80},"10":{"name":"(anonymous_10)","decl":{"start":{"line":92,"column":13},"end":{"line":92,"column":20}},"loc":{"start":{"line":92,"column":20},"end":{"line":94,"column":7}},"line":92},"11":{"name":"(anonymous_11)","decl":{"start":{"line":97,"column":12},"end":{"line":97,"column":18}},"loc":{"start":{"line":97,"column":18},"end":{"line":191,"column":5}},"line":97},"12":{"name":"(anonymous_12)","decl":{"start":{"line":101,"column":20},"end":{"line":101,"column":26}},"loc":{"start":{"line":101,"column":26},"end":{"line":179,"column":null}},"line":101},"13":{"name":"(anonymous_13)","decl":{"start":{"line":106,"column":21},"end":{"line":106,"column":22}},"loc":{"start":{"line":106,"column":32},"end":{"line":167,"column":null}},"line":106},"14":{"name":"(anonymous_14)","decl":{"start":{"line":117,"column":18},"end":{"line":117,"column":25}},"loc":{"start":{"line":117,"column":25},"end":{"line":117,"column":35}},"line":117},"15":{"name":"(anonymous_15)","decl":{"start":{"line":118,"column":18},"end":{"line":118,"column":26}},"loc":{"start":{"line":118,"column":26},"end":{"line":120,"column":13}},"line":118},"16":{"name":"(anonymous_16)","decl":{"start":{"line":128,"column":18},"end":{"line":128,"column":25}},"loc":{"start":{"line":128,"column":25},"end":{"line":128,"column":35}},"line":128},"17":{"name":"(anonymous_17)","decl":{"start":{"line":129,"column":18},"end":{"line":129,"column":26}},"loc":{"start":{"line":129,"column":26},"end":{"line":131,"column":13}},"line":129},"18":{"name":"(anonymous_18)","decl":{"start":{"line":136,"column":58},"end":{"line":136,"column":59}},"loc":{"start":{"line":136,"column":74},"end":{"line":136,"column":80}},"line":136},"19":{"name":"(anonymous_19)","decl":{"start":{"line":140,"column":20},"end":{"line":140,"column":27}},"loc":{"start":{"line":140,"column":27},"end":{"line":140,"column":37}},"line":140},"20":{"name":"(anonymous_20)","decl":{"start":{"line":141,"column":20},"end":{"line":141,"column":28}},"loc":{"start":{"line":141,"column":28},"end":{"line":154,"column":15}},"line":141},"21":{"name":"(anonymous_21)","decl":{"start":{"line":142,"column":48},"end":{"line":142,"column":49}},"loc":{"start":{"line":142,"column":64},"end":{"line":142,"column":70}},"line":142},"22":{"name":"(anonymous_22)","decl":{"start":{"line":143,"column":51},"end":{"line":143,"column":52}},"loc":{"start":{"line":143,"column":69},"end":{"line":143,"column":88}},"line":143},"23":{"name":"(anonymous_23)","decl":{"start":{"line":158,"column":20},"end":{"line":158,"column":27}},"loc":{"start":{"line":158,"column":27},"end":{"line":158,"column":37}},"line":158},"24":{"name":"(anonymous_24)","decl":{"start":{"line":159,"column":20},"end":{"line":159,"column":28}},"loc":{"start":{"line":159,"column":28},"end":{"line":161,"column":15}},"line":159},"25":{"name":"(anonymous_25)","decl":{"start":{"line":169,"column":19},"end":{"line":169,"column":20}},"loc":{"start":{"line":169,"column":30},"end":{"line":171,"column":null}},"line":169},"26":{"name":"(anonymous_26)","decl":{"start":{"line":173,"column":19},"end":{"line":173,"column":25}},"loc":{"start":{"line":173,"column":25},"end":{"line":178,"column":null}},"line":173},"27":{"name":"(anonymous_27)","decl":{"start":{"line":175,"column":38},"end":{"line":175,"column":44}},"loc":{"start":{"line":175,"column":44},"end":{"line":177,"column":11}},"line":175},"28":{"name":"(anonymous_28)","decl":{"start":{"line":183,"column":11},"end":{"line":183,"column":17}},"loc":{"start":{"line":183,"column":17},"end":{"line":190,"column":null}},"line":183},"29":{"name":"(anonymous_29)","decl":{"start":{"line":193,"column":19},"end":{"line":193,"column":20}},"loc":{"start":{"line":193,"column":62},"end":{"line":218,"column":null}},"line":193},"30":{"name":"(anonymous_30)","decl":{"start":{"line":195,"column":12},"end":{"line":195,"column":19}},"loc":{"start":{"line":195,"column":19},"end":{"line":195,"column":29}},"line":195},"31":{"name":"(anonymous_31)","decl":{"start":{"line":196,"column":12},"end":{"line":196,"column":20}},"loc":{"start":{"line":196,"column":20},"end":{"line":214,"column":7}},"line":196},"32":{"name":"(anonymous_32)","decl":{"start":{"line":215,"column":13},"end":{"line":215,"column":20}},"loc":{"start":{"line":215,"column":20},"end":{"line":217,"column":7}},"line":215},"33":{"name":"(anonymous_33)","decl":{"start":{"line":220,"column":28},"end":{"line":220,"column":34}},"loc":{"start":{"line":220,"column":34},"end":{"line":225,"column":null}},"line":220},"34":{"name":"(anonymous_34)","decl":{"start":{"line":227,"column":23},"end":{"line":227,"column":24}},"loc":{"start":{"line":227,"column":43},"end":{"line":232,"column":null}},"line":227},"35":{"name":"(anonymous_35)","decl":{"start":{"line":234,"column":26},"end":{"line":234,"column":32}},"loc":{"start":{"line":234,"column":32},"end":{"line":238,"column":null}},"line":234},"36":{"name":"(anonymous_36)","decl":{"start":{"line":241,"column":12},"end":{"line":241,"column":18}},"loc":{"start":{"line":241,"column":18},"end":{"line":244,"column":5}},"line":241}},"branchMap":{"0":{"loc":{"start":{"line":31,"column":41},"end":{"line":31,"column":68}},"type":"default-arg","locations":[{"start":{"line":31,"column":53},"end":{"line":31,"column":68}}],"line":31},"1":{"loc":{"start":{"line":36,"column":20},"end":{"line":36,"column":null}},"type":"cond-expr","locations":[{"start":{"line":36,"column":32},"end":{"line":36,"column":53}},{"start":{"line":36,"column":53},"end":{"line":36,"column":null}}],"line":36},"2":{"loc":{"start":{"line":41,"column":6},"end":{"line":43,"column":null}},"type":"if","locations":[{"start":{"line":41,"column":6},"end":{"line":43,"column":null}},{"start":{},"end":{}}],"line":41},"3":{"loc":{"start":{"line":41,"column":10},"end":{"line":41,"column":93}},"type":"binary-expr","locations":[{"start":{"line":41,"column":10},"end":{"line":41,"column":40}},{"start":{"line":41,"column":40},"end":{"line":41,"column":71}},{"start":{"line":41,"column":71},"end":{"line":41,"column":93}}],"line":41},"4":{"loc":{"start":{"line":78,"column":8},"end":{"line":90,"column":null}},"type":"if","locations":[{"start":{"line":78,"column":8},"end":{"line":90,"column":null}},{"start":{"line":87,"column":8},"end":{"line":90,"column":null}}],"line":78},"5":{"loc":{"start":{"line":81,"column":10},"end":{"line":86,"column":null}},"type":"if","locations":[{"start":{"line":81,"column":10},"end":{"line":86,"column":null}},{"start":{"line":83,"column":10},"end":{"line":86,"column":null}}],"line":81},"6":{"loc":{"start":{"line":83,"column":10},"end":{"line":86,"column":null}},"type":"if","locations":[{"start":{"line":83,"column":10},"end":{"line":86,"column":null}},{"start":{},"end":{}}],"line":83},"7":{"loc":{"start":{"line":87,"column":8},"end":{"line":90,"column":null}},"type":"if","locations":[{"start":{"line":87,"column":8},"end":{"line":90,"column":null}},{"start":{},"end":{}}],"line":87},"8":{"loc":{"start":{"line":102,"column":23},"end":{"line":102,"column":null}},"type":"cond-expr","locations":[{"start":{"line":102,"column":63},"end":{"line":102,"column":72}},{"start":{"line":102,"column":72},"end":{"line":102,"column":null}}],"line":102},"9":{"loc":{"start":{"line":109,"column":10},"end":{"line":163,"column":null}},"type":"if","locations":[{"start":{"line":109,"column":10},"end":{"line":163,"column":null}},{"start":{"line":114,"column":10},"end":{"line":163,"column":null}}],"line":109},"10":{"loc":{"start":{"line":111,"column":12},"end":{"line":113,"column":null}},"type":"if","locations":[{"start":{"line":111,"column":12},"end":{"line":113,"column":null}},{"start":{},"end":{}}],"line":111},"11":{"loc":{"start":{"line":114,"column":10},"end":{"line":163,"column":null}},"type":"if","locations":[{"start":{"line":114,"column":10},"end":{"line":163,"column":null}},{"start":{"line":121,"column":8},"end":{"line":163,"column":null}}],"line":114},"12":{"loc":{"start":{"line":121,"column":8},"end":{"line":163,"column":null}},"type":"if","locations":[{"start":{"line":121,"column":8},"end":{"line":163,"column":null}},{"start":{"line":132,"column":8},"end":{"line":163,"column":null}}],"line":121},"13":{"loc":{"start":{"line":123,"column":10},"end":{"line":125,"column":null}},"type":"if","locations":[{"start":{"line":123,"column":10},"end":{"line":125,"column":null}},{"start":{},"end":{}}],"line":123},"14":{"loc":{"start":{"line":132,"column":8},"end":{"line":163,"column":null}},"type":"if","locations":[{"start":{"line":132,"column":8},"end":{"line":163,"column":null}},{"start":{},"end":{}}],"line":132},"15":{"loc":{"start":{"line":134,"column":10},"end":{"line":162,"column":null}},"type":"if","locations":[{"start":{"line":134,"column":10},"end":{"line":162,"column":null}},{"start":{"line":155,"column":17},"end":{"line":162,"column":null}}],"line":134},"16":{"loc":{"start":{"line":148,"column":16},"end":{"line":153,"column":null}},"type":"if","locations":[{"start":{"line":148,"column":16},"end":{"line":153,"column":null}},{"start":{"line":150,"column":16},"end":{"line":153,"column":null}}],"line":148},"17":{"loc":{"start":{"line":150,"column":16},"end":{"line":153,"column":null}},"type":"if","locations":[{"start":{"line":150,"column":16},"end":{"line":153,"column":null}},{"start":{},"end":{}}],"line":150},"18":{"loc":{"start":{"line":184,"column":6},"end":{"line":186,"column":null}},"type":"if","locations":[{"start":{"line":184,"column":6},"end":{"line":186,"column":null}},{"start":{},"end":{}}],"line":184},"19":{"loc":{"start":{"line":187,"column":6},"end":{"line":189,"column":null}},"type":"if","locations":[{"start":{"line":187,"column":6},"end":{"line":189,"column":null}},{"start":{},"end":{}}],"line":187},"20":{"loc":{"start":{"line":193,"column":34},"end":{"line":193,"column":62}},"type":"default-arg","locations":[{"start":{"line":193,"column":52},"end":{"line":193,"column":62}}],"line":193},"21":{"loc":{"start":{"line":223,"column":4},"end":{"line":223,"column":null}},"type":"if","locations":[{"start":{"line":223,"column":4},"end":{"line":223,"column":null}},{"start":{},"end":{}}],"line":223},"22":{"loc":{"start":{"line":224,"column":4},"end":{"line":224,"column":null}},"type":"if","locations":[{"start":{"line":224,"column":4},"end":{"line":224,"column":null}},{"start":{},"end":{}}],"line":224},"23":{"loc":{"start":{"line":228,"column":4},"end":{"line":231,"column":null}},"type":"if","locations":[{"start":{"line":228,"column":4},"end":{"line":231,"column":null}},{"start":{},"end":{}}],"line":228},"24":{"loc":{"start":{"line":236,"column":4},"end":{"line":236,"column":null}},"type":"if","locations":[{"start":{"line":236,"column":4},"end":{"line":236,"column":null}},{"start":{},"end":{}}],"line":236},"25":{"loc":{"start":{"line":237,"column":4},"end":{"line":237,"column":null}},"type":"if","locations":[{"start":{"line":237,"column":4},"end":{"line":237,"column":null}},{"start":{},"end":{}}],"line":237},"26":{"loc":{"start":{"line":242,"column":25},"end":{"line":242,"column":null}},"type":"cond-expr","locations":[{"start":{"line":242,"column":39},"end":{"line":242,"column":56}},{"start":{"line":242,"column":56},"end":{"line":242,"column":null}}],"line":242},"27":{"loc":{"start":{"line":249,"column":27},"end":{"line":249,"column":65}},"type":"cond-expr","locations":[{"start":{"line":249,"column":41},"end":{"line":249,"column":63}},{"start":{"line":249,"column":63},"end":{"line":249,"column":65}}],"line":249},"28":{"loc":{"start":{"line":269,"column":9},"end":{"line":274,"column":null}},"type":"binary-expr","locations":[{"start":{"line":269,"column":9},"end":{"line":269,"column":null}},{"start":{"line":270,"column":10},"end":{"line":274,"column":null}}],"line":269},"29":{"loc":{"start":{"line":278,"column":9},"end":{"line":278,"column":null}},"type":"binary-expr","locations":[{"start":{"line":278,"column":9},"end":{"line":278,"column":20}},{"start":{"line":278,"column":20},"end":{"line":278,"column":null}}],"line":278}},"s":{"0":1,"1":9,"2":9,"3":9,"4":0,"5":0,"6":0,"7":17,"8":17,"9":17,"10":17,"11":17,"12":17,"13":17,"14":17,"15":16,"16":17,"17":17,"18":17,"19":17,"20":17,"21":17,"22":16,"23":17,"24":6,"25":6,"26":6,"27":6,"28":6,"29":5,"30":9,"31":5,"32":3,"33":2,"34":2,"35":1,"36":1,"37":0,"38":17,"39":6,"40":6,"41":6,"42":6,"43":6,"44":6,"45":6,"46":5,"47":5,"48":5,"49":1,"50":1,"51":4,"52":1,"53":1,"54":1,"55":3,"56":1,"57":1,"58":1,"59":1,"60":1,"61":2,"62":2,"63":1,"64":0,"65":1,"66":1,"67":1,"68":1,"69":1,"70":1,"71":1,"72":1,"73":1,"74":0,"75":0,"76":1,"77":1,"78":1,"79":0,"80":6,"81":0,"82":6,"83":0,"84":0,"85":6,"86":6,"87":6,"88":0,"89":6,"90":6,"91":17,"92":9,"93":9,"94":9,"95":9,"96":9,"97":9,"98":9,"99":9,"100":9,"101":9,"102":9,"103":9,"104":0,"105":0,"106":0,"107":17,"108":0,"109":0,"110":0,"111":0,"112":0,"113":0,"114":17,"115":0,"116":0,"117":0,"118":17,"119":0,"120":0,"121":0,"122":0,"123":0,"124":17,"125":6,"126":6,"127":17},"f":{"0":9,"1":9,"2":0,"3":17,"4":16,"5":16,"6":6,"7":6,"8":6,"9":9,"10":0,"11":6,"12":6,"13":5,"14":1,"15":1,"16":1,"17":1,"18":0,"19":1,"20":1,"21":1,"22":1,"23":1,"24":1,"25":0,"26":0,"27":0,"28":6,"29":9,"30":9,"31":9,"32":0,"33":0,"34":0,"35":0,"36":6},"b":{"0":[9],"1":[1,8],"2":[0,0],"3":[0,0,0],"4":[5,1],"5":[3,2],"6":[2,0],"7":[1,0],"8":[0,6],"9":[1,4],"10":[1,0],"11":[1,3],"12":[1,2],"13":[1,0],"14":[2,0],"15":[1,1],"16":[1,0],"17":[0,0],"18":[0,6],"19":[6,0],"20":[9],"21":[0,0],"22":[0,0],"23":[0,0],"24":[0,0],"25":[0,0],"26":[0,6],"27":[0,17],"28":[17,17],"29":[17,11]},"meta":{"lastBranch":30,"lastFunction":37,"lastStatement":128,"seen":{"s:18:0:21:Infinity":0,"f:24:9:24:29":0,"s:25:2:27:Infinity":1,"f:31:9:31:27":1,"b:31:53:31:68":0,"s:36:20:36:Infinity":2,"b:36:32:36:53:36:53:36:Infinity":1,"s:37:2:46:Infinity":3,"f:39:4:39:5":2,"b:41:6:43:Infinity:undefined:undefined:undefined:undefined":2,"s:41:6:43:Infinity":4,"b:41:10:41:40:41:40:41:71:41:71:41:93":3,"s:42:8:42:Infinity":5,"s:44:6:44:Infinity":6,"f:49:9:49:15":3,"s:50:77:50:Infinity":7,"s:51:49:51:Infinity":8,"s:52:67:52:Infinity":9,"s:53:61:53:Infinity":10,"s:54:24:54:Infinity":11,"s:55:28:55:Infinity":12,"s:56:36:56:Infinity":13,"s:58:8:58:Infinity":14,"f:58:27:58:33":4,"s:58:27:58:55":15,"s:59:8:59:Infinity":16,"s:60:8:60:Infinity":17,"s:61:8:61:Infinity":18,"s:62:8:62:Infinity":19,"s:63:8:63:Infinity":20,"s:66:2:68:Infinity":21,"f:66:12:66:18":5,"s:67:4:67:Infinity":22,"s:70:2:95:Infinity":23,"f:70:12:70:18":6,"s:72:4:94:Infinity":24,"f:73:12:73:19":7,"s:73:19:73:29":25,"f:74:12:74:20":8,"s:75:8:75:Infinity":26,"s:77:21:77:Infinity":27,"b:78:8:90:Infinity:87:8:90:Infinity":4,"s:78:8:90:Infinity":28,"s:80:29:80:Infinity":29,"f:80:45:80:46":9,"s:80:61:80:76":30,"b:81:10:86:Infinity:83:10:86:Infinity":5,"s:81:10:86:Infinity":31,"s:82:12:82:Infinity":32,"b:83:10:86:Infinity:undefined:undefined:undefined:undefined":6,"s:83:10:86:Infinity":33,"s:85:12:85:Infinity":34,"b:87:8:90:Infinity:undefined:undefined:undefined:undefined":7,"s:87:8:90:Infinity":35,"s:89:10:89:Infinity":36,"f:92:13:92:20":10,"s:93:8:93:Infinity":37,"s:97:2:191:Infinity":38,"f:97:12:97:18":11,"s:98:31:98:Infinity":39,"s:99:42:99:Infinity":40,"s:101:20:179:Infinity":41,"f:101:20:101:26":12,"s:102:23:102:Infinity":42,"b:102:63:102:72:102:72:102:Infinity":8,"s:103:20:103:Infinity":43,"s:104:6:104:Infinity":44,"s:106:6:167:Infinity":45,"f:106:21:106:22":13,"s:107:8:166:Infinity":46,"s:108:26:108:Infinity":47,"b:109:10:163:Infinity:114:10:163:Infinity":9,"s:109:10:163:Infinity":48,"b:111:12:113:Infinity:undefined:undefined:undefined:undefined":10,"s:111:12:113:Infinity":49,"s:112:14:112:Infinity":50,"b:114:10:163:Infinity:121:8:163:Infinity":11,"s:114:10:163:Infinity":51,"s:116:10:120:Infinity":52,"f:117:18:117:25":14,"s:117:25:117:35":53,"f:118:18:118:26":15,"s:119:14:119:Infinity":54,"b:121:8:163:Infinity:132:8:163:Infinity":12,"s:121:8:163:Infinity":55,"b:123:10:125:Infinity:undefined:undefined:undefined:undefined":13,"s:123:10:125:Infinity":56,"s:124:12:124:Infinity":57,"s:127:10:131:Infinity":58,"f:128:18:128:25":16,"s:128:25:128:35":59,"f:129:18:129:26":17,"s:130:14:130:Infinity":60,"b:132:8:163:Infinity:undefined:undefined:undefined:undefined":14,"s:132:8:163:Infinity":61,"b:134:10:162:Infinity:155:17:162:Infinity":15,"s:134:10:162:Infinity":62,"s:136:29:136:Infinity":63,"f:136:58:136:59":18,"s:136:74:136:80":64,"s:139:12:154:Infinity":65,"f:140:20:140:27":19,"s:140:27:140:37":66,"f:141:20:141:28":20,"s:142:33:142:Infinity":67,"f:142:48:142:49":21,"s:142:64:142:70":68,"s:143:35:143:Infinity":69,"f:143:51:143:52":22,"s:143:69:143:88":70,"s:145:16:145:Infinity":71,"b:148:16:153:Infinity:150:16:153:Infinity":16,"s:148:16:153:Infinity":72,"s:149:18:149:Infinity":73,"b:150:16:153:Infinity:undefined:undefined:undefined:undefined":17,"s:150:16:153:Infinity":74,"s:152:18:152:Infinity":75,"s:157:12:161:Infinity":76,"f:158:20:158:27":23,"s:158:27:158:37":77,"f:159:20:159:28":24,"s:160:16:160:Infinity":78,"s:165:10:165:Infinity":79,"s:169:6:171:Infinity":80,"f:169:19:169:20":25,"s:170:8:170:Infinity":81,"s:173:6:178:Infinity":82,"f:173:19:173:25":26,"s:175:8:177:Infinity":83,"f:175:38:175:44":27,"s:176:10:176:Infinity":84,"s:181:4:181:Infinity":85,"s:183:4:190:Infinity":86,"f:183:11:183:17":28,"b:184:6:186:Infinity:undefined:undefined:undefined:undefined":18,"s:184:6:186:Infinity":87,"s:185:8:185:Infinity":88,"b:187:6:189:Infinity:undefined:undefined:undefined:undefined":19,"s:187:6:189:Infinity":89,"s:188:8:188:Infinity":90,"s:193:19:218:Infinity":91,"f:193:19:193:20":29,"b:193:52:193:62":20,"s:194:4:217:Infinity":92,"f:195:12:195:19":30,"s:195:19:195:29":93,"f:196:12:196:20":31,"s:198:19:198:Infinity":94,"s:200:8:200:Infinity":95,"s:202:8:202:Infinity":96,"s:203:8:203:Infinity":97,"s:204:8:204:Infinity":98,"s:205:8:205:Infinity":99,"s:207:8:207:Infinity":100,"s:209:22:209:Infinity":101,"s:210:8:213:Infinity":102,"s:210:21:210:24":103,"s:211:29:211:Infinity":104,"s:212:10:212:Infinity":105,"f:215:13:215:20":32,"s:216:8:216:Infinity":106,"s:220:28:225:Infinity":107,"f:220:28:220:34":33,"s:221:4:221:Infinity":108,"s:222:4:222:Infinity":109,"b:223:4:223:Infinity:undefined:undefined:undefined:undefined":21,"s:223:4:223:Infinity":110,"s:223:28:223:Infinity":111,"b:224:4:224:Infinity:undefined:undefined:undefined:undefined":22,"s:224:4:224:Infinity":112,"s:224:28:224:Infinity":113,"s:227:23:232:Infinity":114,"f:227:23:227:24":34,"b:228:4:231:Infinity:undefined:undefined:undefined:undefined":23,"s:228:4:231:Infinity":115,"s:229:23:229:Infinity":116,"s:230:6:230:Infinity":117,"s:234:26:238:Infinity":118,"f:234:26:234:32":35,"s:235:4:235:Infinity":119,"b:236:4:236:Infinity:undefined:undefined:undefined:undefined":24,"s:236:4:236:Infinity":120,"s:236:28:236:Infinity":121,"b:237:4:237:Infinity:undefined:undefined:undefined:undefined":25,"s:237:4:237:Infinity":122,"s:237:28:237:Infinity":123,"s:241:2:244:Infinity":124,"f:241:12:241:18":36,"s:242:25:242:Infinity":125,"b:242:39:242:56:242:56:242:Infinity":26,"s:243:4:243:Infinity":126,"s:248:2:280:Infinity":127,"b:249:41:249:63:249:63:249:65":27,"b:269:9:269:Infinity:270:10:274:Infinity":28,"b:278:9:278:20:278:20:278:Infinity":29}}}
,"/Users/stefano/Documents/mdserve/frontend/src/CodeBlockEnhancements.css": {"path":"/Users/stefano/Documents/mdserve/frontend/src/CodeBlockEnhancements.css","statementMap":{},"fnMap":{},"branchMap":{},"s":{},"f":{},"b":{},"meta":{"lastBranch":0,"lastFunction":0,"lastStatement":0,"seen":{}}}
,"/Users/stefano/Documents/mdserve/frontend/src/components/CodeBlock.css": {"path":"/Users/stefano/Documents/mdserve/frontend/src/components/CodeBlock.css","statementMap":{},"fnMap":{},"branchMap":{},"s":{},"f":{},"b":{},"meta":{"lastBranch":0,"lastFunction":0,"lastStatement":0,"seen":{}}}
,"/Users/stefano/Documents/mdserve/frontend/src/components/CodeBlock.tsx": {"path":"/Users/stefano/Documents/mdserve/frontend/src/components/CodeBlock.tsx","statementMap":{"0":{"start":{"line":24,"column":8},"end":{"line":24,"column":null}},"1":{"start":{"line":25,"column":44},"end":{"line":28,"column":null}},"2":{"start":{"line":27,"column":4},"end":{"line":27,"column":null}},"3":{"start":{"line":29,"column":26},"end":{"line":29,"column":null}},"4":{"start":{"line":31,"column":2},"end":{"line":35,"column":null}},"5":{"start":{"line":32,"column":4},"end":{"line":34,"column":null}},"6":{"start":{"line":33,"column":6},"end":{"line":33,"column":null}},"7":{"start":{"line":37,"column":21},"end":{"line":45,"column":null}},"8":{"start":{"line":38,"column":4},"end":{"line":44,"column":null}},"9":{"start":{"line":39,"column":6},"end":{"line":39,"column":null}},"10":{"start":{"line":40,"column":6},"end":{"line":40,"column":null}},"11":{"start":{"line":41,"column":6},"end":{"line":41,"column":null}},"12":{"start":{"line":41,"column":23},"end":{"line":41,"column":41}},"13":{"start":{"line":43,"column":6},"end":{"line":43,"column":null}},"14":{"start":{"line":47,"column":28},"end":{"line":51,"column":null}},"15":{"start":{"line":48,"column":21},"end":{"line":48,"column":null}},"16":{"start":{"line":49,"column":4},"end":{"line":49,"column":null}},"17":{"start":{"line":50,"column":4},"end":{"line":50,"column":null}},"18":{"start":{"line":54,"column":27},"end":{"line":65,"column":null}},"19":{"start":{"line":55,"column":44},"end":{"line":63,"column":null}},"20":{"start":{"line":64,"column":4},"end":{"line":64,"column":null}},"21":{"start":{"line":67,"column":24},"end":{"line":67,"column":null}},"22":{"start":{"line":68,"column":26},"end":{"line":68,"column":null}},"23":{"start":{"line":70,"column":2},"end":{"line":114,"column":null}}},"fnMap":{"0":{"name":"CodeBlock","decl":{"start":{"line":23,"column":16},"end":{"line":23,"column":26}},"loc":{"start":{"line":23,"column":62},"end":{"line":116,"column":null}},"line":23},"1":{"name":"(anonymous_1)","decl":{"start":{"line":25,"column":57},"end":{"line":25,"column":63}},"loc":{"start":{"line":25,"column":63},"end":{"line":28,"column":3}},"line":25},"2":{"name":"(anonymous_2)","decl":{"start":{"line":31,"column":12},"end":{"line":31,"column":18}},"loc":{"start":{"line":31,"column":18},"end":{"line":35,"column":5}},"line":31},"3":{"name":"(anonymous_3)","decl":{"start":{"line":37,"column":21},"end":{"line":37,"column":33}},"loc":{"start":{"line":37,"column":33},"end":{"line":45,"column":null}},"line":37},"4":{"name":"(anonymous_4)","decl":{"start":{"line":41,"column":17},"end":{"line":41,"column":23}},"loc":{"start":{"line":41,"column":23},"end":{"line":41,"column":41}},"line":41},"5":{"name":"(anonymous_5)","decl":{"start":{"line":47,"column":28},"end":{"line":47,"column":34}},"loc":{"start":{"line":47,"column":34},"end":{"line":51,"column":null}},"line":47},"6":{"name":"(anonymous_6)","decl":{"start":{"line":54,"column":27},"end":{"line":54,"column":28}},"loc":{"start":{"line":54,"column":53},"end":{"line":65,"column":null}},"line":54}},"branchMap":{"0":{"loc":{"start":{"line":32,"column":4},"end":{"line":34,"column":null}},"type":"if","locations":[{"start":{"line":32,"column":4},"end":{"line":34,"column":null}},{"start":{},"end":{}}],"line":32},"1":{"loc":{"start":{"line":64,"column":11},"end":{"line":64,"column":null}},"type":"binary-expr","locations":[{"start":{"line":64,"column":11},"end":{"line":64,"column":28}},{"start":{"line":64,"column":28},"end":{"line":64,"column":null}}],"line":64},"2":{"loc":{"start":{"line":68,"column":26},"end":{"line":68,"column":null}},"type":"cond-expr","locations":[{"start":{"line":68,"column":44},"end":{"line":68,"column":61}},{"start":{"line":68,"column":61},"end":{"line":68,"column":null}}],"line":68},"3":{"loc":{"start":{"line":76,"column":41},"end":{"line":76,"column":72}},"type":"cond-expr","locations":[{"start":{"line":76,"column":59},"end":{"line":76,"column":70}},{"start":{"line":76,"column":70},"end":{"line":76,"column":72}}],"line":76},"4":{"loc":{"start":{"line":91,"column":41},"end":{"line":91,"column":63}},"type":"cond-expr","locations":[{"start":{"line":91,"column":50},"end":{"line":91,"column":61}},{"start":{"line":91,"column":61},"end":{"line":91,"column":63}}],"line":91},"5":{"loc":{"start":{"line":94,"column":19},"end":{"line":94,"column":null}},"type":"cond-expr","locations":[{"start":{"line":94,"column":28},"end":{"line":94,"column":40}},{"start":{"line":94,"column":40},"end":{"line":94,"column":null}}],"line":94},"6":{"loc":{"start":{"line":96,"column":13},"end":{"line":104,"column":null}},"type":"cond-expr","locations":[{"start":{"line":97,"column":14},"end":{"line":99,"column":null}},{"start":{"line":101,"column":14},"end":{"line":104,"column":null}}],"line":96}},"s":{"0":17,"1":17,"2":13,"3":17,"4":17,"5":13,"6":13,"7":17,"8":2,"9":2,"10":1,"11":1,"12":0,"13":1,"14":17,"15":3,"16":3,"17":3,"18":17,"19":17,"20":17,"21":17,"22":17,"23":17},"f":{"0":17,"1":13,"2":13,"3":2,"4":0,"5":3,"6":17},"b":{"0":[13,0],"1":[17,16],"2":[2,15],"3":[2,15],"4":[1,16],"5":[1,16],"6":[1,16]},"meta":{"lastBranch":7,"lastFunction":7,"lastStatement":24,"seen":{"f:23:16:23:26":0,"s:24:8:24:Infinity":0,"s:25:44:28:Infinity":1,"f:25:57:25:63":1,"s:27:4:27:Infinity":2,"s:29:26:29:Infinity":3,"s:31:2:35:Infinity":4,"f:31:12:31:18":2,"b:32:4:34:Infinity:undefined:undefined:undefined:undefined":0,"s:32:4:34:Infinity":5,"s:33:6:33:Infinity":6,"s:37:21:45:Infinity":7,"f:37:21:37:33":3,"s:38:4:44:Infinity":8,"s:39:6:39:Infinity":9,"s:40:6:40:Infinity":10,"s:41:6:41:Infinity":11,"f:41:17:41:23":4,"s:41:23:41:41":12,"s:43:6:43:Infinity":13,"s:47:28:51:Infinity":14,"f:47:28:47:34":5,"s:48:21:48:Infinity":15,"s:49:4:49:Infinity":16,"s:50:4:50:Infinity":17,"s:54:27:65:Infinity":18,"f:54:27:54:28":6,"s:55:44:63:Infinity":19,"s:64:4:64:Infinity":20,"b:64:11:64:28:64:28:64:Infinity":1,"s:67:24:67:Infinity":21,"s:68:26:68:Infinity":22,"b:68:44:68:61:68:61:68:Infinity":2,"s:70:2:114:Infinity":23,"b:76:59:76:70:76:70:76:72":3,"b:91:50:91:61:91:61:91:63":4,"b:94:28:94:40:94:40:94:Infinity":5,"b:97:14:99:Infinity:101:14:104:Infinity":6}}}
,"/Users/stefano/Documents/mdserve/frontend/src/components/FileTree.css": {"path":"/Users/stefano/Documents/mdserve/frontend/src/components/FileTree.css","statementMap":{},"fnMap":{},"branchMap":{},"s":{},"f":{},"b":{},"meta":{"lastBranch":0,"lastFunction":0,"lastStatement":0,"seen":{}}}
,"/Users/stefano/Documents/mdserve/frontend/src/components/FileTree.tsx": {"path":"/Users/stefano/Documents/mdserve/frontend/src/components/FileTree.tsx","statementMap":{"0":{"start":{"line":23,"column":6},"end":{"line":66,"column":null}},"1":{"start":{"line":24,"column":2},"end":{"line":53,"column":null}},"2":{"start":{"line":25,"column":21},"end":{"line":25,"column":null}},"3":{"start":{"line":27,"column":4},"end":{"line":51,"column":null}},"4":{"start":{"line":31,"column":25},"end":{"line":31,"column":null}},"5":{"start":{"line":40,"column":14},"end":{"line":47,"column":null}},"6":{"start":{"line":55,"column":2},"end":{"line":64,"column":null}},"7":{"start":{"line":58,"column":23},"end":{"line":58,"column":null}},"8":{"start":{"line":69,"column":13},"end":{"line":84,"column":null}},"9":{"start":{"line":70,"column":2},"end":{"line":82,"column":null}},"10":{"start":{"line":73,"column":8},"end":{"line":80,"column":null}}},"fnMap":{"0":{"name":"TreeNode2","decl":{"start":{"line":23,"column":31},"end":{"line":23,"column":40}},"loc":{"start":{"line":23,"column":124},"end":{"line":66,"column":1}},"line":23},"1":{"name":"(anonymous_1)","decl":{"start":{"line":31,"column":19},"end":{"line":31,"column":25}},"loc":{"start":{"line":31,"column":25},"end":{"line":31,"column":null}},"line":31},"2":{"name":"(anonymous_2)","decl":{"start":{"line":39,"column":31},"end":{"line":39,"column":null}},"loc":{"start":{"line":40,"column":14},"end":{"line":47,"column":null}},"line":40},"3":{"name":"(anonymous_3)","decl":{"start":{"line":58,"column":17},"end":{"line":58,"column":23}},"loc":{"start":{"line":58,"column":23},"end":{"line":58,"column":null}},"line":58},"4":{"name":"FileTree2","decl":{"start":{"line":69,"column":38},"end":{"line":69,"column":47}},"loc":{"start":{"line":69,"column":128},"end":{"line":84,"column":1}},"line":69},"5":{"name":"(anonymous_5)","decl":{"start":{"line":72,"column":17},"end":{"line":72,"column":null}},"loc":{"start":{"line":73,"column":8},"end":{"line":80,"column":null}},"line":73}},"branchMap":{"0":{"loc":{"start":{"line":24,"column":2},"end":{"line":53,"column":null}},"type":"if","locations":[{"start":{"line":24,"column":2},"end":{"line":53,"column":null}},{"start":{},"end":{}}],"line":24},"1":{"loc":{"start":{"line":33,"column":43},"end":{"line":33,"column":69}},"type":"cond-expr","locations":[{"start":{"line":33,"column":54},"end":{"line":33,"column":67}},{"start":{"line":33,"column":67},"end":{"line":33,"column":69}}],"line":33},"2":{"loc":{"start":{"line":37,"column":9},"end":{"line":49,"column":null}},"type":"binary-expr","locations":[{"start":{"line":37,"column":9},"end":{"line":37,"column":21}},{"start":{"line":37,"column":21},"end":{"line":37,"column":38}},{"start":{"line":37,"column":38},"end":{"line":37,"column":null}},{"start":{"line":38,"column":10},"end":{"line":49,"column":null}}],"line":37},"3":{"loc":{"start":{"line":59,"column":19},"end":{"line":59,"column":null}},"type":"cond-expr","locations":[{"start":{"line":59,"column":47},"end":{"line":59,"column":58}},{"start":{"line":59,"column":58},"end":{"line":59,"column":null}}],"line":59}},"s":{"0":2,"1":44,"2":13,"3":13,"4":1,"5":12,"6":31,"7":1,"8":2,"9":25,"10":32},"f":{"0":44,"1":1,"2":12,"3":1,"4":25,"5":32},"b":{"0":[13,31],"1":[7,6],"2":[13,7,7,7],"3":[15,16]},"meta":{"lastBranch":4,"lastFunction":6,"lastStatement":11,"seen":{"s:23:6:66:Infinity":0,"f:23:31:23:40":0,"b:24:2:53:Infinity:undefined:undefined:undefined:undefined":0,"s:24:2:53:Infinity":1,"s:25:21:25:Infinity":2,"s:27:4:51:Infinity":3,"f:31:19:31:25":1,"s:31:25:31:Infinity":4,"b:33:54:33:67:33:67:33:69":1,"b:37:9:37:21:37:21:37:38:37:38:37:Infinity:38:10:49:Infinity":2,"f:39:31:39:Infinity":2,"s:40:14:47:Infinity":5,"s:55:2:64:Infinity":6,"f:58:17:58:23":3,"s:58:23:58:Infinity":7,"b:59:47:59:58:59:58:59:Infinity":3,"s:69:13:84:Infinity":8,"f:69:38:69:47":4,"s:70:2:82:Infinity":9,"f:72:17:72:Infinity":5,"s:73:8:80:Infinity":10}}}
,"/Users/stefano/Documents/mdserve/frontend/src/components/MarkdownContent.tsx": {"path":"/Users/stefano/Documents/mdserve/frontend/src/components/MarkdownContent.tsx","statementMap":{"0":{"start":{"line":16,"column":43},"end":{"line":16,"column":null}},"1":{"start":{"line":18,"column":2},"end":{"line":25,"column":null}},"2":{"start":{"line":19,"column":30},"end":{"line":19,"column":null}},"3":{"start":{"line":19,"column":55},"end":{"line":19,"column":63}},"4":{"start":{"line":20,"column":4},"end":{"line":24,"column":null}},"5":{"start":{"line":22,"column":28},"end":{"line":22,"column":null}},"6":{"start":{"line":22,"column":73},"end":{"line":22,"column":93}},"7":{"start":{"line":23,"column":6},"end":{"line":23,"column":null}},"8":{"start":{"line":27,"column":2},"end":{"line":27,"column":null}},"9":{"start":{"line":32,"column":13},"end":{"line":174,"column":null}},"10":{"start":{"line":33,"column":17},"end":{"line":33,"column":null}},"11":{"start":{"line":34,"column":14},"end":{"line":34,"column":null}},"12":{"start":{"line":36,"column":18},"end":{"line":36,"column":null}},"13":{"start":{"line":38,"column":29},"end":{"line":166,"column":null}},"14":{"start":{"line":40,"column":4},"end":{"line":42,"column":null}},"15":{"start":{"line":41,"column":6},"end":{"line":41,"column":null}},"16":{"start":{"line":45,"column":4},"end":{"line":163,"column":null}},"17":{"start":{"line":46,"column":22},"end":{"line":46,"column":null}},"18":{"start":{"line":47,"column":22},"end":{"line":47,"column":null}},"19":{"start":{"line":50,"column":6},"end":{"line":69,"column":null}},"20":{"start":{"line":51,"column":28},"end":{"line":51,"column":null}},"21":{"start":{"line":52,"column":8},"end":{"line":68,"column":null}},"22":{"start":{"line":53,"column":28},"end":{"line":53,"column":null}},"23":{"start":{"line":54,"column":32},"end":{"line":54,"column":null}},"24":{"start":{"line":56,"column":10},"end":{"line":67,"column":null}},"25":{"start":{"line":57,"column":29},"end":{"line":57,"column":null}},"26":{"start":{"line":58,"column":25},"end":{"line":58,"column":null}},"27":{"start":{"line":61,"column":12},"end":{"line":63,"column":null}},"28":{"start":{"line":62,"column":14},"end":{"line":62,"column":null}},"29":{"start":{"line":66,"column":12},"end":{"line":66,"column":null}},"30":{"start":{"line":72,"column":6},"end":{"line":96,"column":null}},"31":{"start":{"line":73,"column":25},"end":{"line":73,"column":null}},"32":{"start":{"line":74,"column":8},"end":{"line":95,"column":null}},"33":{"start":{"line":75,"column":28},"end":{"line":75,"column":null}},"34":{"start":{"line":76,"column":31},"end":{"line":76,"column":null}},"35":{"start":{"line":79,"column":27},"end":{"line":82,"column":null}},"36":{"start":{"line":80,"column":29},"end":{"line":80,"column":47}},"37":{"start":{"line":81,"column":31},"end":{"line":81,"column":59}},"38":{"start":{"line":82,"column":29},"end":{"line":82,"column":59}},"39":{"start":{"line":84,"column":10},"end":{"line":93,"column":null}},"40":{"start":{"line":99,"column":6},"end":{"line":134,"column":null}},"41":{"start":{"line":100,"column":21},"end":{"line":100,"column":null}},"42":{"start":{"line":101,"column":8},"end":{"line":133,"column":null}},"43":{"start":{"line":103,"column":16},"end":{"line":103,"column":null}},"44":{"start":{"line":106,"column":27},"end":{"line":108,"column":null}},"45":{"start":{"line":107,"column":12},"end":{"line":107,"column":null}},"46":{"start":{"line":111,"column":45},"end":{"line":111,"column":null}},"47":{"start":{"line":112,"column":10},"end":{"line":123,"column":null}},"48":{"start":{"line":112,"column":23},"end":{"line":112,"column":26}},"49":{"start":{"line":113,"column":25},"end":{"line":113,"column":null}},"50":{"start":{"line":114,"column":12},"end":{"line":122,"column":null}},"51":{"start":{"line":115,"column":14},"end":{"line":121,"column":null}},"52":{"start":{"line":116,"column":16},"end":{"line":116,"column":null}},"53":{"start":{"line":117,"column":14},"end":{"line":121,"column":null}},"54":{"start":{"line":118,"column":16},"end":{"line":118,"column":null}},"55":{"start":{"line":120,"column":16},"end":{"line":120,"column":null}},"56":{"start":{"line":126,"column":10},"end":{"line":126,"column":null}},"57":{"start":{"line":127,"column":10},"end":{"line":130,"column":null}},"58":{"start":{"line":128,"column":12},"end":{"line":128,"column":null}},"59":{"start":{"line":129,"column":12},"end":{"line":129,"column":null}},"60":{"start":{"line":132,"column":10},"end":{"line":132,"column":null}},"61":{"start":{"line":137,"column":23},"end":{"line":139,"column":null}},"62":{"start":{"line":138,"column":8},"end":{"line":138,"column":null}},"63":{"start":{"line":142,"column":41},"end":{"line":142,"column":null}},"64":{"start":{"line":143,"column":6},"end":{"line":159,"column":null}},"65":{"start":{"line":143,"column":19},"end":{"line":143,"column":22}},"66":{"start":{"line":144,"column":21},"end":{"line":144,"column":null}},"67":{"start":{"line":145,"column":8},"end":{"line":158,"column":null}},"68":{"start":{"line":147,"column":10},"end":{"line":157,"column":null}},"69":{"start":{"line":148,"column":12},"end":{"line":148,"column":null}},"70":{"start":{"line":149,"column":10},"end":{"line":157,"column":null}},"71":{"start":{"line":152,"column":12},"end":{"line":152,"column":null}},"72":{"start":{"line":156,"column":12},"end":{"line":156,"column":null}},"73":{"start":{"line":162,"column":6},"end":{"line":162,"column":null}},"74":{"start":{"line":165,"column":4},"end":{"line":165,"column":null}},"75":{"start":{"line":169,"column":24},"end":{"line":171,"column":null}},"76":{"start":{"line":170,"column":4},"end":{"line":170,"column":null}},"77":{"start":{"line":173,"column":2},"end":{"line":173,"column":null}}},"fnMap":{"0":{"name":"parseStyleString","decl":{"start":{"line":15,"column":9},"end":{"line":15,"column":26}},"loc":{"start":{"line":15,"column":68},"end":{"line":28,"column":null}},"line":15},"1":{"name":"(anonymous_1)","decl":{"start":{"line":18,"column":30},"end":{"line":18,"column":38}},"loc":{"start":{"line":18,"column":38},"end":{"line":25,"column":3}},"line":18},"2":{"name":"(anonymous_2)","decl":{"start":{"line":19,"column":50},"end":{"line":19,"column":55}},"loc":{"start":{"line":19,"column":55},"end":{"line":19,"column":63}},"line":19},"3":{"name":"(anonymous_3)","decl":{"start":{"line":22,"column":58},"end":{"line":22,"column":59}},"loc":{"start":{"line":22,"column":73},"end":{"line":22,"column":93}},"line":22},"4":{"name":"MarkdownContent2","decl":{"start":{"line":32,"column":45},"end":{"line":32,"column":61}},"loc":{"start":{"line":32,"column":123},"end":{"line":174,"column":1}},"line":32},"5":{"name":"(anonymous_5)","decl":{"start":{"line":38,"column":29},"end":{"line":38,"column":30}},"loc":{"start":{"line":38,"column":69},"end":{"line":166,"column":null}},"line":38},"6":{"name":"(anonymous_6)","decl":{"start":{"line":80,"column":20},"end":{"line":80,"column":29}},"loc":{"start":{"line":80,"column":29},"end":{"line":80,"column":47}},"line":80},"7":{"name":"(anonymous_7)","decl":{"start":{"line":81,"column":17},"end":{"line":81,"column":18}},"loc":{"start":{"line":81,"column":31},"end":{"line":81,"column":59}},"line":81},"8":{"name":"(anonymous_8)","decl":{"start":{"line":82,"column":20},"end":{"line":82,"column":29}},"loc":{"start":{"line":82,"column":29},"end":{"line":82,"column":59}},"line":82},"9":{"name":"(anonymous_9)","decl":{"start":{"line":106,"column":62},"end":{"line":106,"column":63}},"loc":{"start":{"line":107,"column":12},"end":{"line":107,"column":null}},"line":107},"10":{"name":"(anonymous_10)","decl":{"start":{"line":127,"column":26},"end":{"line":127,"column":27}},"loc":{"start":{"line":127,"column":51},"end":{"line":130,"column":null}},"line":127},"11":{"name":"(anonymous_11)","decl":{"start":{"line":137,"column":58},"end":{"line":137,"column":59}},"loc":{"start":{"line":138,"column":8},"end":{"line":138,"column":null}},"line":138},"12":{"name":"(anonymous_12)","decl":{"start":{"line":169,"column":60},"end":{"line":169,"column":61}},"loc":{"start":{"line":170,"column":4},"end":{"line":170,"column":null}},"line":170}},"branchMap":{"0":{"loc":{"start":{"line":20,"column":4},"end":{"line":24,"column":null}},"type":"if","locations":[{"start":{"line":20,"column":4},"end":{"line":24,"column":null}},{"start":{},"end":{}}],"line":20},"1":{"loc":{"start":{"line":20,"column":8},"end":{"line":20,"column":27}},"type":"binary-expr","locations":[{"start":{"line":20,"column":8},"end":{"line":20,"column":20}},{"start":{"line":20,"column":20},"end":{"line":20,"column":27}}],"line":20},"2":{"loc":{"start":{"line":40,"column":4},"end":{"line":42,"column":null}},"type":"if","locations":[{"start":{"line":40,"column":4},"end":{"line":42,"column":null}},{"start":{},"end":{}}],"line":40},"3":{"loc":{"start":{"line":45,"column":4},"end":{"line":163,"column":null}},"type":"if","locations":[{"start":{"line":45,"column":4},"end":{"line":163,"column":null}},{"start":{},"end":{}}],"line":45},"4":{"loc":{"start":{"line":50,"column":6},"end":{"line":69,"column":null}},"type":"if","locations":[{"start":{"line":50,"column":6},"end":{"line":69,"column":null}},{"start":{},"end":{}}],"line":50},"5":{"loc":{"start":{"line":52,"column":8},"end":{"line":68,"column":null}},"type":"if","locations":[{"start":{"line":52,"column":8},"end":{"line":68,"column":null}},{"start":{},"end":{}}],"line":52},"6":{"loc":{"start":{"line":56,"column":10},"end":{"line":67,"column":null}},"type":"if","locations":[{"start":{"line":56,"column":10},"end":{"line":67,"column":null}},{"start":{},"end":{}}],"line":56},"7":{"loc":{"start":{"line":57,"column":29},"end":{"line":57,"column":null}},"type":"binary-expr","locations":[{"start":{"line":57,"column":29},"end":{"line":57,"column":49}},{"start":{"line":57,"column":49},"end":{"line":57,"column":null}}],"line":57},"8":{"loc":{"start":{"line":58,"column":25},"end":{"line":58,"column":null}},"type":"binary-expr","locations":[{"start":{"line":58,"column":25},"end":{"line":58,"column":52}},{"start":{"line":58,"column":52},"end":{"line":58,"column":null}}],"line":58},"9":{"loc":{"start":{"line":61,"column":12},"end":{"line":63,"column":null}},"type":"if","locations":[{"start":{"line":61,"column":12},"end":{"line":63,"column":null}},{"start":{},"end":{}}],"line":61},"10":{"loc":{"start":{"line":72,"column":6},"end":{"line":96,"column":null}},"type":"if","locations":[{"start":{"line":72,"column":6},"end":{"line":96,"column":null}},{"start":{},"end":{}}],"line":72},"11":{"loc":{"start":{"line":72,"column":10},"end":{"line":72,"column":79}},"type":"binary-expr","locations":[{"start":{"line":72,"column":10},"end":{"line":72,"column":30}},{"start":{"line":72,"column":30},"end":{"line":72,"column":79}}],"line":72},"12":{"loc":{"start":{"line":74,"column":8},"end":{"line":95,"column":null}},"type":"if","locations":[{"start":{"line":74,"column":8},"end":{"line":95,"column":null}},{"start":{},"end":{}}],"line":74},"13":{"loc":{"start":{"line":82,"column":29},"end":{"line":82,"column":59}},"type":"binary-expr","locations":[{"start":{"line":82,"column":29},"end":{"line":82,"column":45}},{"start":{"line":82,"column":45},"end":{"line":82,"column":59}}],"line":82},"14":{"loc":{"start":{"line":99,"column":6},"end":{"line":134,"column":null}},"type":"if","locations":[{"start":{"line":99,"column":6},"end":{"line":134,"column":null}},{"start":{},"end":{}}],"line":99},"15":{"loc":{"start":{"line":99,"column":10},"end":{"line":99,"column":42}},"type":"binary-expr","locations":[{"start":{"line":99,"column":10},"end":{"line":99,"column":29}},{"start":{"line":99,"column":29},"end":{"line":99,"column":42}}],"line":99},"16":{"loc":{"start":{"line":101,"column":8},"end":{"line":133,"column":null}},"type":"if","locations":[{"start":{"line":101,"column":8},"end":{"line":133,"column":null}},{"start":{},"end":{}}],"line":101},"17":{"loc":{"start":{"line":101,"column":12},"end":{"line":101,"column":50}},"type":"binary-expr","locations":[{"start":{"line":101,"column":12},"end":{"line":101,"column":20}},{"start":{"line":101,"column":12},"end":{"line":101,"column":50}}],"line":101},"18":{"loc":{"start":{"line":114,"column":12},"end":{"line":122,"column":null}},"type":"if","locations":[{"start":{"line":114,"column":12},"end":{"line":122,"column":null}},{"start":{},"end":{}}],"line":114},"19":{"loc":{"start":{"line":114,"column":16},"end":{"line":114,"column":46}},"type":"binary-expr","locations":[{"start":{"line":114,"column":16},"end":{"line":114,"column":24}},{"start":{"line":114,"column":24},"end":{"line":114,"column":46}}],"line":114},"20":{"loc":{"start":{"line":115,"column":14},"end":{"line":121,"column":null}},"type":"if","locations":[{"start":{"line":115,"column":14},"end":{"line":121,"column":null}},{"start":{"line":117,"column":14},"end":{"line":121,"column":null}}],"line":115},"21":{"loc":{"start":{"line":117,"column":14},"end":{"line":121,"column":null}},"type":"if","locations":[{"start":{"line":117,"column":14},"end":{"line":121,"column":null}},{"start":{"line":119,"column":21},"end":{"line":121,"column":null}}],"line":117},"22":{"loc":{"start":{"line":145,"column":8},"end":{"line":158,"column":null}},"type":"if","locations":[{"start":{"line":145,"column":8},"end":{"line":158,"column":null}},{"start":{},"end":{}}],"line":145},"23":{"loc":{"start":{"line":147,"column":10},"end":{"line":157,"column":null}},"type":"if","locations":[{"start":{"line":147,"column":10},"end":{"line":157,"column":null}},{"start":{"line":149,"column":10},"end":{"line":157,"column":null}}],"line":147},"24":{"loc":{"start":{"line":149,"column":10},"end":{"line":157,"column":null}},"type":"if","locations":[{"start":{"line":149,"column":10},"end":{"line":157,"column":null}},{"start":{"line":155,"column":15},"end":{"line":157,"column":null}}],"line":149}},"s":{"0":1,"1":1,"2":4,"3":7,"4":4,"5":3,"6":2,"7":3,"8":1,"9":5,"10":42,"11":42,"12":42,"13":42,"14":962,"15":599,"16":363,"17":361,"18":361,"19":361,"20":8,"21":8,"22":8,"23":8,"24":8,"25":8,"26":8,"27":8,"28":4,"29":4,"30":353,"31":34,"32":34,"33":34,"34":34,"35":34,"36":80,"37":46,"38":46,"39":34,"40":319,"41":9,"42":9,"43":6,"44":6,"45":6,"46":6,"47":6,"48":6,"49":6,"50":6,"51":0,"52":0,"53":0,"54":0,"55":0,"56":6,"57":6,"58":6,"59":6,"60":6,"61":313,"62":726,"63":313,"64":313,"65":313,"66":62,"67":62,"68":62,"69":10,"70":52,"71":1,"72":51,"73":313,"74":2,"75":42,"76":184,"77":42},"f":{"0":1,"1":4,"2":7,"3":2,"4":42,"5":962,"6":80,"7":46,"8":46,"9":6,"10":6,"11":726,"12":184},"b":{"0":[3,1],"1":[4,3],"2":[599,363],"3":[361,2],"4":[8,353],"5":[8,0],"6":[8,0],"7":[8,0],"8":[8,0],"9":[4,4],"10":[34,319],"11":[353,63],"12":[34,0],"13":[46,46],"14":[9,310],"15":[319,24],"16":[6,3],"17":[9,9],"18":[0,6],"19":[6,6],"20":[0,0],"21":[0,0],"22":[62,0],"23":[10,52],"24":[1,51]},"meta":{"lastBranch":25,"lastFunction":13,"lastStatement":78,"seen":{"f:15:9:15:26":0,"s:16:43:16:Infinity":0,"s:18:2:25:Infinity":1,"f:18:30:18:38":1,"s:19:30:19:Infinity":2,"f:19:50:19:55":2,"s:19:55:19:63":3,"b:20:4:24:Infinity:undefined:undefined:undefined:undefined":0,"s:20:4:24:Infinity":4,"b:20:8:20:20:20:20:20:27":1,"s:22:28:22:Infinity":5,"f:22:58:22:59":3,"s:22:73:22:93":6,"s:23:6:23:Infinity":7,"s:27:2:27:Infinity":8,"s:32:13:174:Infinity":9,"f:32:45:32:61":4,"s:33:17:33:Infinity":10,"s:34:14:34:Infinity":11,"s:36:18:36:Infinity":12,"s:38:29:166:Infinity":13,"f:38:29:38:30":5,"b:40:4:42:Infinity:undefined:undefined:undefined:undefined":2,"s:40:4:42:Infinity":14,"s:41:6:41:Infinity":15,"b:45:4:163:Infinity:undefined:undefined:undefined:undefined":3,"s:45:4:163:Infinity":16,"s:46:22:46:Infinity":17,"s:47:22:47:Infinity":18,"b:50:6:69:Infinity:undefined:undefined:undefined:undefined":4,"s:50:6:69:Infinity":19,"s:51:28:51:Infinity":20,"b:52:8:68:Infinity:undefined:undefined:undefined:undefined":5,"s:52:8:68:Infinity":21,"s:53:28:53:Infinity":22,"s:54:32:54:Infinity":23,"b:56:10:67:Infinity:undefined:undefined:undefined:undefined":6,"s:56:10:67:Infinity":24,"s:57:29:57:Infinity":25,"b:57:29:57:49:57:49:57:Infinity":7,"s:58:25:58:Infinity":26,"b:58:25:58:52:58:52:58:Infinity":8,"b:61:12:63:Infinity:undefined:undefined:undefined:undefined":9,"s:61:12:63:Infinity":27,"s:62:14:62:Infinity":28,"s:66:12:66:Infinity":29,"b:72:6:96:Infinity:undefined:undefined:undefined:undefined":10,"s:72:6:96:Infinity":30,"b:72:10:72:30:72:30:72:79":11,"s:73:25:73:Infinity":31,"b:74:8:95:Infinity:undefined:undefined:undefined:undefined":12,"s:74:8:95:Infinity":32,"s:75:28:75:Infinity":33,"s:76:31:76:Infinity":34,"s:79:27:82:Infinity":35,"f:80:20:80:29":6,"s:80:29:80:47":36,"f:81:17:81:18":7,"s:81:31:81:59":37,"f:82:20:82:29":8,"s:82:29:82:59":38,"b:82:29:82:45:82:45:82:59":13,"s:84:10:93:Infinity":39,"b:99:6:134:Infinity:undefined:undefined:undefined:undefined":14,"s:99:6:134:Infinity":40,"b:99:10:99:29:99:29:99:42":15,"s:100:21:100:Infinity":41,"b:101:8:133:Infinity:undefined:undefined:undefined:undefined":16,"s:101:8:133:Infinity":42,"b:101:12:101:20:101:12:101:50":17,"s:103:16:103:Infinity":43,"s:106:27:108:Infinity":44,"f:106:62:106:63":9,"s:107:12:107:Infinity":45,"s:111:45:111:Infinity":46,"s:112:10:123:Infinity":47,"s:112:23:112:26":48,"s:113:25:113:Infinity":49,"b:114:12:122:Infinity:undefined:undefined:undefined:undefined":18,"s:114:12:122:Infinity":50,"b:114:16:114:24:114:24:114:46":19,"b:115:14:121:Infinity:117:14:121:Infinity":20,"s:115:14:121:Infinity":51,"s:116:16:116:Infinity":52,"b:117:14:121:Infinity:119:21:121:Infinity":21,"s:117:14:121:Infinity":53,"s:118:16:118:Infinity":54,"s:120:16:120:Infinity":55,"s:126:10:126:Infinity":56,"s:127:10:130:Infinity":57,"f:127:26:127:27":10,"s:128:12:128:Infinity":58,"s:129:12:129:Infinity":59,"s:132:10:132:Infinity":60,"s:137:23:139:Infinity":61,"f:137:58:137:59":11,"s:138:8:138:Infinity":62,"s:142:41:142:Infinity":63,"s:143:6:159:Infinity":64,"s:143:19:143:22":65,"s:144:21:144:Infinity":66,"b:145:8:158:Infinity:undefined:undefined:undefined:undefined":22,"s:145:8:158:Infinity":67,"b:147:10:157:Infinity:149:10:157:Infinity":23,"s:147:10:157:Infinity":68,"s:148:12:148:Infinity":69,"b:149:10:157:Infinity:155:15:157:Infinity":24,"s:149:10:157:Infinity":70,"s:152:12:152:Infinity":71,"s:156:12:156:Infinity":72,"s:162:6:162:Infinity":73,"s:165:4:165:Infinity":74,"s:169:24:171:Infinity":75,"f:169:60:169:61":12,"s:170:4:170:Infinity":76,"s:173:2:173:Infinity":77}}}
,"/Users/stefano/Documents/mdserve/frontend/src/components/MermaidDiagram.css": {"path":"/Users/stefano/Documents/mdserve/frontend/src/components/MermaidDiagram.css","statementMap":{},"fnMap":{},"branchMap":{},"s":{},"f":{},"b":{},"meta":{"lastBranch":0,"lastFunction":0,"lastStatement":0,"seen":{}}}
,"/Users/stefano/Documents/mdserve/frontend/src/components/MermaidDiagram.tsx": {"path":"/Users/stefano/Documents/mdserve/frontend/src/components/MermaidDiagram.tsx","statementMap":{"0":{"start":{"line":10,"column":25},"end":{"line":10,"column":null}},"1":{"start":{"line":13,"column":8},"end":{"line":13,"column":null}},"2":{"start":{"line":14,"column":24},"end":{"line":14,"column":null}},"3":{"start":{"line":15,"column":18},"end":{"line":15,"column":null}},"4":{"start":{"line":15,"column":37},"end":{"line":15,"column":89}},"5":{"start":{"line":17,"column":2},"end":{"line":37,"column":null}},"6":{"start":{"line":18,"column":4},"end":{"line":36,"column":null}},"7":{"start":{"line":19,"column":6},"end":{"line":34,"column":null}},"8":{"start":{"line":35,"column":6},"end":{"line":35,"column":null}},"9":{"start":{"line":39,"column":2},"end":{"line":62,"column":null}},"10":{"start":{"line":40,"column":26},"end":{"line":59,"column":null}},"11":{"start":{"line":41,"column":6},"end":{"line":41,"column":null}},"12":{"start":{"line":41,"column":43},"end":{"line":41,"column":null}},"13":{"start":{"line":43,"column":6},"end":{"line":58,"column":null}},"14":{"start":{"line":44,"column":8},"end":{"line":44,"column":null}},"15":{"start":{"line":47,"column":8},"end":{"line":47,"column":null}},"16":{"start":{"line":50,"column":24},"end":{"line":50,"column":null}},"17":{"start":{"line":52,"column":8},"end":{"line":54,"column":null}},"18":{"start":{"line":53,"column":10},"end":{"line":53,"column":null}},"19":{"start":{"line":56,"column":8},"end":{"line":56,"column":null}},"20":{"start":{"line":57,"column":8},"end":{"line":57,"column":null}},"21":{"start":{"line":61,"column":4},"end":{"line":61,"column":null}},"22":{"start":{"line":64,"column":2},"end":{"line":75,"column":null}},"23":{"start":{"line":65,"column":4},"end":{"line":73,"column":null}},"24":{"start":{"line":77,"column":2},"end":{"line":80,"column":null}}},"fnMap":{"0":{"name":"MermaidDiagram","decl":{"start":{"line":12,"column":16},"end":{"line":12,"column":31}},"loc":{"start":{"line":12,"column":82},"end":{"line":82,"column":null}},"line":12},"1":{"name":"(anonymous_1)","decl":{"start":{"line":15,"column":31},"end":{"line":15,"column":37}},"loc":{"start":{"line":15,"column":37},"end":{"line":15,"column":89}},"line":15},"2":{"name":"(anonymous_2)","decl":{"start":{"line":17,"column":12},"end":{"line":17,"column":18}},"loc":{"start":{"line":17,"column":18},"end":{"line":37,"column":5}},"line":17},"3":{"name":"(anonymous_3)","decl":{"start":{"line":39,"column":12},"end":{"line":39,"column":18}},"loc":{"start":{"line":39,"column":18},"end":{"line":62,"column":5}},"line":39},"4":{"name":"(anonymous_4)","decl":{"start":{"line":40,"column":26},"end":{"line":40,"column":38}},"loc":{"start":{"line":40,"column":38},"end":{"line":59,"column":null}},"line":40}},"branchMap":{"0":{"loc":{"start":{"line":12,"column":40},"end":{"line":12,"column":58}},"type":"default-arg","locations":[{"start":{"line":12,"column":48},"end":{"line":12,"column":58}}],"line":12},"1":{"loc":{"start":{"line":18,"column":4},"end":{"line":36,"column":null}},"type":"if","locations":[{"start":{"line":18,"column":4},"end":{"line":36,"column":null}},{"start":{},"end":{}}],"line":18},"2":{"loc":{"start":{"line":21,"column":15},"end":{"line":21,"column":null}},"type":"cond-expr","locations":[{"start":{"line":21,"column":92},"end":{"line":21,"column":101}},{"start":{"line":21,"column":101},"end":{"line":21,"column":null}}],"line":21},"3":{"loc":{"start":{"line":21,"column":15},"end":{"line":21,"column":92}},"type":"binary-expr","locations":[{"start":{"line":21,"column":15},"end":{"line":21,"column":35}},{"start":{"line":21,"column":35},"end":{"line":21,"column":62}},{"start":{"line":21,"column":62},"end":{"line":21,"column":92}}],"line":21},"4":{"loc":{"start":{"line":41,"column":6},"end":{"line":41,"column":null}},"type":"if","locations":[{"start":{"line":41,"column":6},"end":{"line":41,"column":null}},{"start":{},"end":{}}],"line":41},"5":{"loc":{"start":{"line":41,"column":10},"end":{"line":41,"column":43}},"type":"binary-expr","locations":[{"start":{"line":41,"column":10},"end":{"line":41,"column":35}},{"start":{"line":41,"column":35},"end":{"line":41,"column":43}}],"line":41},"6":{"loc":{"start":{"line":52,"column":8},"end":{"line":54,"column":null}},"type":"if","locations":[{"start":{"line":52,"column":8},"end":{"line":54,"column":null}},{"start":{},"end":{}}],"line":52},"7":{"loc":{"start":{"line":57,"column":17},"end":{"line":57,"column":80}},"type":"cond-expr","locations":[{"start":{"line":57,"column":40},"end":{"line":57,"column":54}},{"start":{"line":57,"column":54},"end":{"line":57,"column":80}}],"line":57},"8":{"loc":{"start":{"line":64,"column":2},"end":{"line":75,"column":null}},"type":"if","locations":[{"start":{"line":64,"column":2},"end":{"line":75,"column":null}},{"start":{},"end":{}}],"line":64}},"s":{"0":6,"1":10,"2":10,"3":10,"4":8,"5":10,"6":9,"7":2,"8":2,"9":10,"10":9,"11":9,"12":1,"13":8,"14":8,"15":8,"16":8,"17":7,"18":7,"19":1,"20":1,"21":9,"22":10,"23":1,"24":9},"f":{"0":10,"1":8,"2":9,"3":9,"4":9},"b":{"0":[10],"1":[2,7],"2":[0,2],"3":[2,2,2],"4":[1,8],"5":[9,9],"6":[7,0],"7":[1,0],"8":[1,9]},"meta":{"lastBranch":9,"lastFunction":5,"lastStatement":25,"seen":{"s:10:25:10:Infinity":0,"f:12:16:12:31":0,"b:12:48:12:58":0,"s:13:8:13:Infinity":1,"s:14:24:14:Infinity":2,"s:15:18:15:Infinity":3,"f:15:31:15:37":1,"s:15:37:15:89":4,"s:17:2:37:Infinity":5,"f:17:12:17:18":2,"b:18:4:36:Infinity:undefined:undefined:undefined:undefined":1,"s:18:4:36:Infinity":6,"s:19:6:34:Infinity":7,"b:21:92:21:101:21:101:21:Infinity":2,"b:21:15:21:35:21:35:21:62:21:62:21:92":3,"s:35:6:35:Infinity":8,"s:39:2:62:Infinity":9,"f:39:12:39:18":3,"s:40:26:59:Infinity":10,"f:40:26:40:38":4,"b:41:6:41:Infinity:undefined:undefined:undefined:undefined":4,"s:41:6:41:Infinity":11,"b:41:10:41:35:41:35:41:43":5,"s:41:43:41:Infinity":12,"s:43:6:58:Infinity":13,"s:44:8:44:Infinity":14,"s:47:8:47:Infinity":15,"s:50:24:50:Infinity":16,"b:52:8:54:Infinity:undefined:undefined:undefined:undefined":6,"s:52:8:54:Infinity":17,"s:53:10:53:Infinity":18,"s:56:8:56:Infinity":19,"s:57:8:57:Infinity":20,"b:57:40:57:54:57:54:57:80":7,"s:61:4:61:Infinity":21,"b:64:2:75:Infinity:undefined:undefined:undefined:undefined":8,"s:64:2:75:Infinity":22,"s:65:4:73:Infinity":23,"s:77:2:80:Infinity":24}}}
,"/Users/stefano/Documents/mdserve/frontend/src/components/SidebarResizeHandle.css": {"path":"/Users/stefano/Documents/mdserve/frontend/src/components/SidebarResizeHandle.css","statementMap":{},"fnMap":{},"branchMap":{},"s":{},"f":{},"b":{},"meta":{"lastBranch":0,"lastFunction":0,"lastStatement":0,"seen":{}}}
,"/Users/stefano/Documents/mdserve/frontend/src/components/SidebarResizeHandle.tsx": {"path":"/Users/stefano/Documents/mdserve/frontend/src/components/SidebarResizeHandle.tsx","statementMap":{"0":{"start":{"line":11,"column":24},"end":{"line":14,"column":null}},"1":{"start":{"line":12,"column":2},"end":{"line":12,"column":null}},"2":{"start":{"line":13,"column":2},"end":{"line":13,"column":null}},"3":{"start":{"line":17,"column":8},"end":{"line":17,"column":null}},"4":{"start":{"line":18,"column":8},"end":{"line":18,"column":null}},"5":{"start":{"line":19,"column":8},"end":{"line":19,"column":null}},"6":{"start":{"line":21,"column":2},"end":{"line":63,"column":null}},"7":{"start":{"line":22,"column":28},"end":{"line":29,"column":null}},"8":{"start":{"line":23,"column":6},"end":{"line":23,"column":null}},"9":{"start":{"line":24,"column":6},"end":{"line":24,"column":null}},"10":{"start":{"line":25,"column":6},"end":{"line":25,"column":null}},"11":{"start":{"line":26,"column":6},"end":{"line":26,"column":null}},"12":{"start":{"line":27,"column":6},"end":{"line":27,"column":null}},"13":{"start":{"line":28,"column":6},"end":{"line":28,"column":null}},"14":{"start":{"line":31,"column":28},"end":{"line":36,"column":null}},"15":{"start":{"line":32,"column":6},"end":{"line":32,"column":null}},"16":{"start":{"line":32,"column":34},"end":{"line":32,"column":null}},"17":{"start":{"line":34,"column":21},"end":{"line":34,"column":null}},"18":{"start":{"line":35,"column":6},"end":{"line":35,"column":null}},"19":{"start":{"line":38,"column":26},"end":{"line":46,"column":null}},"20":{"start":{"line":39,"column":6},"end":{"line":45,"column":null}},"21":{"start":{"line":40,"column":8},"end":{"line":40,"column":null}},"22":{"start":{"line":41,"column":8},"end":{"line":41,"column":null}},"23":{"start":{"line":42,"column":8},"end":{"line":42,"column":null}},"24":{"start":{"line":43,"column":8},"end":{"line":43,"column":null}},"25":{"start":{"line":44,"column":8},"end":{"line":44,"column":null}},"26":{"start":{"line":48,"column":26},"end":{"line":48,"column":null}},"27":{"start":{"line":49,"column":4},"end":{"line":51,"column":null}},"28":{"start":{"line":50,"column":6},"end":{"line":50,"column":null}},"29":{"start":{"line":53,"column":4},"end":{"line":53,"column":null}},"30":{"start":{"line":54,"column":4},"end":{"line":54,"column":null}},"31":{"start":{"line":56,"column":4},"end":{"line":62,"column":null}},"32":{"start":{"line":57,"column":6},"end":{"line":59,"column":null}},"33":{"start":{"line":58,"column":8},"end":{"line":58,"column":null}},"34":{"start":{"line":60,"column":6},"end":{"line":60,"column":null}},"35":{"start":{"line":61,"column":6},"end":{"line":61,"column":null}},"36":{"start":{"line":65,"column":2},"end":{"line":65,"column":null}}},"fnMap":{"0":{"name":"(anonymous_0)","decl":{"start":{"line":11,"column":24},"end":{"line":11,"column":25}},"loc":{"start":{"line":11,"column":46},"end":{"line":14,"column":null}},"line":11},"1":{"name":"SidebarResizeHandle","decl":{"start":{"line":16,"column":16},"end":{"line":16,"column":36}},"loc":{"start":{"line":16,"column":104},"end":{"line":66,"column":null}},"line":16},"2":{"name":"(anonymous_2)","decl":{"start":{"line":21,"column":12},"end":{"line":21,"column":18}},"loc":{"start":{"line":21,"column":18},"end":{"line":63,"column":5}},"line":21},"3":{"name":"(anonymous_3)","decl":{"start":{"line":22,"column":28},"end":{"line":22,"column":29}},"loc":{"start":{"line":22,"column":47},"end":{"line":29,"column":null}},"line":22},"4":{"name":"(anonymous_4)","decl":{"start":{"line":31,"column":28},"end":{"line":31,"column":29}},"loc":{"start":{"line":31,"column":47},"end":{"line":36,"column":null}},"line":31},"5":{"name":"(anonymous_5)","decl":{"start":{"line":38,"column":26},"end":{"line":38,"column":32}},"loc":{"start":{"line":38,"column":32},"end":{"line":46,"column":null}},"line":38},"6":{"name":"(anonymous_6)","decl":{"start":{"line":56,"column":11},"end":{"line":56,"column":17}},"loc":{"start":{"line":56,"column":17},"end":{"line":62,"column":null}},"line":56}},"branchMap":{"0":{"loc":{"start":{"line":12,"column":31},"end":{"line":12,"column":null}},"type":"cond-expr","locations":[{"start":{"line":12,"column":41},"end":{"line":12,"column":55}},{"start":{"line":12,"column":55},"end":{"line":12,"column":null}}],"line":12},"1":{"loc":{"start":{"line":13,"column":35},"end":{"line":13,"column":null}},"type":"cond-expr","locations":[{"start":{"line":13,"column":45},"end":{"line":13,"column":54}},{"start":{"line":13,"column":54},"end":{"line":13,"column":null}}],"line":13},"2":{"loc":{"start":{"line":32,"column":6},"end":{"line":32,"column":null}},"type":"if","locations":[{"start":{"line":32,"column":6},"end":{"line":32,"column":null}},{"start":{},"end":{}}],"line":32},"3":{"loc":{"start":{"line":39,"column":6},"end":{"line":45,"column":null}},"type":"if","locations":[{"start":{"line":39,"column":6},"end":{"line":45,"column":null}},{"start":{},"end":{}}],"line":39},"4":{"loc":{"start":{"line":49,"column":4},"end":{"line":51,"column":null}},"type":"if","locations":[{"start":{"line":49,"column":4},"end":{"line":51,"column":null}},{"start":{},"end":{}}],"line":49},"5":{"loc":{"start":{"line":57,"column":6},"end":{"line":59,"column":null}},"type":"if","locations":[{"start":{"line":57,"column":6},"end":{"line":59,"column":null}},{"start":{},"end":{}}],"line":57}},"s":{"0":2,"1":6,"2":6,"3":23,"4":23,"5":23,"6":23,"7":23,"8":4,"9":4,"10":4,"11":4,"12":4,"13":4,"14":23,"15":5,"16":1,"17":4,"18":4,"19":23,"20":3,"21":2,"22":2,"23":2,"24":2,"25":2,"26":23,"27":23,"28":23,"29":23,"30":23,"31":23,"32":23,"33":23,"34":23,"35":23,"36":23},"f":{"0":6,"1":23,"2":23,"3":4,"4":5,"5":3,"6":23},"b":{"0":[4,2],"1":[4,2],"2":[1,4],"3":[2,1],"4":[23,0],"5":[23,0]},"meta":{"lastBranch":6,"lastFunction":7,"lastStatement":37,"seen":{"s:11:24:14:Infinity":0,"f:11:24:11:25":0,"s:12:2:12:Infinity":1,"b:12:41:12:55:12:55:12:Infinity":0,"s:13:2:13:Infinity":2,"b:13:45:13:54:13:54:13:Infinity":1,"f:16:16:16:36":1,"s:17:8:17:Infinity":3,"s:18:8:18:Infinity":4,"s:19:8:19:Infinity":5,"s:21:2:63:Infinity":6,"f:21:12:21:18":2,"s:22:28:29:Infinity":7,"f:22:28:22:29":3,"s:23:6:23:Infinity":8,"s:24:6:24:Infinity":9,"s:25:6:25:Infinity":10,"s:26:6:26:Infinity":11,"s:27:6:27:Infinity":12,"s:28:6:28:Infinity":13,"s:31:28:36:Infinity":14,"f:31:28:31:29":4,"b:32:6:32:Infinity:undefined:undefined:undefined:undefined":2,"s:32:6:32:Infinity":15,"s:32:34:32:Infinity":16,"s:34:21:34:Infinity":17,"s:35:6:35:Infinity":18,"s:38:26:46:Infinity":19,"f:38:26:38:32":5,"b:39:6:45:Infinity:undefined:undefined:undefined:undefined":3,"s:39:6:45:Infinity":20,"s:40:8:40:Infinity":21,"s:41:8:41:Infinity":22,"s:42:8:42:Infinity":23,"s:43:8:43:Infinity":24,"s:44:8:44:Infinity":25,"s:48:26:48:Infinity":26,"b:49:4:51:Infinity:undefined:undefined:undefined:undefined":4,"s:49:4:51:Infinity":27,"s:50:6:50:Infinity":28,"s:53:4:53:Infinity":29,"s:54:4:54:Infinity":30,"s:56:4:62:Infinity":31,"f:56:11:56:17":6,"b:57:6:59:Infinity:undefined:undefined:undefined:undefined":5,"s:57:6:59:Infinity":32,"s:58:8:58:Infinity":33,"s:60:6:60:Infinity":34,"s:61:6:61:Infinity":35,"s:65:2:65:Infinity":36}}}
,"/Users/stefano/Documents/mdserve/frontend/src/components/SidebarToggle.css": {"path":"/Users/stefano/Documents/mdserve/frontend/src/components/SidebarToggle.css","statementMap":{},"fnMap":{},"branchMap":{},"s":{},"f":{},"b":{},"meta":{"lastBranch":0,"lastFunction":0,"lastStatement":0,"seen":{}}}
,"/Users/stefano/Documents/mdserve/frontend/src/components/SidebarToggle.tsx": {"path":"/Users/stefano/Documents/mdserve/frontend/src/components/SidebarToggle.tsx","statementMap":{"0":{"start":{"line":9,"column":2},"end":{"line":28,"column":null}}},"fnMap":{"0":{"name":"SidebarToggle","decl":{"start":{"line":8,"column":16},"end":{"line":8,"column":30}},"loc":{"start":{"line":8,"column":76},"end":{"line":30,"column":null}},"line":8}},"branchMap":{"0":{"loc":{"start":{"line":11,"column":35},"end":{"line":11,"column":65}},"type":"cond-expr","locations":[{"start":{"line":11,"column":49},"end":{"line":11,"column":63}},{"start":{"line":11,"column":63},"end":{"line":11,"column":65}}],"line":11}},"s":{"0":16},"f":{"0":16},"b":{"0":[0,16]},"meta":{"lastBranch":1,"lastFunction":1,"lastStatement":1,"seen":{"f:8:16:8:30":0,"s:9:2:28:Infinity":0,"b:11:49:11:63:11:63:11:65":0}}}
,"/Users/stefano/Documents/mdserve/frontend/src/components/ThemeModal.css": {"path":"/Users/stefano/Documents/mdserve/frontend/src/components/ThemeModal.css","statementMap":{},"fnMap":{},"branchMap":{},"s":{},"f":{},"b":{},"meta":{"lastBranch":0,"lastFunction":0,"lastStatement":0,"seen":{}}}
,"/Users/stefano/Documents/mdserve/frontend/src/components/ThemeModal.tsx": {"path":"/Users/stefano/Documents/mdserve/frontend/src/components/ThemeModal.tsx","statementMap":{"0":{"start":{"line":19,"column":28},"end":{"line":55,"column":null}},"1":{"start":{"line":58,"column":2},"end":{"line":58,"column":null}},"2":{"start":{"line":58,"column":15},"end":{"line":58,"column":null}},"3":{"start":{"line":60,"column":30},"end":{"line":64,"column":null}},"4":{"start":{"line":61,"column":4},"end":{"line":63,"column":null}},"5":{"start":{"line":62,"column":6},"end":{"line":62,"column":null}},"6":{"start":{"line":66,"column":2},"end":{"line":94,"column":null}},"7":{"start":{"line":72,"column":12},"end":{"line":90,"column":null}},"8":{"start":{"line":76,"column":29},"end":{"line":76,"column":null}},"9":{"start":{"line":82,"column":18},"end":{"line":86,"column":null}}},"fnMap":{"0":{"name":"ThemeModal","decl":{"start":{"line":57,"column":16},"end":{"line":57,"column":27}},"loc":{"start":{"line":57,"column":94},"end":{"line":96,"column":null}},"line":57},"1":{"name":"(anonymous_1)","decl":{"start":{"line":60,"column":30},"end":{"line":60,"column":31}},"loc":{"start":{"line":60,"column":71},"end":{"line":64,"column":null}},"line":60},"2":{"name":"(anonymous_2)","decl":{"start":{"line":71,"column":22},"end":{"line":71,"column":23}},"loc":{"start":{"line":72,"column":12},"end":{"line":90,"column":null}},"line":72},"3":{"name":"(anonymous_3)","decl":{"start":{"line":76,"column":23},"end":{"line":76,"column":29}},"loc":{"start":{"line":76,"column":29},"end":{"line":76,"column":null}},"line":76},"4":{"name":"(anonymous_4)","decl":{"start":{"line":81,"column":34},"end":{"line":81,"column":35}},"loc":{"start":{"line":82,"column":18},"end":{"line":86,"column":null}},"line":82}},"branchMap":{"0":{"loc":{"start":{"line":58,"column":2},"end":{"line":58,"column":null}},"type":"if","locations":[{"start":{"line":58,"column":2},"end":{"line":58,"column":null}},{"start":{},"end":{}}],"line":58},"1":{"loc":{"start":{"line":61,"column":4},"end":{"line":63,"column":null}},"type":"if","locations":[{"start":{"line":61,"column":4},"end":{"line":63,"column":null}},{"start":{},"end":{}}],"line":61},"2":{"loc":{"start":{"line":74,"column":39},"end":{"line":74,"column":82}},"type":"cond-expr","locations":[{"start":{"line":74,"column":67},"end":{"line":74,"column":80}},{"start":{"line":74,"column":80},"end":{"line":74,"column":82}}],"line":74}},"s":{"0":2,"1":28,"2":17,"3":11,"4":6,"5":1,"6":11,"7":55,"8":4,"9":165},"f":{"0":28,"1":6,"2":55,"3":4,"4":165},"b":{"0":[17,11],"1":[1,5],"2":[11,44]},"meta":{"lastBranch":3,"lastFunction":5,"lastStatement":10,"seen":{"s:19:28:55:Infinity":0,"f:57:16:57:27":0,"b:58:2:58:Infinity:undefined:undefined:undefined:undefined":0,"s:58:2:58:Infinity":1,"s:58:15:58:Infinity":2,"s:60:30:64:Infinity":3,"f:60:30:60:31":1,"b:61:4:63:Infinity:undefined:undefined:undefined:undefined":1,"s:61:4:63:Infinity":4,"s:62:6:62:Infinity":5,"s:66:2:94:Infinity":6,"f:71:22:71:23":2,"s:72:12:90:Infinity":7,"b:74:67:74:80:74:80:74:82":2,"f:76:23:76:29":3,"s:76:29:76:Infinity":8,"f:81:34:81:35":4,"s:82:18:86:Infinity":9}}}
,"/Users/stefano/Documents/mdserve/frontend/src/components/ThemeToggle.css": {"path":"/Users/stefano/Documents/mdserve/frontend/src/components/ThemeToggle.css","statementMap":{},"fnMap":{},"branchMap":{},"s":{},"f":{},"b":{},"meta":{"lastBranch":0,"lastFunction":0,"lastStatement":0,"seen":{}}}
,"/Users/stefano/Documents/mdserve/frontend/src/components/ThemeToggle.tsx": {"path":"/Users/stefano/Documents/mdserve/frontend/src/components/ThemeToggle.tsx","statementMap":{"0":{"start":{"line":8,"column":2},"end":{"line":11,"column":null}}},"fnMap":{"0":{"name":"ThemeToggle","decl":{"start":{"line":7,"column":16},"end":{"line":7,"column":28}},"loc":{"start":{"line":7,"column":59},"end":{"line":13,"column":null}},"line":7}},"branchMap":{},"s":{"0":16},"f":{"0":16},"b":{},"meta":{"lastBranch":0,"lastFunction":1,"lastStatement":1,"seen":{"f:7:16:7:28":0,"s:8:2:11:Infinity":0}}}
[...]
start":{"line":32,"column":4},"end":{"line":32,"column":null}},"19":{"start":{"line":34,"column":4},"end":{"line":34,"column":null}},"20":{"start":{"line":37,"column":2},"end":{"line":43,"column":null}}},"fnMap":{"0":{"name":"useSidebarResize","decl":{"start":{"line":7,"column":16},"end":{"line":7,"column":35}},"loc":{"start":{"line":7,"column":35},"end":{"line":44,"column":null}},"line":7},"1":{"name":"(anonymous_1)","decl":{"start":{"line":8,"column":50},"end":{"line":8,"column":56}},"loc":{"start":{"line":8,"column":56},"end":{"line":12,"column":3}},"line":8},"2":{"name":"(anonymous_2)","decl":{"start":{"line":17,"column":31},"end":{"line":17,"column":32}},"loc":{"start":{"line":17,"column":77},"end":{"line":25,"column":5}},"line":17},"3":{"name":"(anonymous_3)","decl":{"start":{"line":27,"column":36},"end":{"line":27,"column":42}},"loc":{"start":{"line":27,"column":42},"end":{"line":29,"column":5}},"line":27},"4":{"name":"(anonymous_4)","decl":{"start":{"line":31,"column":35},"end":{"line":31,"column":41}},"loc":{"start":{"line":31,"column":41},"end":{"line":35,"column":5}},"line":31}},"branchMap":{"0":{"loc":{"start":{"line":10,"column":24},"end":{"line":10,"column":null}},"type":"cond-expr","locations":[{"start":{"line":10,"column":32},"end":{"line":10,"column":50}},{"start":{"line":10,"column":50},"end":{"line":10,"column":null}}],"line":10},"1":{"loc":{"start":{"line":17,"column":50},"end":{"line":17,"column":77}},"type":"default-arg","locations":[{"start":{"line":17,"column":68},"end":{"line":17,"column":77}}],"line":17},"2":{"loc":{"start":{"line":22,"column":4},"end":{"line":24,"column":null}},"type":"if","locations":[{"start":{"line":22,"column":4},"end":{"line":24,"column":null}},{"start":{},"end":{}}],"line":22},"3":{"loc":{"start":{"line":22,"column":8},"end":{"line":22,"column":40}},"type":"binary-expr","locations":[{"start":{"line":22,"column":8},"end":{"line":22,"column":27}},{"start":{"line":22,"column":27},"end":{"line":22,"column":40}}],"line":22}},"s":{"0":2,"1":2,"2":2,"3":32,"4":13,"5":13,"6":13,"7":32,"8":32,"9":32,"10":4,"11":4,"12":4,"13":4,"14":3,"15":32,"16":2,"17":32,"18":2,"19":2,"20":32},"f":{"0":32,"1":13,"2":4,"3":2,"4":2},"b":{"0":[1,12],"1":[4],"2":[3,1],"3":[4,4]},"meta":{"lastBranch":4,"lastFunction":5,"lastStatement":21,"seen":{"s:3:18:3:Infinity":0,"s:4:18:4:Infinity":1,"s:5:22:5:Infinity":2,"f:7:16:7:35":0,"s:8:29:12:Infinity":3,"f:8:50:8:56":1,"s:9:18:9:Infinity":4,"s:10:24:10:Infinity":5,"b:10:32:10:50:10:50:10:Infinity":0,"s:11:4:11:Infinity":6,"s:14:34:14:Infinity":7,"s:15:8:15:Infinity":8,"s:17:8:25:Infinity":9,"f:17:31:17:32":2,"b:17:68:17:77":1,"s:18:29:18:Infinity":10,"s:19:4:19:Infinity":11,"s:20:4:20:Infinity":12,"b:22:4:24:Infinity:undefined:undefined:undefined:undefined":2,"s:22:4:24:Infinity":13,"b:22:8:22:27:22:27:22:40":3,"s:23:6:23:Infinity":14,"s:27:8:29:Infinity":15,"f:27:36:27:42":3,"s:28:4:28:Infinity":16,"s:31:8:35:Infinity":17,"f:31:35:31:41":4,"s:32:4:32:Infinity":18,"s:34:4:34:Infinity":19,"s:37:2:43:Infinity":20}}}
,"/Users/stefano/Documents/mdserve/frontend/src/hooks/useTheme.ts": {"path":"/Users/stefano/Documents/mdserve/frontend/src/hooks/useTheme.ts","statementMap":{"0":{"start":{"line":5,"column":29},"end":{"line":5,"column":null}},"1":{"start":{"line":8,"column":29},"end":{"line":11,"column":null}},"2":{"start":{"line":9,"column":23},"end":{"line":9,"column":null}},"3":{"start":{"line":10,"column":4},"end":{"line":10,"column":null}},"4":{"start":{"line":13,"column":46},"end":{"line":13,"column":null}},"5":{"start":{"line":15,"column":2},"end":{"line":17,"column":null}},"6":{"start":{"line":16,"column":4},"end":{"line":16,"column":null}},"7":{"start":{"line":19,"column":19},"end":{"line":24,"column":null}},"8":{"start":{"line":20,"column":4},"end":{"line":20,"column":null}},"9":{"start":{"line":21,"column":4},"end":{"line":21,"column":null}},"10":{"start":{"line":22,"column":4},"end":{"line":22,"column":null}},"11":{"start":{"line":23,"column":4},"end":{"line":23,"column":null}},"12":{"start":{"line":26,"column":25},"end":{"line":28,"column":null}},"13":{"start":{"line":27,"column":4},"end":{"line":27,"column":null}},"14":{"start":{"line":30,"column":26},"end":{"line":32,"column":null}},"15":{"start":{"line":31,"column":4},"end":{"line":31,"column":null}},"16":{"start":{"line":34,"column":2},"end":{"line":40,"column":null}}},"fnMap":{"0":{"name":"useTheme","decl":{"start":{"line":7,"column":16},"end":{"line":7,"column":27}},"loc":{"start":{"line":7,"column":27},"end":{"line":41,"column":null}},"line":7},"1":{"name":"(anonymous_1)","decl":{"start":{"line":8,"column":49},"end":{"line":8,"column":55}},"loc":{"start":{"line":8,"column":55},"end":{"line":11,"column":3}},"line":8},"2":{"name":"(anonymous_2)","decl":{"start":{"line":15,"column":12},"end":{"line":15,"column":18}},"loc":{"start":{"line":15,"column":18},"end":{"line":17,"column":5}},"line":15},"3":{"name":"(anonymous_3)","decl":{"start":{"line":19,"column":19},"end":{"line":19,"column":20}},"loc":{"start":{"line":19,"column":40},"end":{"line":24,"column":null}},"line":19},"4":{"name":"(anonymous_4)","decl":{"start":{"line":26,"column":25},"end":{"line":26,"column":31}},"loc":{"start":{"line":26,"column":31},"end":{"line":28,"column":null}},"line":26},"5":{"name":"(anonymous_5)","decl":{"start":{"line":30,"column":26},"end":{"line":30,"column":32}},"loc":{"start":{"line":30,"column":32},"end":{"line":32,"column":null}},"line":30}},"branchMap":{"0":{"loc":{"start":{"line":10,"column":12},"end":{"line":10,"column":null}},"type":"binary-expr","locations":[{"start":{"line":10,"column":12},"end":{"line":10,"column":36}},{"start":{"line":10,"column":36},"end":{"line":10,"column":null}}],"line":10}},"s":{"0":2,"1":36,"2":14,"3":14,"4":36,"5":36,"6":22,"7":36,"8":8,"9":8,"10":8,"11":8,"12":36,"13":2,"14":36,"15":1,"16":36},"f":{"0":36,"1":14,"2":22,"3":8,"4":2,"5":1},"b":{"0":[14,13]},"meta":{"lastBranch":1,"lastFunction":6,"lastStatement":17,"seen":{"s:5:29:5:Infinity":0,"f:7:16:7:27":0,"s:8:29:11:Infinity":1,"f:8:49:8:55":1,"s:9:23:9:Infinity":2,"s:10:4:10:Infinity":3,"b:10:12:10:36:10:36:10:Infinity":0,"s:13:46:13:Infinity":4,"s:15:2:17:Infinity":5,"f:15:12:15:18":2,"s:16:4:16:Infinity":6,"s:19:19:24:Infinity":7,"f:19:19:19:20":3,"s:20:4:20:Infinity":8,"s:21:4:21:Infinity":9,"s:22:4:22:Infinity":10,"s:23:4:23:Infinity":11,"s:26:25:28:Infinity":12,"f:26:25:26:31":4,"s:27:4:27:Infinity":13,"s:30:26:32:Infinity":14,"f:30:26:30:32":5,"s:31:4:31:Infinity":15,"s:34:2:40:Infinity":16}}}
,"/Users/stefano/Documents/mdserve/frontend/src/utils/fileTree.ts": {"path":"/Users/stefano/Documents/mdserve/frontend/src/utils/fileTree.ts","statementMap":{"0":{"start":{"line":16,"column":29},"end":{"line":21,"column":null}},"1":{"start":{"line":23,"column":2},"end":{"line":53,"column":null}},"2":{"start":{"line":24,"column":18},"end":{"line":24,"column":null}},"3":{"start":{"line":25,"column":22},"end":{"line":25,"column":null}},"4":{"start":{"line":27,"column":4},"end":{"line":52,"column":null}},"5":{"start":{"line":27,"column":17},"end":{"line":27,"column":20}},"6":{"start":{"line":28,"column":19},"end":{"line":28,"column":null}},"7":{"start":{"line":29,"column":25},"end":{"line":29,"column":null}},"8":{"start":{"line":30,"column":24},"end":{"line":30,"column":null}},"9":{"start":{"line":32,"column":6},"end":{"line":34,"column":null}},"10":{"start":{"line":33,"column":8},"end":{"line":33,"column":null}},"11":{"start":{"line":36,"column":22},"end":{"line":36,"column":null}},"12":{"start":{"line":36,"column":57},"end":{"line":36,"column":76}},"13":{"start":{"line":38,"column":6},"end":{"line":47,"column":null}},"14":{"start":{"line":39,"column":38},"end":{"line":44,"column":null}},"15":{"start":{"line":45,"column":8},"end":{"line":45,"column":null}},"16":{"start":{"line":46,"column":8},"end":{"line":46,"column":null}},"17":{"start":{"line":49,"column":6},"end":{"line":51,"column":null}},"18":{"start":{"line":50,"column":8},"end":{"line":50,"column":null}},"19":{"start":{"line":56,"column":2},"end":{"line":56,"column":null}},"20":{"start":{"line":61,"column":18},"end":{"line":61,"column":null}},"21":{"start":{"line":61,"column":36},"end":{"line":61,"column":46}},"22":{"start":{"line":62,"column":16},"end":{"line":62,"column":null}},"23":{"start":{"line":62,"column":34},"end":{"line":62,"column":45}},"24":{"start":{"line":65,"column":2},"end":{"line":65,"column":null}},"25":{"start":{"line":65,"column":25},"end":{"line":65,"column":53}},"26":{"start":{"line":66,"column":2},"end":{"line":66,"column":null}},"27":{"start":{"line":66,"column":23},"end":{"line":66,"column":51}},"28":{"start":{"line":69,"column":2},"end":{"line":73,"column":null}},"29":{"start":{"line":70,"column":4},"end":{"line":72,"column":null}},"30":{"start":{"line":71,"column":6},"end":{"line":71,"column":null}},"31":{"start":{"line":76,"column":2},"end":{"line":76,"column":null}}},"fnMap":{"0":{"name":"buildFileTree","decl":{"start":{"line":15,"column":16},"end":{"line":15,"column":30}},"loc":{"start":{"line":15,"column":64},"end":{"line":57,"column":null}},"line":15},"1":{"name":"(anonymous_1)","decl":{"start":{"line":36,"column":48},"end":{"line":36,"column":57}},"loc":{"start":{"line":36,"column":57},"end":{"line":36,"column":76}},"line":36},"2":{"name":"sortNodes","decl":{"start":{"line":59,"column":9},"end":{"line":59,"column":19}},"loc":{"start":{"line":59,"column":58},"end":{"line":77,"column":null}},"line":59},"3":{"name":"(anonymous_3)","decl":{"start":{"line":61,"column":31},"end":{"line":61,"column":36}},"loc":{"start":{"line":61,"column":36},"end":{"line":61,"column":46}},"line":61},"4":{"name":"(anonymous_4)","decl":{"start":{"line":62,"column":29},"end":{"line":62,"column":34}},"loc":{"start":{"line":62,"column":34},"end":{"line":62,"column":45}},"line":62},"5":{"name":"(anonymous_5)","decl":{"start":{"line":65,"column":15},"end":{"line":65,"column":16}},"loc":{"start":{"line":65,"column":25},"end":{"line":65,"column":53}},"line":65},"6":{"name":"(anonymous_6)","decl":{"start":{"line":66,"column":13},"end":{"line":66,"column":14}},"loc":{"start":{"line":66,"column":23},"end":{"line":66,"column":51}},"line":66}},"branchMap":{"0":{"loc":{"start":{"line":32,"column":6},"end":{"line":34,"column":null}},"type":"if","locations":[{"start":{"line":32,"column":6},"end":{"line":34,"column":null}},{"start":{},"end":{}}],"line":32},"1":{"loc":{"start":{"line":38,"column":6},"end":{"line":47,"column":null}},"type":"if","locations":[{"start":{"line":38,"column":6},"end":{"line":47,"column":null}},{"start":{},"end":{}}],"line":38},"2":{"loc":{"start":{"line":43,"column":20},"end":{"line":43,"column":null}},"type":"cond-expr","locations":[{"start":{"line":43,"column":33},"end":{"line":43,"column":45}},{"start":{"line":43,"column":45},"end":{"line":43,"column":null}}],"line":43},"3":{"loc":{"start":{"line":49,"column":6},"end":{"line":51,"column":null}},"type":"if","locations":[{"start":{"line":49,"column":6},"end":{"line":51,"column":null}},{"start":{},"end":{}}],"line":49},"4":{"loc":{"start":{"line":56,"column":19},"end":{"line":56,"column":38}},"type":"binary-expr","locations":[{"start":{"line":56,"column":19},"end":{"line":56,"column":36}},{"start":{"line":56,"column":36},"end":{"line":56,"column":38}}],"line":56},"5":{"loc":{"start":{"line":70,"column":4},"end":{"line":72,"column":null}},"type":"if","locations":[{"start":{"line":70,"column":4},"end":{"line":72,"column":null}},{"start":{},"end":{}}],"line":70}},"s":{"0":23,"1":23,"2":33,"3":33,"4":33,"5":33,"6":45,"7":45,"8":45,"9":45,"10":1,"11":45,"12":26,"13":45,"14":40,"15":40,"16":40,"17":45,"18":12,"19":23,"20":30,"21":39,"22":30,"23":39,"24":30,"25":0,"26":30,"27":17,"28":30,"29":7,"30":7,"31":30},"f":{"0":23,"1":26,"2":30,"3":39,"4":39,"5":0,"6":17},"b":{"0":[1,44],"1":[40,5],"2":[33,7],"3":[12,33],"4":[23,0],"5":[7,0]},"meta":{"lastBranch":6,"lastFunction":7,"lastStatement":32,"seen":{"f:15:16:15:30":0,"s:16:29:21:Infinity":0,"s:23:2:53:Infinity":1,"s:24:18:24:Infinity":2,"s:25:22:25:Infinity":3,"s:27:4:52:Infinity":4,"s:27:17:27:20":5,"s:28:19:28:Infinity":6,"s:29:25:29:Infinity":7,"s:30:24:30:Infinity":8,"b:32:6:34:Infinity:undefined:undefined:undefined:undefined":0,"s:32:6:34:Infinity":9,"s:33:8:33:Infinity":10,"s:36:22:36:Infinity":11,"f:36:48:36:57":1,"s:36:57:36:76":12,"b:38:6:47:Infinity:undefined:undefined:undefined:undefined":1,"s:38:6:47:Infinity":13,"s:39:38:44:Infinity":14,"b:43:33:43:45:43:45:43:Infinity":2,"s:45:8:45:Infinity":15,"s:46:8:46:Infinity":16,"b:49:6:51:Infinity:undefined:undefined:undefined:undefined":3,"s:49:6:51:Infinity":17,"s:50:8:50:Infinity":18,"s:56:2:56:Infinity":19,"b:56:19:56:36:56:36:56:38":4,"f:59:9:59:19":2,"s:61:18:61:Infinity":20,"f:61:31:61:36":3,"s:61:36:61:46":21,"s:62:16:62:Infinity":22,"f:62:29:62:34":4,"s:62:34:62:45":23,"s:65:2:65:Infinity":24,"f:65:15:65:16":5,"s:65:25:65:53":25,"s:66:2:66:Infinity":26,"f:66:13:66:14":6,"s:66:23:66:51":27,"s:69:2:73:Infinity":28,"b:70:4:72:Infinity:undefined:undefined:undefined:undefined":5,"s:70:4:72:Infinity":29,"s:71:6:71:Infinity":30,"s:76:2:76:Infinity":31}}}
,"/Users/stefano/Documents/mdserve/frontend/src/utils/pathResolver.ts": {"path":"/Users/stefano/Documents/mdserve/frontend/src/utils/pathResolver.ts","statementMap":{"0":{"start":{"line":9,"column":2},"end":{"line":11,"column":null}},"1":{"start":{"line":10,"column":4},"end":{"line":10,"column":null}},"2":{"start":{"line":14,"column":21},"end":{"line":16,"column":null}},"3":{"start":{"line":19,"column":16},"end":{"line":19,"column":null}},"4":{"start":{"line":20,"column":23},"end":{"line":20,"column":null}},"5":{"start":{"line":23,"column":2},"end":{"line":36,"column":null}},"6":{"start":{"line":24,"column":4},"end":{"line":35,"column":null}},"7":{"start":{"line":26,"column":6},"end":{"line":28,"column":null}},"8":{"start":{"line":27,"column":8},"end":{"line":27,"column":null}},"9":{"start":{"line":29,"column":4},"end":{"line":35,"column":null}},"10":{"start":{"line":31,"column":6},"end":{"line":31,"column":null}},"11":{"start":{"line":32,"column":4},"end":{"line":35,"column":null}},"12":{"start":{"line":34,"column":6},"end":{"line":34,"column":null}},"13":{"start":{"line":39,"column":2},"end":{"line":39,"column":null}},"14":{"start":{"line":48,"column":2},"end":{"line":48,"column":null}},"15":{"start":{"line":48,"column":13},"end":{"line":48,"column":null}},"16":{"start":{"line":51,"column":2},"end":{"line":53,"column":null}},"17":{"start":{"line":52,"column":4},"end":{"line":52,"column":null}},"18":{"start":{"line":56,"column":2},"end":{"line":59,"column":null}},"19":{"start":{"line":58,"column":4},"end":{"line":58,"column":null}},"20":{"start":{"line":62,"column":2},"end":{"line":64,"column":null}},"21":{"start":{"line":63,"column":4},"end":{"line":63,"column":null}},"22":{"start":{"line":67,"column":2},"end":{"line":67,"column":null}}},"fnMap":{"0":{"name":"resolveRelativePath","decl":{"start":{"line":7,"column":16},"end":{"line":7,"column":36}},"loc":{"start":{"line":7,"column":87},"end":{"line":40,"column":null}},"line":7},"1":{"name":"isRelativeMarkdownLink","decl":{"start":{"line":47,"column":16},"end":{"line":47,"column":39}},"loc":{"start":{"line":47,"column":62},"end":{"line":68,"column":null}},"line":47}},"branchMap":{"0":{"loc":{"start":{"line":9,"column":2},"end":{"line":11,"column":null}},"type":"if","locations":[{"start":{"line":9,"column":2},"end":{"line":11,"column":null}},{"start":{},"end":{}}],"line":9},"1":{"loc":{"start":{"line":14,"column":21},"end":{"line":16,"column":null}},"type":"cond-expr","locations":[{"start":{"line":15,"column":6},"end":{"line":15,"column":null}},{"start":{"line":16,"column":6},"end":{"line":16,"column":null}}],"line":14},"2":{"loc":{"start":{"line":20,"column":23},"end":{"line":20,"column":null}},"type":"cond-expr","locations":[{"start":{"line":20,"column":36},"end":{"line":20,"column":60}},{"start":{"line":20,"column":60},"end":{"line":20,"column":null}}],"line":20},"3":{"loc":{"start":{"line":24,"column":4},"end":{"line":35,"column":null}},"type":"if","locations":[{"start":{"line":24,"column":4},"end":{"line":35,"column":null}},{"start":{"line":29,"column":4},"end":{"line":35,"column":null}}],"line":24},"4":{"loc":{"start":{"line":26,"column":6},"end":{"line":28,"column":null}},"type":"if","locations":[{"start":{"line":26,"column":6},"end":{"line":28,"column":null}},{"start":{},"end":{}}],"line":26},"5":{"loc":{"start":{"line":29,"column":4},"end":{"line":35,"column":null}},"type":"if","locations":[{"start":{"line":29,"column":4},"end":{"line":35,"column":null}},{"start":{"line":32,"column":4},"end":{"line":35,"column":null}}],"line":29},"6":{"loc":{"start":{"line":32,"column":4},"end":{"line":35,"column":null}},"type":"if","locations":[{"start":{"line":32,"column":4},"end":{"line":35,"column":null}},{"start":{},"end":{}}],"line":32},"7":{"loc":{"start":{"line":48,"column":2},"end":{"line":48,"column":null}},"type":"if","locations":[{"start":{"line":48,"column":2},"end":{"line":48,"column":null}},{"start":{},"end":{}}],"line":48},"8":{"loc":{"start":{"line":51,"column":2},"end":{"line":53,"column":null}},"type":"if","locations":[{"start":{"line":51,"column":2},"end":{"line":53,"column":null}},{"start":{},"end":{}}],"line":51},"9":{"loc":{"start":{"line":51,"column":6},"end":{"line":51,"column":90}},"type":"binary-expr","locations":[{"start":{"line":51,"column":6},"end":{"line":51,"column":36}},{"start":{"line":51,"column":36},"end":{"line":51,"column":67}},{"start":{"line":51,"column":67},"end":{"line":51,"column":90}}],"line":51},"10":{"loc":{"start":{"line":56,"column":2},"end":{"line":59,"column":null}},"type":"if","locations":[{"start":{"line":56,"column":2},"end":{"line":59,"column":null}},{"start":{},"end":{}}],"line":56},"11":{"loc":{"start":{"line":62,"column":2},"end":{"line":64,"column":null}},"type":"if","locations":[{"start":{"line":62,"column":2},"end":{"line":64,"column":null}},{"start":{},"end":{}}],"line":62},"12":{"loc":{"start":{"line":67,"column":9},"end":{"line":67,"column":null}},"type":"binary-expr","locations":[{"start":{"line":67,"column":9},"end":{"line":67,"column":33}},{"start":{"line":67,"column":33},"end":{"line":67,"column":58}},{"start":{"line":67,"column":58},"end":{"line":67,"column":null}}],"line":67}},"s":{"0":24,"1":1,"2":23,"3":24,"4":24,"5":24,"6":52,"7":15,"8":14,"9":37,"10":4,"11":33,"12":33,"13":23,"14":27,"15":2,"16":25,"17":4,"18":21,"19":2,"20":19,"21":3,"22":16},"f":{"0":24,"1":27},"b":{"0":[1,23],"1":[16,7],"2":[16,7],"3":[15,37],"4":[14,1],"5":[4,33],"6":[33,0],"7":[2,25],"8":[4,21],"9":[25,24,22],"10":[2,19],"11":[3,16],"12":[16,6,4]},"meta":{"lastBranch":13,"lastFunction":2,"lastStatement":23,"seen":{"f:7:16:7:36":0,"b:9:2:11:Infinity:undefined:undefined:undefined:undefined":0,"s:9:2:11:Infinity":0,"s:10:4:10:Infinity":1,"s:14:21:16:Infinity":2,"b:15:6:15:Infinity:16:6:16:Infinity":1,"s:19:16:19:Infinity":3,"s:20:23:20:Infinity":4,"b:20:36:20:60:20:60:20:Infinity":2,"s:23:2:36:Infinity":5,"b:24:4:35:Infinity:29:4:35:Infinity":3,"s:24:4:35:Infinity":6,"b:26:6:28:Infinity:undefined:undefined:undefined:undefined":4,"s:26:6:28:Infinity":7,"s:27:8:27:Infinity":8,"b:29:4:35:Infinity:32:4:35:Infinity":5,"s:29:4:35:Infinity":9,"s:31:6:31:Infinity":10,"b:32:4:35:Infinity:undefined:undefined:undefined:undefined":6,"s:32:4:35:Infinity":11,"s:34:6:34:Infinity":12,"s:39:2:39:Infinity":13,"f:47:16:47:39":1,"b:48:2:48:Infinity:undefined:undefined:undefined:undefined":7,"s:48:2:48:Infinity":14,"s:48:13:48:Infinity":15,"b:51:2:53:Infinity:undefined:undefined:undefined:undefined":8,"s:51:2:53:Infinity":16,"b:51:6:51:36:51:36:51:67:51:67:51:90":9,"s:52:4:52:Infinity":17,"b:56:2:59:Infinity:undefined:undefined:undefined:undefined":10,"s:56:2:59:Infinity":18,"s:58:4:58:Infinity":19,"b:62:2:64:Infinity:undefined:undefined:undefined:undefined":11,"s:62:2:64:Infinity":20,"s:63:4:63:Infinity":21,"s:67:2:67:Infinity":22,"b:67:9:67:33:67:33:67:58:67:58:67:Infinity":12}}}
}
