{"/Users/stefano/Documents/mdserve/frontend/src/App.css": {"path":"/Users/stefano/Documents/mdserve/frontend/src/App.css","statementMap":{},"fnMap":{},"branchMap":{},"s":{},"f":{},"b":{},"meta":{"lastBranch":0,"lastFunction":0,"lastStatement":0,"seen":{}}}
,"/Users/stefano/Documents/mdserve/frontend/src/App.tsx": {"path":"/Users/stefano/Documents/mdserve/frontend/src/App.tsx","statementMap":{"0":{"start":{"line":18,"column":0},"end":{"line":21,"column":null}},"1":{"start":{"line":25,"column":2},"end":{"line":27,"column":null}},"2":{"start":{"line":36,"column":20},"end":{"line":36,"column":null}},"3":{"start":{"line":37,"column":2},"end":{"line":46,"column":null}},"4":{"start":{"line":41,"column":6},"end":{"line":43,"column":null}},"5":{"start":{"line":42,"column":8},"end":{"line":42,"column":null}},"6":{"start":{"line":44,"column":6},"end":{"line":44,"column":null}},"7":{"start":{"line":50,"column":77},"end":{"line":50,"column":null}},"8":{"start":{"line":51,"column":49},"end":{"line":51,"column":null}},"9":{"start":{"line":52,"column":67},"end":{"line":52,"column":null}},"10":{"start":{"line":53,"column":61},"end":{"line":53,"column":null}},"11":{"start":{"line":54,"column":24},"end":{"line":54,"column":null}},"12":{"start":{"line":55,"column":28},"end":{"line":55,"column":null}},"13":{"start":{"line":56,"column":36},"end":{"line":56,"column":null}},"14":{"start":{"line":58,"column":8},"end":{"line":58,"column":null}},"15":{"start":{"line":58,"column":27},"end":{"line":58,"column":55}},"16":{"start":{"line":59,"column":8},"end":{"line":59,"column":null}},"17":{"start":{"line":60,"column":8},"end":{"line":60,"column":null}},"18":{"start":{"line":61,"column":8},"end":{"line":61,"column":null}},"19":{"start":{"line":63,"column":2},"end":{"line":88,"column":null}},"20":{"start":{"line":65,"column":4},"end":{"line":87,"column":null}},"21":{"start":{"line":66,"column":19},"end":{"line":66,"column":29}},"22":{"start":{"line":68,"column":8},"end":{"line":68,"column":null}},"23":{"start":{"line":70,"column":21},"end":{"line":70,"column":null}},"24":{"start":{"line":71,"column":8},"end":{"line":83,"column":null}},"25":{"start":{"line":73,"column":29},"end":{"line":73,"column":null}},"26":{"start":{"line":73,"column":61},"end":{"line":73,"column":76}},"27":{"start":{"line":74,"column":10},"end":{"line":79,"column":null}},"28":{"start":{"line":75,"column":12},"end":{"line":75,"column":null}},"29":{"start":{"line":76,"column":10},"end":{"line":79,"column":null}},"30":{"start":{"line":78,"column":12},"end":{"line":78,"column":null}},"31":{"start":{"line":80,"column":8},"end":{"line":83,"column":null}},"32":{"start":{"line":82,"column":10},"end":{"line":82,"column":null}},"33":{"start":{"line":86,"column":8},"end":{"line":86,"column":null}},"34":{"start":{"line":90,"column":2},"end":{"line":173,"column":null}},"35":{"start":{"line":91,"column":31},"end":{"line":91,"column":null}},"36":{"start":{"line":92,"column":42},"end":{"line":92,"column":null}},"37":{"start":{"line":94,"column":20},"end":{"line":161,"column":null}},"38":{"start":{"line":95,"column":23},"end":{"line":95,"column":null}},"39":{"start":{"line":96,"column":20},"end":{"line":96,"column":null}},"40":{"start":{"line":97,"column":6},"end":{"line":97,"column":null}},"41":{"start":{"line":99,"column":6},"end":{"line":149,"column":null}},"42":{"start":{"line":100,"column":8},"end":{"line":148,"column":null}},"43":{"start":{"line":101,"column":26},"end":{"line":101,"column":null}},"44":{"start":{"line":102,"column":10},"end":{"line":145,"column":null}},"45":{"start":{"line":104,"column":12},"end":{"line":106,"column":null}},"46":{"start":{"line":105,"column":14},"end":{"line":105,"column":null}},"47":{"start":{"line":107,"column":10},"end":{"line":145,"column":null}},"48":{"start":{"line":109,"column":10},"end":{"line":113,"column":null}},"49":{"start":{"line":110,"column":25},"end":{"line":110,"column":35}},"50":{"start":{"line":112,"column":14},"end":{"line":112,"column":null}},"51":{"start":{"line":114,"column":8},"end":{"line":145,"column":null}},"52":{"start":{"line":116,"column":10},"end":{"line":118,"column":null}},"53":{"start":{"line":117,"column":12},"end":{"line":117,"column":null}},"54":{"start":{"line":120,"column":10},"end":{"line":124,"column":null}},"55":{"start":{"line":121,"column":25},"end":{"line":121,"column":35}},"56":{"start":{"line":123,"column":14},"end":{"line":123,"column":null}},"57":{"start":{"line":125,"column":8},"end":{"line":145,"column":null}},"58":{"start":{"line":127,"column":10},"end":{"line":144,"column":null}},"59":{"start":{"line":129,"column":12},"end":{"line":136,"column":null}},"60":{"start":{"line":130,"column":27},"end":{"line":130,"column":37}},"61":{"start":{"line":132,"column":16},"end":{"line":132,"column":null}},"62":{"start":{"line":133,"column":16},"end":{"line":135,"column":null}},"63":{"start":{"line":134,"column":18},"end":{"line":134,"column":null}},"64":{"start":{"line":139,"column":12},"end":{"line":143,"column":null}},"65":{"start":{"line":140,"column":27},"end":{"line":140,"column":37}},"66":{"start":{"line":142,"column":16},"end":{"line":142,"column":null}},"67":{"start":{"line":147,"column":10},"end":{"line":147,"column":null}},"68":{"start":{"line":151,"column":6},"end":{"line":153,"column":null}},"69":{"start":{"line":152,"column":8},"end":{"line":152,"column":null}},"70":{"start":{"line":155,"column":6},"end":{"line":160,"column":null}},"71":{"start":{"line":157,"column":8},"end":{"line":159,"column":null}},"72":{"start":{"line":158,"column":10},"end":{"line":158,"column":null}},"73":{"start":{"line":163,"column":4},"end":{"line":163,"column":null}},"74":{"start":{"line":165,"column":4},"end":{"line":172,"column":null}},"75":{"start":{"line":166,"column":6},"end":{"line":168,"column":null}},"76":{"start":{"line":167,"column":8},"end":{"line":167,"column":null}},"77":{"start":{"line":169,"column":6},"end":{"line":171,"column":null}},"78":{"start":{"line":170,"column":8},"end":{"line":170,"column":null}},"79":{"start":{"line":175,"column":19},"end":{"line":202,"column":null}},"80":{"start":{"line":176,"column":4},"end":{"line":201,"column":null}},"81":{"start":{"line":177,"column":19},"end":{"line":177,"column":29}},"82":{"start":{"line":180,"column":19},"end":{"line":180,"column":null}},"83":{"start":{"line":182,"column":8},"end":{"line":182,"column":null}},"84":{"start":{"line":184,"column":8},"end":{"line":184,"column":null}},"85":{"start":{"line":185,"column":8},"end":{"line":185,"column":null}},"86":{"start":{"line":187,"column":8},"end":{"line":197,"column":null}},"87":{"start":{"line":188,"column":10},"end":{"line":188,"column":null}},"88":{"start":{"line":190,"column":10},"end":{"line":190,"column":null}},"89":{"start":{"line":192,"column":24},"end":{"line":192,"column":null}},"90":{"start":{"line":193,"column":10},"end":{"line":196,"column":null}},"91":{"start":{"line":193,"column":23},"end":{"line":193,"column":26}},"92":{"start":{"line":194,"column":31},"end":{"line":194,"column":null}},"93":{"start":{"line":195,"column":12},"end":{"line":195,"column":null}},"94":{"start":{"line":200,"column":8},"end":{"line":200,"column":null}},"95":{"start":{"line":204,"column":28},"end":{"line":209,"column":null}},"96":{"start":{"line":205,"column":4},"end":{"line":205,"column":null}},"97":{"start":{"line":206,"column":4},"end":{"line":206,"column":null}},"98":{"start":{"line":207,"column":4},"end":{"line":207,"column":null}},"99":{"start":{"line":207,"column":28},"end":{"line":207,"column":null}},"100":{"start":{"line":208,"column":4},"end":{"line":208,"column":null}},"101":{"start":{"line":208,"column":28},"end":{"line":208,"column":null}},"102":{"start":{"line":211,"column":23},"end":{"line":216,"column":null}},"103":{"start":{"line":212,"column":4},"end":{"line":215,"column":null}},"104":{"start":{"line":213,"column":23},"end":{"line":213,"column":null}},"105":{"start":{"line":214,"column":6},"end":{"line":214,"column":null}},"106":{"start":{"line":218,"column":26},"end":{"line":222,"column":null}},"107":{"start":{"line":219,"column":4},"end":{"line":219,"column":null}},"108":{"start":{"line":220,"column":4},"end":{"line":220,"column":null}},"109":{"start":{"line":220,"column":28},"end":{"line":220,"column":null}},"110":{"start":{"line":221,"column":4},"end":{"line":221,"column":null}},"111":{"start":{"line":221,"column":28},"end":{"line":221,"column":null}},"112":{"start":{"line":225,"column":2},"end":{"line":228,"column":null}},"113":{"start":{"line":226,"column":25},"end":{"line":226,"column":null}},"114":{"start":{"line":227,"column":4},"end":{"line":227,"column":null}},"115":{"start":{"line":232,"column":2},"end":{"line":264,"column":null}}},"fnMap":{"0":{"name":"wrapTablesForScroll","decl":{"start":{"line":24,"column":9},"end":{"line":24,"column":29}},"loc":{"start":{"line":24,"column":51},"end":{"line":28,"column":null}},"line":24},"1":{"name":"rewriteImagePaths","decl":{"start":{"line":31,"column":9},"end":{"line":31,"column":27}},"loc":{"start":{"line":31,"column":68},"end":{"line":47,"column":null}},"line":31},"2":{"name":"(anonymous_2)","decl":{"start":{"line":39,"column":4},"end":{"line":39,"column":5}},"loc":{"start":{"line":39,"column":27},"end":{"line":45,"column":null}},"line":39},"3":{"name":"App","decl":{"start":{"line":49,"column":9},"end":{"line":49,"column":15}},"loc":{"start":{"line":49,"column":15},"end":{"line":266,"column":null}},"line":49},"4":{"name":"(anonymous_4)","decl":{"start":{"line":58,"column":27},"end":{"line":58,"column":33}},"loc":{"start":{"line":58,"column":27},"end":{"line":58,"column":55}},"line":58},"5":{"name":"(anonymous_5)","decl":{"start":{"line":63,"column":12},"end":{"line":63,"column":18}},"loc":{"start":{"line":63,"column":18},"end":{"line":88,"column":5}},"line":63},"6":{"name":"(anonymous_6)","decl":{"start":{"line":66,"column":12},"end":{"line":66,"column":19}},"loc":{"start":{"line":66,"column":19},"end":{"line":66,"column":29}},"line":66},"7":{"name":"(anonymous_7)","decl":{"start":{"line":67,"column":12},"end":{"line":67,"column":20}},"loc":{"start":{"line":67,"column":20},"end":{"line":84,"column":7}},"line":67},"8":{"name":"(anonymous_8)","decl":{"start":{"line":73,"column":45},"end":{"line":73,"column":46}},"loc":{"start":{"line":73,"column":61},"end":{"line":73,"column":76}},"line":73},"9":{"name":"(anonymous_9)","decl":{"start":{"line":85,"column":13},"end":{"line":85,"column":20}},"loc":{"start":{"line":85,"column":20},"end":{"line":87,"column":7}},"line":85},"10":{"name":"(anonymous_10)","decl":{"start":{"line":90,"column":12},"end":{"line":90,"column":18}},"loc":{"start":{"line":90,"column":18},"end":{"line":173,"column":5}},"line":90},"11":{"name":"(anonymous_11)","decl":{"start":{"line":94,"column":20},"end":{"line":94,"column":26}},"loc":{"start":{"line":94,"column":26},"end":{"line":161,"column":null}},"line":94},"12":{"name":"(anonymous_12)","decl":{"start":{"line":99,"column":21},"end":{"line":99,"column":22}},"loc":{"start":{"line":99,"column":32},"end":{"line":149,"column":null}},"line":99},"13":{"name":"(anonymous_13)","decl":{"start":{"line":110,"column":18},"end":{"line":110,"column":25}},"loc":{"start":{"line":110,"column":25},"end":{"line":110,"column":35}},"line":110},"14":{"name":"(anonymous_14)","decl":{"start":{"line":111,"column":18},"end":{"line":111,"column":26}},"loc":{"start":{"line":111,"column":26},"end":{"line":113,"column":13}},"line":111},"15":{"name":"(anonymous_15)","decl":{"start":{"line":121,"column":18},"end":{"line":121,"column":25}},"loc":{"start":{"line":121,"column":25},"end":{"line":121,"column":35}},"line":121},"16":{"name":"(anonymous_16)","decl":{"start":{"line":122,"column":18},"end":{"line":122,"column":26}},"loc":{"start":{"line":122,"column":26},"end":{"line":124,"column":13}},"line":122},"17":{"name":"(anonymous_17)","decl":{"start":{"line":130,"column":20},"end":{"line":130,"column":27}},"loc":{"start":{"line":130,"column":27},"end":{"line":130,"column":37}},"line":130},"18":{"name":"(anonymous_18)","decl":{"start":{"line":131,"column":20},"end":{"line":131,"column":28}},"loc":{"start":{"line":131,"column":28},"end":{"line":136,"column":15}},"line":131},"19":{"name":"(anonymous_19)","decl":{"start":{"line":140,"column":20},"end":{"line":140,"column":27}},"loc":{"start":{"line":140,"column":27},"end":{"line":140,"column":37}},"line":140},"20":{"name":"(anonymous_20)","decl":{"start":{"line":141,"column":20},"end":{"line":141,"column":28}},"loc":{"start":{"line":141,"column":28},"end":{"line":143,"column":15}},"line":141},"21":{"name":"(anonymous_21)","decl":{"start":{"line":151,"column":19},"end":{"line":151,"column":20}},"loc":{"start":{"line":151,"column":30},"end":{"line":153,"column":null}},"line":151},"22":{"name":"(anonymous_22)","decl":{"start":{"line":155,"column":19},"end":{"line":155,"column":25}},"loc":{"start":{"line":155,"column":25},"end":{"line":160,"column":null}},"line":155},"23":{"name":"(anonymous_23)","decl":{"start":{"line":157,"column":38},"end":{"line":157,"column":44}},"loc":{"start":{"line":157,"column":44},"end":{"line":159,"column":11}},"line":157},"24":{"name":"(anonymous_24)","decl":{"start":{"line":165,"column":11},"end":{"line":165,"column":17}},"loc":{"start":{"line":165,"column":17},"end":{"line":172,"column":null}},"line":165},"25":{"name":"(anonymous_25)","decl":{"start":{"line":175,"column":19},"end":{"line":175,"column":20}},"loc":{"start":{"line":175,"column":62},"end":{"line":202,"column":null}},"line":175},"26":{"name":"(anonymous_26)","decl":{"start":{"line":177,"column":12},"end":{"line":177,"column":19}},"loc":{"start":{"line":177,"column":19},"end":{"line":177,"column":29}},"line":177},"27":{"name":"(anonymous_27)","decl":{"start":{"line":178,"column":12},"end":{"line":178,"column":20}},"loc":{"start":{"line":178,"column":20},"end":{"line":198,"column":7}},"line":178},"28":{"name":"(anonymous_28)","decl":{"start":{"line":199,"column":13},"end":{"line":199,"column":20}},"loc":{"start":{"line":199,"column":20},"end":{"line":201,"column":7}},"line":199},"29":{"name":"(anonymous_29)","decl":{"start":{"line":204,"column":28},"end":{"line":204,"column":34}},"loc":{"start":{"line":204,"column":34},"end":{"line":209,"column":null}},"line":204},"30":{"name":"(anonymous_30)","decl":{"start":{"line":211,"column":23},"end":{"line":211,"column":24}},"loc":{"start":{"line":211,"column":43},"end":{"line":216,"column":null}},"line":211},"31":{"name":"(anonymous_31)","decl":{"start":{"line":218,"column":26},"end":{"line":218,"column":32}},"loc":{"start":{"line":218,"column":32},"end":{"line":222,"column":null}},"line":218},"32":{"name":"(anonymous_32)","decl":{"start":{"line":225,"column":12},"end":{"line":225,"column":18}},"loc":{"start":{"line":225,"column":18},"end":{"line":228,"column":5}},"line":225}},"branchMap":{"0":{"loc":{"start":{"line":31,"column":41},"end":{"line":31,"column":68}},"type":"default-arg","locations":[{"start":{"line":31,"column":53},"end":{"line":31,"column":68}}],"line":31},"1":{"loc":{"start":{"line":36,"column":20},"end":{"line":36,"column":null}},"type":"cond-expr","locations":[{"start":{"line":36,"column":32},"end":{"line":36,"column":53}},{"start":{"line":36,"column":53},"end":{"line":36,"column":null}}],"line":36},"2":{"loc":{"start":{"line":41,"column":6},"end":{"line":43,"column":null}},"type":"if","locations":[{"start":{"line":41,"column":6},"end":{"line":43,"column":null}},{"start":{},"end":{}}],"line":41},"3":{"loc":{"start":{"line":41,"column":10},"end":{"line":41,"column":93}},"type":"binary-expr","locations":[{"start":{"line":41,"column":10},"end":{"line":41,"column":40}},{"start":{"line":41,"column":40},"end":{"line":41,"column":71}},{"start":{"line":41,"column":71},"end":{"line":41,"column":93}}],"line":41},"4":{"loc":{"start":{"line":71,"column":8},"end":{"line":83,"column":null}},"type":"if","locations":[{"start":{"line":71,"column":8},"end":{"line":83,"column":null}},{"start":{"line":80,"column":8},"end":{"line":83,"column":null}}],"line":71},"5":{"loc":{"start":{"line":74,"column":10},"end":{"line":79,"column":null}},"type":"if","locations":[{"start":{"line":74,"column":10},"end":{"line":79,"column":null}},{"start":{"line":76,"column":10},"end":{"line":79,"column":null}}],"line":74},"6":{"loc":{"start":{"line":76,"column":10},"end":{"line":79,"column":null}},"type":"if","locations":[{"start":{"line":76,"column":10},"end":{"line":79,"column":null}},{"start":{},"end":{}}],"line":76},"7":{"loc":{"start":{"line":80,"column":8},"end":{"line":83,"column":null}},"type":"if","locations":[{"start":{"line":80,"column":8},"end":{"line":83,"column":null}},{"start":{},"end":{}}],"line":80},"8":{"loc":{"start":{"line":95,"column":23},"end":{"line":95,"column":null}},"type":"cond-expr","locations":[{"start":{"line":95,"column":63},"end":{"line":95,"column":72}},{"start":{"line":95,"column":72},"end":{"line":95,"column":null}}],"line":95},"9":{"loc":{"start":{"line":102,"column":10},"end":{"line":145,"column":null}},"type":"if","locations":[{"start":{"line":102,"column":10},"end":{"line":145,"column":null}},{"start":{"line":107,"column":10},"end":{"line":145,"column":null}}],"line":102},"10":{"loc":{"start":{"line":104,"column":12},"end":{"line":106,"column":null}},"type":"if","locations":[{"start":{"line":104,"column":12},"end":{"line":106,"column":null}},{"start":{},"end":{}}],"line":104},"11":{"loc":{"start":{"line":107,"column":10},"end":{"line":145,"column":null}},"type":"if","locations":[{"start":{"line":107,"column":10},"end":{"line":145,"column":null}},{"start":{"line":114,"column":8},"end":{"line":145,"column":null}}],"line":107},"12":{"loc":{"start":{"line":114,"column":8},"end":{"line":145,"column":null}},"type":"if","locations":[{"start":{"line":114,"column":8},"end":{"line":145,"column":null}},{"start":{"line":125,"column":8},"end":{"line":145,"column":null}}],"line":114},"13":{"loc":{"start":{"line":116,"column":10},"end":{"line":118,"column":null}},"type":"if","locations":[{"start":{"line":116,"column":10},"end":{"line":118,"column":null}},{"start":{},"end":{}}],"line":116},"14":{"loc":{"start":{"line":125,"column":8},"end":{"line":145,"column":null}},"type":"if","locations":[{"start":{"line":125,"column":8},"end":{"line":145,"column":null}},{"start":{},"end":{}}],"line":125},"15":{"loc":{"start":{"line":127,"column":10},"end":{"line":144,"column":null}},"type":"if","locations":[{"start":{"line":127,"column":10},"end":{"line":144,"column":null}},{"start":{"line":137,"column":17},"end":{"line":144,"column":null}}],"line":127},"16":{"loc":{"start":{"line":133,"column":16},"end":{"line":135,"column":null}},"type":"if","locations":[{"start":{"line":133,"column":16},"end":{"line":135,"column":null}},{"start":{},"end":{}}],"line":133},"17":{"loc":{"start":{"line":166,"column":6},"end":{"line":168,"column":null}},"type":"if","locations":[{"start":{"line":166,"column":6},"end":{"line":168,"column":null}},{"start":{},"end":{}}],"line":166},"18":{"loc":{"start":{"line":169,"column":6},"end":{"line":171,"column":null}},"type":"if","locations":[{"start":{"line":169,"column":6},"end":{"line":171,"column":null}},{"start":{},"end":{}}],"line":169},"19":{"loc":{"start":{"line":175,"column":34},"end":{"line":175,"column":62}},"type":"default-arg","locations":[{"start":{"line":175,"column":52},"end":{"line":175,"column":62}}],"line":175},"20":{"loc":{"start":{"line":187,"column":8},"end":{"line":197,"column":null}},"type":"if","locations":[{"start":{"line":187,"column":8},"end":{"line":197,"column":null}},{"start":{},"end":{}}],"line":187},"21":{"loc":{"start":{"line":207,"column":4},"end":{"line":207,"column":null}},"type":"if","locations":[{"start":{"line":207,"column":4},"end":{"line":207,"column":null}},{"start":{},"end":{}}],"line":207},"22":{"loc":{"start":{"line":208,"column":4},"end":{"line":208,"column":null}},"type":"if","locations":[{"start":{"line":208,"column":4},"end":{"line":208,"column":null}},{"start":{},"end":{}}],"line":208},"23":{"loc":{"start":{"line":212,"column":4},"end":{"line":215,"column":null}},"type":"if","locations":[{"start":{"line":212,"column":4},"end":{"line":215,"column":null}},{"start":{},"end":{}}],"line":212},"24":{"loc":{"start":{"line":220,"column":4},"end":{"line":220,"column":null}},"type":"if","locations":[{"start":{"line":220,"column":4},"end":{"line":220,"column":null}},{"start":{},"end":{}}],"line":220},"25":{"loc":{"start":{"line":221,"column":4},"end":{"line":221,"column":null}},"type":"if","locations":[{"start":{"line":221,"column":4},"end":{"line":221,"column":null}},{"start":{},"end":{}}],"line":221},"26":{"loc":{"start":{"line":226,"column":25},"end":{"line":226,"column":null}},"type":"cond-expr","locations":[{"start":{"line":226,"column":39},"end":{"line":226,"column":56}},{"start":{"line":226,"column":56},"end":{"line":226,"column":null}}],"line":226},"27":{"loc":{"start":{"line":233,"column":27},"end":{"line":233,"column":65}},"type":"cond-expr","locations":[{"start":{"line":233,"column":41},"end":{"line":233,"column":63}},{"start":{"line":233,"column":63},"end":{"line":233,"column":65}}],"line":233},"28":{"loc":{"start":{"line":253,"column":9},"end":{"line":258,"column":null}},"type":"binary-expr","locations":[{"start":{"line":253,"column":9},"end":{"line":253,"column":null}},{"start":{"line":254,"column":10},"end":{"line":258,"column":null}}],"line":253},"29":{"loc":{"start":{"line":262,"column":9},"end":{"line":262,"column":null}},"type":"binary-expr","locations":[{"start":{"line":262,"column":9},"end":{"line":262,"column":20}},{"start":{"line":262,"column":20},"end":{"line":262,"column":null}}],"line":262}},"s":{"0":1,"1":2,"2":2,"3":2,"4":0,"5":0,"6":0,"7":5,"8":5,"9":5,"10":5,"11":5,"12":5,"13":5,"14":5,"15":5,"16":5,"17":5,"18":5,"19":5,"20":2,"21":2,"22":2,"23":2,"24":2,"25":1,"26":1,"27":1,"28":1,"29":0,"30":0,"31":1,"32":1,"33":0,"34":5,"35":4,"36":4,"37":4,"38":4,"39":4,"40":4,"41":4,"42":2,"43":2,"44":2,"45":1,"46":0,"47":1,"48":1,"49":1,"50":1,"51":0,"52":0,"53":0,"54":0,"55":0,"56":0,"57":0,"58":0,"59":0,"60":0,"61":0,"62":0,"63":0,"64":0,"65":0,"66":0,"67":0,"68":4,"69":0,"70":4,"71":0,"72":0,"73":4,"74":4,"75":4,"76":0,"77":4,"78":4,"79":5,"80":2,"81":2,"82":2,"83":2,"84":2,"85":2,"86":2,"87":2,"88":2,"89":2,"90":2,"91":2,"92":0,"93":0,"94":0,"95":5,"96":0,"97":0,"98":0,"99":0,"100":0,"101":0,"102":5,"103":0,"104":0,"105":0,"106":5,"107":0,"108":0,"109":0,"110":0,"111":0,"112":5,"113":2,"114":2,"115":5},"f":{"0":2,"1":2,"2":0,"3":5,"4":5,"5":2,"6":2,"7":2,"8":1,"9":0,"10":4,"11":4,"12":2,"13":1,"14":1,"15":0,"16":0,"17":0,"18":0,"19":0,"20":0,"21":0,"22":0,"23":0,"24":4,"25":2,"26":2,"27":2,"28":0,"29":0,"30":0,"31":0,"32":2},"b":{"0":[2],"1":[0,2],"2":[0,0],"3":[0,0,0],"4":[1,1],"5":[1,0],"6":[0,0],"7":[1,0],"8":[0,4],"9":[1,1],"10":[0,1],"11":[1,0],"12":[0,0],"13":[0,0],"14":[0,0],"15":[0,0],"16":[0,0],"17":[0,4],"18":[4,0],"19":[2],"20":[2,0],"21":[0,0],"22":[0,0],"23":[0,0],"24":[0,0],"25":[0,0],"26":[0,2],"27":[0,5],"28":[5,5],"29":[5,3]},"meta":{"lastBranch":30,"lastFunction":33,"lastStatement":116,"seen":{"s:18:0:21:Infinity":0,"f:24:9:24:29":0,"s:25:2:27:Infinity":1,"f:31:9:31:27":1,"b:31:53:31:68":0,"s:36:20:36:Infinity":2,"b:36:32:36:53:36:53:36:Infinity":1,"s:37:2:46:Infinity":3,"f:39:4:39:5":2,"b:41:6:43:Infinity:undefined:undefined:undefined:undefined":2,"s:41:6:43:Infinity":4,"b:41:10:41:40:41:40:41:71:41:71:41:93":3,"s:42:8:42:Infinity":5,"s:44:6:44:Infinity":6,"f:49:9:49:15":3,"s:50:77:50:Infinity":7,"s:51:49:51:Infinity":8,"s:52:67:52:Infinity":9,"s:53:61:53:Infinity":10,"s:54:24:54:Infinity":11,"s:55:28:55:Infinity":12,"s:56:36:56:Infinity":13,"s:58:8:58:Infinity":14,"f:58:27:58:33":4,"s:58:27:58:55":15,"s:59:8:59:Infinity":16,"s:60:8:60:Infinity":17,"s:61:8:61:Infinity":18,"s:63:2:88:Infinity":19,"f:63:12:63:18":5,"s:65:4:87:Infinity":20,"f:66:12:66:19":6,"s:66:19:66:29":21,"f:67:12:67:20":7,"s:68:8:68:Infinity":22,"s:70:21:70:Infinity":23,"b:71:8:83:Infinity:80:8:83:Infinity":4,"s:71:8:83:Infinity":24,"s:73:29:73:Infinity":25,"f:73:45:73:46":8,"s:73:61:73:76":26,"b:74:10:79:Infinity:76:10:79:Infinity":5,"s:74:10:79:Infinity":27,"s:75:12:75:Infinity":28,"b:76:10:79:Infinity:undefined:undefined:undefined:undefined":6,"s:76:10:79:Infinity":29,"s:78:12:78:Infinity":30,"b:80:8:83:Infinity:undefined:undefined:undefined:undefined":7,"s:80:8:83:Infinity":31,"s:82:10:82:Infinity":32,"f:85:13:85:20":9,"s:86:8:86:Infinity":33,"s:90:2:173:Infinity":34,"f:90:12:90:18":10,"s:91:31:91:Infinity":35,"s:92:42:92:Infinity":36,"s:94:20:161:Infinity":37,"f:94:20:94:26":11,"s:95:23:95:Infinity":38,"b:95:63:95:72:95:72:95:Infinity":8,"s:96:20:96:Infinity":39,"s:97:6:97:Infinity":40,"s:99:6:149:Infinity":41,"f:99:21:99:22":12,"s:100:8:148:Infinity":42,"s:101:26:101:Infinity":43,"b:102:10:145:Infinity:107:10:145:Infinity":9,"s:102:10:145:Infinity":44,"b:104:12:106:Infinity:undefined:undefined:undefined:undefined":10,"s:104:12:106:Infinity":45,"s:105:14:105:Infinity":46,"b:107:10:145:Infinity:114:8:145:Infinity":11,"s:107:10:145:Infinity":47,"s:109:10:113:Infinity":48,"f:110:18:110:25":13,"s:110:25:110:35":49,"f:111:18:111:26":14,"s:112:14:112:Infinity":50,"b:114:8:145:Infinity:125:8:145:Infinity":12,"s:114:8:145:Infinity":51,"b:116:10:118:Infinity:undefined:undefined:undefined:undefined":13,"s:116:10:118:Infinity":52,"s:117:12:117:Infinity":53,"s:120:10:124:Infinity":54,"f:121:18:121:25":15,"s:121:25:121:35":55,"f:122:18:122:26":16,"s:123:14:123:Infinity":56,"b:125:8:145:Infinity:undefined:undefined:undefined:undefined":14,"s:125:8:145:Infinity":57,"b:127:10:144:Infinity:137:17:144:Infinity":15,"s:127:10:144:Infinity":58,"s:129:12:136:Infinity":59,"f:130:20:130:27":17,"s:130:27:130:37":60,"f:131:20:131:28":18,"s:132:16:132:Infinity":61,"b:133:16:135:Infinity:undefined:undefined:undefined:undefined":16,"s:133:16:135:Infinity":62,"s:134:18:134:Infinity":63,"s:139:12:143:Infinity":64,"f:140:20:140:27":19,"s:140:27:140:37":65,"f:141:20:141:28":20,"s:142:16:142:Infinity":66,"s:147:10:147:Infinity":67,"s:151:6:153:Infinity":68,"f:151:19:151:20":21,"s:152:8:152:Infinity":69,"s:155:6:160:Infinity":70,"f:155:19:155:25":22,"s:157:8:159:Infinity":71,"f:157:38:157:44":23,"s:158:10:158:Infinity":72,"s:163:4:163:Infinity":73,"s:165:4:172:Infinity":74,"f:165:11:165:17":24,"b:166:6:168:Infinity:undefined:undefined:undefined:undefined":17,"s:166:6:168:Infinity":75,"s:167:8:167:Infinity":76,"b:169:6:171:Infinity:undefined:undefined:undefined:undefined":18,"s:169:6:171:Infinity":77,"s:170:8:170:Infinity":78,"s:175:19:202:Infinity":79,"f:175:19:175:20":25,"b:175:52:175:62":19,"s:176:4:201:Infinity":80,"f:177:12:177:19":26,"s:177:19:177:29":81,"f:178:12:178:20":27,"s:180:19:180:Infinity":82,"s:182:8:182:Infinity":83,"s:184:8:184:Infinity":84,"s:185:8:185:Infinity":85,"b:187:8:197:Infinity:undefined:undefined:undefined:undefined":20,"s:187:8:197:Infinity":86,"s:188:10:188:Infinity":87,"s:190:10:190:Infinity":88,"s:192:24:192:Infinity":89,"s:193:10:196:Infinity":90,"s:193:23:193:26":91,"s:194:31:194:Infinity":92,"s:195:12:195:Infinity":93,"f:199:13:199:20":28,"s:200:8:200:Infinity":94,"s:204:28:209:Infinity":95,"f:204:28:204:34":29,"s:205:4:205:Infinity":96,"s:206:4:206:Infinity":97,"b:207:4:207:Infinity:undefined:undefined:undefined:undefined":21,"s:207:4:207:Infinity":98,"s:207:28:207:Infinity":99,"b:208:4:208:Infinity:undefined:undefined:undefined:undefined":22,"s:208:4:208:Infinity":100,"s:208:28:208:Infinity":101,"s:211:23:216:Infinity":102,"f:211:23:211:24":30,"b:212:4:215:Infinity:undefined:undefined:undefined:undefined":23,"s:212:4:215:Infinity":103,"s:213:23:213:Infinity":104,"s:214:6:214:Infinity":105,"s:218:26:222:Infinity":106,"f:218:26:218:32":31,"s:219:4:219:Infinity":107,"b:220:4:220:Infinity:undefined:undefined:undefined:undefined":24,"s:220:4:220:Infinity":108,"s:220:28:220:Infinity":109,"b:221:4:221:Infinity:undefined:undefined:undefined:undefined":25,"s:221:4:221:Infinity":110,"s:221:28:221:Infinity":111,"s:225:2:228:Infinity":112,"f:225:12:225:18":32,"s:226:25:226:Infinity":113,"b:226:39:226:56:226:56:226:Infinity":26,"s:227:4:227:Infinity":114,"s:232:2:264:Infinity":115,"b:233:41:233:63:233:63:233:65":27,"b:253:9:253:Infinity:254:10:258:Infinity":28,"b:262:9:262:20:262:20:262:Infinity":29}}}
,"/Users/stefano/Documents/mdserve/frontend/src/CodeBlockEnhancements.css": {"path":"/Users/stefano/Documents/mdserve/frontend/src/CodeBlockEnhancements.css","statementMap":{},"fnMap":{},"branchMap":{},"s":{},"f":{},"b":{},"meta":{"lastBranch":0,"lastFunction":0,"lastStatement":0,"seen":{}}}
,"/Users/stefano/Documents/mdserve/frontend/src/components/CodeBlock.css": {"path":"/Users/stefano/Documents/mdserve/frontend/src/components/CodeBlock.css","statementMap":{},"fnMap":{},"branchMap":{},"s":{},"f":{},"b":{},"meta":{"lastBranch":0,"lastFunction":0,"lastStatement":0,"seen":{}}}
,"/Users/stefano/Documents/mdserve/frontend/src/components/CodeBlock.tsx": {"path":"/Users/stefano/Documents/mdserve/frontend/src/components/CodeBlock.tsx","statementMap":{"0":{"start":{"line":24,"column":8},"end":{"line":24,"column":null}},"1":{"start":{"line":25,"column":44},"end":{"line":28,"column":null}},"2":{"start":{"line":27,"column":4},"end":{"line":27,"column":null}},"3":{"start":{"line":29,"column":26},"end":{"line":29,"column":null}},"4":{"start":{"line":31,"column":2},"end":{"line":35,"column":null}},"5":{"start":{"line":32,"column":4},"end":{"line":34,"column":null}},"6":{"start":{"line":33,"column":6},"end":{"line":33,"column":null}},"7":{"start":{"line":37,"column":21},"end":{"line":45,"column":null}},"8":{"start":{"line":38,"column":4},"end":{"line":44,"column":null}},"9":{"start":{"line":39,"column":6},"end":{"line":39,"column":null}},"10":{"start":{"line":40,"column":6},"end":{"line":40,"column":null}},"11":{"start":{"line":41,"column":6},"end":{"line":41,"column":null}},"12":{"start":{"line":41,"column":23},"end":{"line":41,"column":41}},"13":{"start":{"line":43,"column":6},"end":{"line":43,"column":null}},"14":{"start":{"line":47,"column":28},"end":{"line":51,"column":null}},"15":{"start":{"line":48,"column":21},"end":{"line":48,"column":null}},"16":{"start":{"line":49,"column":4},"end":{"line":49,"column":null}},"17":{"start":{"line":50,"column":4},"end":{"line":50,"column":null}},"18":{"start":{"line":54,"column":27},"end":{"line":65,"column":null}},"19":{"start":{"line":55,"column":44},"end":{"line":63,"column":null}},"20":{"start":{"line":64,"column":4},"end":{"line":64,"column":null}},"21":{"start":{"line":67,"column":24},"end":{"line":67,"column":null}},"22":{"start":{"line":68,"column":26},"end":{"line":68,"column":null}},"23":{"start":{"line":70,"column":2},"end":{"line":114,"column":null}}},"fnMap":{"0":{"name":"CodeBlock","decl":{"start":{"line":23,"column":16},"end":{"line":23,"column":26}},"loc":{"start":{"line":23,"column":62},"end":{"line":116,"column":null}},"line":23},"1":{"name":"(anonymous_1)","decl":{"start":{"line":25,"column":57},"end":{"line":25,"column":63}},"loc":{"start":{"line":25,"column":63},"end":{"line":28,"column":3}},"line":25},"2":{"name":"(anonymous_2)","decl":{"start":{"line":31,"column":12},"end":{"line":31,"column":18}},"loc":{"start":{"line":31,"column":18},"end":{"line":35,"column":5}},"line":31},"3":{"name":"(anonymous_3)","decl":{"start":{"line":37,"column":21},"end":{"line":37,"column":33}},"loc":{"start":{"line":37,"column":33},"end":{"line":45,"column":null}},"line":37},"4":{"name":"(anonymous_4)","decl":{"start":{"line":41,"column":17},"end":{"line":41,"column":23}},"loc":{"start":{"line":41,"column":23},"end":{"line":41,"column":41}},"line":41},"5":{"name":"(anonymous_5)","decl":{"start":{"line":47,"column":28},"end":{"line":47,"column":34}},"loc":{"start":{"line":47,"column":34},"end":{"line":51,"column":null}},"line":47},"6":{"name":"(anonymous_6)","decl":{"start":{"line":54,"column":27},"end":{"line":54,"column":28}},"loc":{"start":{"line":54,"column":53},"end":{"line":65,"column":null}},"line":54}},"branchMap":{"0":{"loc":{"start":{"line":32,"column":4},"end":{"line":34,"column":null}},"type":"if","locations":[{"start":{"line":32,"column":4},"end":{"line":34,"column":null}},{"start":{},"end":{}}],"line":32},"1":{"loc":{"start":{"line":64,"column":11},"end":{"line":64,"column":null}},"type":"binary-expr","locations":[{"start":{"line":64,"column":11},"end":{"line":64,"column":28}},{"start":{"line":64,"column":28},"end":{"line":64,"column":null}}],"line":64},"2":{"loc":{"start":{"line":68,"column":26},"end":{"line":68,"column":null}},"type":"cond-expr","locations":[{"start":{"line":68,"column":44},"end":{"line":68,"column":61}},{"start":{"line":68,"column":61},"end":{"line":68,"column":null}}],"line":68},"3":{"loc":{"start":{"line":76,"column":41},"end":{"line":76,"column":72}},"type":"cond-expr","locations":[{"start":{"line":76,"column":59},"end":{"line":76,"column":70}},{"start":{"line":76,"column":70},"end":{"line":76,"column":72}}],"line":76},"4":{"loc":{"start":{"line":91,"column":41},"end":{"line":91,"column":63}},"type":"cond-expr","locations":[{"start":{"line":91,"column":50},"end":{"line":91,"column":61}},{"start":{"line":91,"column":61},"end":{"line":91,"column":63}}],"line":91},"5":{"loc":{"start":{"line":94,"column":19},"end":{"line":94,"column":null}},"type":"cond-expr","locations":[{"start":{"line":94,"column":28},"end":{"line":94,"column":40}},{"start":{"line":94,"column":40},"end":{"line":94,"column":null}}],"line":94},"6":{"loc":{"start":{"line":96,"column":13},"end":{"line":104,"column":null}},"type":"cond-expr","locations":[{"start":{"line":97,"column":14},"end":{"line":99,"column":null}},{"start":{"line":101,"column":14},"end":{"line":104,"column":null}}],"line":96}},"s":{"0":17,"1":17,"2":13,"3":17,"4":17,"5":13,"6":13,"7":17,"8":2,"9":2,"10":1,"11":1,"12":0,"13":1,"14":17,"15":3,"16":3,"17":3,"18":17,"19":17,"20":17,"21":17,"22":17,"23":17},"f":{"0":17,"1":13,"2":13,"3":2,"4":0,"5":3,"6":17},"b":{"0":[13,0],"1":[17,16],"2":[2,15],"3":[2,15],"4":[1,16],"5":[1,16],"6":[1,16]},"meta":{"lastBranch":7,"lastFunction":7,"lastStatement":24,"seen":{"f:23:16:23:26":0,"s:24:8:24:Infinity":0,"s:25:44:28:Infinity":1,"f:25:57:25:63":1,"s:27:4:27:Infinity":2,"s:29:26:29:Infinity":3,"s:31:2:35:Infinity":4,"f:31:12:31:18":2,"b:32:4:34:Infinity:undefined:undefined:undefined:undefined":0,"s:32:4:34:Infinity":5,"s:33:6:33:Infinity":6,"s:37:21:45:Infinity":7,"f:37:21:37:33":3,"s:38:4:44:Infinity":8,"s:39:6:39:Infinity":9,"s:40:6:40:Infinity":10,"s:41:6:41:Infinity":11,"f:41:17:41:23":4,"s:41:23:41:41":12,"s:43:6:43:Infinity":13,"s:47:28:51:Infinity":14,"f:47:28:47:34":5,"s:48:21:48:Infinity":15,"s:49:4:49:Infinity":16,"s:50:4:50:Infinity":17,"s:54:27:65:Infinity":18,"f:54:27:54:28":6,"s:55:44:63:Infinity":19,"s:64:4:64:Infinity":20,"b:64:11:64:28:64:28:64:Infinity":1,"s:67:24:67:Infinity":21,"s:68:26:68:Infinity":22,"b:68:44:68:61:68:61:68:Infinity":2,"s:70:2:114:Infinity":23,"b:76:59:76:70:76:70:76:72":3,"b:91:50:91:61:91:61:91:63":4,"b:94:28:94:40:94:40:94:Infinity":5,"b:97:14:99:Infinity:101:14:104:Infinity":6}}}
,"/Users/stefano/Documents/mdserve/frontend/src/components/FileTree.css": {"path":"/Users/stefano/Documents/mdserve/frontend/src/components/FileTree.css","statementMap":{},"fnMap":{},"branchMap":{},"s":{},"f":{},"b":{},"meta":{"lastBranch":0,"lastFunction":0,"lastStatement":0,"seen":{}}}
,"/Users/stefano/Documents/mdserve/frontend/src/components/FileTree.tsx": {"path":"/Users/stefano/Documents/mdserve/frontend/src/components/FileTree.tsx","statementMap":{"0":{"start":{"line":23,"column":6},"end":{"line":66,"column":null}},"1":{"start":{"line":24,"column":2},"end":{"line":53,"column":null}},"2":{"start":{"line":25,"column":21},"end":{"line":25,"column":null}},"3":{"start":{"line":27,"column":4},"end":{"line":51,"column":null}},"4":{"start":{"line":31,"column":25},"end":{"line":31,"column":null}},"5":{"start":{"line":40,"column":14},"end":{"line":47,"column":null}},"6":{"start":{"line":55,"column":2},"end":{"line":64,"column":null}},"7":{"start":{"line":58,"column":23},"end":{"line":58,"column":null}},"8":{"start":{"line":69,"column":13},"end":{"line":84,"column":null}},"9":{"start":{"line":70,"column":2},"end":{"line":82,"column":null}},"10":{"start":{"line":73,"column":8},"end":{"line":80,"column":null}}},"fnMap":{"0":{"name":"TreeNode2","decl":{"start":{"line":23,"column":31},"end":{"line":23,"column":40}},"loc":{"start":{"line":23,"column":124},"end":{"line":66,"column":1}},"line":23},"1":{"name":"(anonymous_1)","decl":{"start":{"line":31,"column":19},"end":{"line":31,"column":25}},"loc":{"start":{"line":31,"column":25},"end":{"line":31,"column":null}},"line":31},"2":{"name":"(anonymous_2)","decl":{"start":{"line":39,"column":31},"end":{"line":39,"column":null}},"loc":{"start":{"line":40,"column":14},"end":{"line":47,"column":null}},"line":40},"3":{"name":"(anonymous_3)","decl":{"start":{"line":58,"column":17},"end":{"line":58,"column":23}},"loc":{"start":{"line":58,"column":23},"end":{"line":58,"column":null}},"line":58},"4":{"name":"FileTree2","decl":{"start":{"line":69,"column":38},"end":{"line":69,"column":47}},"loc":{"start":{"line":69,"column":128},"end":{"line":84,"column":1}},"line":69},"5":{"name":"(anonymous_5)","decl":{"start":{"line":72,"column":17},"end":{"line":72,"column":null}},"loc":{"start":{"line":73,"column":8},"end":{"line":80,"column":null}},"line":73}},"branchMap":{"0":{"loc":{"start":{"line":24,"column":2},"end":{"line":53,"column":null}},"type":"if","locations":[{"start":{"line":24,"column":2},"end":{"line":53,"column":null}},{"start":{},"end":{}}],"line":24},"1":{"loc":{"start":{"line":33,"column":43},"end":{"line":33,"column":69}},"type":"cond-expr","locations":[{"start":{"line":33,"column":54},"end":{"line":33,"column":67}},{"start":{"line":33,"column":67},"end":{"line":33,"column":69}}],"line":33},"2":{"loc":{"start":{"line":37,"column":9},"end":{"line":49,"column":null}},"type":"binary-expr","locations":[{"start":{"line":37,"column":9},"end":{"line":37,"column":21}},{"start":{"line":37,"column":21},"end":{"line":37,"column":38}},{"start":{"line":37,"column":38},"end":{"line":37,"column":null}},{"start":{"line":38,"column":10},"end":{"line":49,"column":null}}],"line":37},"3":{"loc":{"start":{"line":59,"column":19},"end":{"line":59,"column":null}},"type":"cond-expr","locations":[{"start":{"line":59,"column":47},"end":{"line":59,"column":58}},{"start":{"line":59,"column":58},"end":{"line":59,"column":null}}],"line":59}},"s":{"0":2,"1":33,"2":13,"3":13,"4":1,"5":12,"6":20,"7":1,"8":2,"9":14,"10":21},"f":{"0":33,"1":1,"2":12,"3":1,"4":14,"5":21},"b":{"0":[13,20],"1":[7,6],"2":[13,7,7,7],"3":[8,12]},"meta":{"lastBranch":4,"lastFunction":6,"lastStatement":11,"seen":{"s:23:6:66:Infinity":0,"f:23:31:23:40":0,"b:24:2:53:Infinity:undefined:undefined:undefined:undefined":0,"s:24:2:53:Infinity":1,"s:25:21:25:Infinity":2,"s:27:4:51:Infinity":3,"f:31:19:31:25":1,"s:31:25:31:Infinity":4,"b:33:54:33:67:33:67:33:69":1,"b:37:9:37:21:37:21:37:38:37:38:37:Infinity:38:10:49:Infinity":2,"f:39:31:39:Infinity":2,"s:40:14:47:Infinity":5,"s:55:2:64:Infinity":6,"f:58:17:58:23":3,"s:58:23:58:Infinity":7,"b:59:47:59:58:59:58:59:Infinity":3,"s:69:13:84:Infinity":8,"f:69:38:69:47":4,"s:70:2:82:Infinity":9,"f:72:17:72:Infinity":5,"s:73:8:80:Infinity":10}}}
,"/Users/stefano/Documents/mdserve/frontend/src/components/MarkdownContent.tsx": {"path":"/Users/stefano/Documents/mdserve/frontend/src/components/MarkdownContent.tsx","statementMap":{"0":{"start":{"line":14,"column":43},"end":{"line":14,"column":null}},"1":{"start":{"line":16,"column":2},"end":{"line":23,"column":null}},"2":{"start":{"line":17,"column":30},"end":{"line":17,"column":null}},"3":{"start":{"line":17,"column":55},"end":{"line":17,"column":63}},"4":{"start":{"line":18,"column":4},"end":{"line":22,"column":null}},"5":{"start":{"line":20,"column":28},"end":{"line":20,"column":null}},"6":{"start":{"line":20,"column":73},"end":{"line":20,"column":93}},"7":{"start":{"line":21,"column":6},"end":{"line":21,"column":null}},"8":{"start":{"line":25,"column":2},"end":{"line":25,"column":null}},"9":{"start":{"line":30,"column":13},"end":{"line":134,"column":null}},"10":{"start":{"line":31,"column":17},"end":{"line":31,"column":null}},"11":{"start":{"line":32,"column":14},"end":{"line":32,"column":null}},"12":{"start":{"line":34,"column":18},"end":{"line":34,"column":null}},"13":{"start":{"line":36,"column":29},"end":{"line":126,"column":null}},"14":{"start":{"line":38,"column":4},"end":{"line":40,"column":null}},"15":{"start":{"line":39,"column":6},"end":{"line":39,"column":null}},"16":{"start":{"line":43,"column":4},"end":{"line":123,"column":null}},"17":{"start":{"line":44,"column":22},"end":{"line":44,"column":null}},"18":{"start":{"line":45,"column":22},"end":{"line":45,"column":null}},"19":{"start":{"line":48,"column":6},"end":{"line":67,"column":null}},"20":{"start":{"line":49,"column":28},"end":{"line":49,"column":null}},"21":{"start":{"line":50,"column":8},"end":{"line":66,"column":null}},"22":{"start":{"line":51,"column":28},"end":{"line":51,"column":null}},"23":{"start":{"line":52,"column":32},"end":{"line":52,"column":null}},"24":{"start":{"line":54,"column":10},"end":{"line":65,"column":null}},"25":{"start":{"line":55,"column":29},"end":{"line":55,"column":null}},"26":{"start":{"line":56,"column":25},"end":{"line":56,"column":null}},"27":{"start":{"line":59,"column":12},"end":{"line":61,"column":null}},"28":{"start":{"line":60,"column":14},"end":{"line":60,"column":null}},"29":{"start":{"line":64,"column":12},"end":{"line":64,"column":null}},"30":{"start":{"line":70,"column":6},"end":{"line":94,"column":null}},"31":{"start":{"line":71,"column":25},"end":{"line":71,"column":null}},"32":{"start":{"line":72,"column":8},"end":{"line":93,"column":null}},"33":{"start":{"line":73,"column":28},"end":{"line":73,"column":null}},"34":{"start":{"line":74,"column":31},"end":{"line":74,"column":null}},"35":{"start":{"line":77,"column":27},"end":{"line":80,"column":null}},"36":{"start":{"line":78,"column":29},"end":{"line":78,"column":47}},"37":{"start":{"line":79,"column":31},"end":{"line":79,"column":59}},"38":{"start":{"line":80,"column":29},"end":{"line":80,"column":59}},"39":{"start":{"line":82,"column":10},"end":{"line":91,"column":null}},"40":{"start":{"line":97,"column":23},"end":{"line":99,"column":null}},"41":{"start":{"line":98,"column":8},"end":{"line":98,"column":null}},"42":{"start":{"line":102,"column":41},"end":{"line":102,"column":null}},"43":{"start":{"line":103,"column":6},"end":{"line":119,"column":null}},"44":{"start":{"line":103,"column":19},"end":{"line":103,"column":22}},"45":{"start":{"line":104,"column":21},"end":{"line":104,"column":null}},"46":{"start":{"line":105,"column":8},"end":{"line":118,"column":null}},"47":{"start":{"line":107,"column":10},"end":{"line":117,"column":null}},"48":{"start":{"line":108,"column":12},"end":{"line":108,"column":null}},"49":{"start":{"line":109,"column":10},"end":{"line":117,"column":null}},"50":{"start":{"line":112,"column":12},"end":{"line":112,"column":null}},"51":{"start":{"line":116,"column":12},"end":{"line":116,"column":null}},"52":{"start":{"line":122,"column":6},"end":{"line":122,"column":null}},"53":{"start":{"line":125,"column":4},"end":{"line":125,"column":null}},"54":{"start":{"line":129,"column":24},"end":{"line":131,"column":null}},"55":{"start":{"line":130,"column":4},"end":{"line":130,"column":null}},"56":{"start":{"line":133,"column":2},"end":{"line":133,"column":null}}},"fnMap":{"0":{"name":"parseStyleString","decl":{"start":{"line":13,"column":9},"end":{"line":13,"column":26}},"loc":{"start":{"line":13,"column":68},"end":{"line":26,"column":null}},"line":13},"1":{"name":"(anonymous_1)","decl":{"start":{"line":16,"column":30},"end":{"line":16,"column":38}},"loc":{"start":{"line":16,"column":38},"end":{"line":23,"column":3}},"line":16},"2":{"name":"(anonymous_2)","decl":{"start":{"line":17,"column":50},"end":{"line":17,"column":55}},"loc":{"start":{"line":17,"column":55},"end":{"line":17,"column":63}},"line":17},"3":{"name":"(anonymous_3)","decl":{"start":{"line":20,"column":58},"end":{"line":20,"column":59}},"loc":{"start":{"line":20,"column":73},"end":{"line":20,"column":93}},"line":20},"4":{"name":"MarkdownContent2","decl":{"start":{"line":30,"column":45},"end":{"line":30,"column":61}},"loc":{"start":{"line":30,"column":110},"end":{"line":134,"column":1}},"line":30},"5":{"name":"(anonymous_5)","decl":{"start":{"line":36,"column":29},"end":{"line":36,"column":30}},"loc":{"start":{"line":36,"column":69},"end":{"line":126,"column":null}},"line":36},"6":{"name":"(anonymous_6)","decl":{"start":{"line":78,"column":20},"end":{"line":78,"column":29}},"loc":{"start":{"line":78,"column":29},"end":{"line":78,"column":47}},"line":78},"7":{"name":"(anonymous_7)","decl":{"start":{"line":79,"column":17},"end":{"line":79,"column":18}},"loc":{"start":{"line":79,"column":31},"end":{"line":79,"column":59}},"line":79},"8":{"name":"(anonymous_8)","decl":{"start":{"line":80,"column":20},"end":{"line":80,"column":29}},"loc":{"start":{"line":80,"column":29},"end":{"line":80,"column":59}},"line":80},"9":{"name":"(anonymous_9)","decl":{"start":{"line":97,"column":58},"end":{"line":97,"column":59}},"loc":{"start":{"line":98,"column":8},"end":{"line":98,"column":null}},"line":98},"10":{"name":"(anonymous_10)","decl":{"start":{"line":129,"column":60},"end":{"line":129,"column":61}},"loc":{"start":{"line":130,"column":4},"end":{"line":130,"column":null}},"line":130}},"branchMap":{"0":{"loc":{"start":{"line":18,"column":4},"end":{"line":22,"column":null}},"type":"if","locations":[{"start":{"line":18,"column":4},"end":{"line":22,"column":null}},{"start":{},"end":{}}],"line":18},"1":{"loc":{"start":{"line":18,"column":8},"end":{"line":18,"column":27}},"type":"binary-expr","locations":[{"start":{"line":18,"column":8},"end":{"line":18,"column":20}},{"start":{"line":18,"column":20},"end":{"line":18,"column":27}}],"line":18},"2":{"loc":{"start":{"line":38,"column":4},"end":{"line":40,"column":null}},"type":"if","locations":[{"start":{"line":38,"column":4},"end":{"line":40,"column":null}},{"start":{},"end":{}}],"line":38},"3":{"loc":{"start":{"line":43,"column":4},"end":{"line":123,"column":null}},"type":"if","locations":[{"start":{"line":43,"column":4},"end":{"line":123,"column":null}},{"start":{},"end":{}}],"line":43},"4":{"loc":{"start":{"line":48,"column":6},"end":{"line":67,"column":null}},"type":"if","locations":[{"start":{"line":48,"column":6},"end":{"line":67,"column":null}},{"start":{},"end":{}}],"line":48},"5":{"loc":{"start":{"line":50,"column":8},"end":{"line":66,"column":null}},"type":"if","locations":[{"start":{"line":50,"column":8},"end":{"line":66,"column":null}},{"start":{},"end":{}}],"line":50},"6":{"loc":{"start":{"line":54,"column":10},"end":{"line":65,"column":null}},"type":"if","locations":[{"start":{"line":54,"column":10},"end":{"line":65,"column":null}},{"start":{},"end":{}}],"line":54},"7":{"loc":{"start":{"line":55,"column":29},"end":{"line":55,"column":null}},"type":"binary-expr","locations":[{"start":{"line":55,"column":29},"end":{"line":55,"column":49}},{"start":{"line":55,"column":49},"end":{"line":55,"column":null}}],"line":55},"8":{"loc":{"start":{"line":56,"column":25},"end":{"line":56,"column":null}},"type":"binary-expr","locations":[{"start":{"line":56,"column":25},"end":{"line":56,"column":52}},{"start":{"line":56,"column":52},"end":{"line":56,"column":null}}],"line":56},"9":{"loc":{"start":{"line":59,"column":12},"end":{"line":61,"column":null}},"type":"if","locations":[{"start":{"line":59,"column":12},"end":{"line":61,"column":null}},{"start":{},"end":{}}],"line":59},"10":{"loc":{"start":{"line":70,"column":6},"end":{"line":94,"column":null}},"type":"if","locations":[{"start":{"line":70,"column":6},"end":{"line":94,"column":null}},{"start":{},"end":{}}],"line":70},"11":{"loc":{"start":{"line":70,"column":10},"end":{"line":70,"column":79}},"type":"binary-expr","locations":[{"start":{"line":70,"column":10},"end":{"line":70,"column":30}},{"start":{"line":70,"column":30},"end":{"line":70,"column":79}}],"line":70},"12":{"loc":{"start":{"line":72,"column":8},"end":{"line":93,"column":null}},"type":"if","locations":[{"start":{"line":72,"column":8},"end":{"line":93,"column":null}},{"start":{},"end":{}}],"line":72},"13":{"loc":{"start":{"line":80,"column":29},"end":{"line":80,"column":59}},"type":"binary-expr","locations":[{"start":{"line":80,"column":29},"end":{"line":80,"column":45}},{"start":{"line":80,"column":45},"end":{"line":80,"column":59}}],"line":80},"14":{"loc":{"start":{"line":105,"column":8},"end":{"line":118,"column":null}},"type":"if","locations":[{"start":{"line":105,"column":8},"end":{"line":118,"column":null}},{"start":{},"end":{}}],"line":105},"15":{"loc":{"start":{"line":107,"column":10},"end":{"line":117,"column":null}},"type":"if","locations":[{"start":{"line":107,"column":10},"end":{"line":117,"column":null}},{"start":{"line":109,"column":10},"end":{"line":117,"column":null}}],"line":107},"16":{"loc":{"start":{"line":109,"column":10},"end":{"line":117,"column":null}},"type":"if","locations":[{"start":{"line":109,"column":10},"end":{"line":117,"column":null}},{"start":{"line":115,"column":15},"end":{"line":117,"column":null}}],"line":109}},"s":{"0":1,"1":1,"2":4,"3":7,"4":4,"5":3,"6":2,"7":3,"8":1,"9":4,"10":24,"11":24,"12":24,"13":24,"14":908,"15":573,"16":335,"17":333,"18":333,"19":333,"20":8,"21":8,"22":8,"23":8,"24":8,"25":8,"26":8,"27":8,"28":4,"29":4,"30":325,"31":34,"32":34,"33":34,"34":34,"35":34,"36":80,"37":46,"38":46,"39":34,"40":291,"41":704,"42":291,"43":291,"44":291,"45":58,"46":58,"47":58,"48":10,"49":48,"50":1,"51":47,"52":291,"53":2,"54":24,"55":158,"56":24},"f":{"0":1,"1":4,"2":7,"3":2,"4":24,"5":908,"6":80,"7":46,"8":46,"9":704,"10":158},"b":{"0":[3,1],"1":[4,3],"2":[573,335],"3":[333,2],"4":[8,325],"5":[8,0],"6":[8,0],"7":[8,0],"8":[8,0],"9":[4,4],"10":[34,291],"11":[325,63],"12":[34,0],"13":[46,46],"14":[58,0],"15":[10,48],"16":[1,47]},"meta":{"lastBranch":17,"lastFunction":11,"lastStatement":57,"seen":{"f:13:9:13:26":0,"s:14:43:14:Infinity":0,"s:16:2:23:Infinity":1,"f:16:30:16:38":1,"s:17:30:17:Infinity":2,"f:17:50:17:55":2,"s:17:55:17:63":3,"b:18:4:22:Infinity:undefined:undefined:undefined:undefined":0,"s:18:4:22:Infinity":4,"b:18:8:18:20:18:20:18:27":1,"s:20:28:20:Infinity":5,"f:20:58:20:59":3,"s:20:73:20:93":6,"s:21:6:21:Infinity":7,"s:25:2:25:Infinity":8,"s:30:13:134:Infinity":9,"f:30:45:30:61":4,"s:31:17:31:Infinity":10,"s:32:14:32:Infinity":11,"s:34:18:34:Infinity":12,"s:36:29:126:Infinity":13,"f:36:29:36:30":5,"b:38:4:40:Infinity:undefined:undefined:undefined:undefined":2,"s:38:4:40:Infinity":14,"s:39:6:39:Infinity":15,"b:43:4:123:Infinity:undefined:undefined:undefined:undefined":3,"s:43:4:123:Infinity":16,"s:44:22:44:Infinity":17,"s:45:22:45:Infinity":18,"b:48:6:67:Infinity:undefined:undefined:undefined:undefined":4,"s:48:6:67:Infinity":19,"s:49:28:49:Infinity":20,"b:50:8:66:Infinity:undefined:undefined:undefined:undefined":5,"s:50:8:66:Infinity":21,"s:51:28:51:Infinity":22,"s:52:32:52:Infinity":23,"b:54:10:65:Infinity:undefined:undefined:undefined:undefined":6,"s:54:10:65:Infinity":24,"s:55:29:55:Infinity":25,"b:55:29:55:49:55:49:55:Infinity":7,"s:56:25:56:Infinity":26,"b:56:25:56:52:56:52:56:Infinity":8,"b:59:12:61:Infinity:undefined:undefined:undefined:undefined":9,"s:59:12:61:Infinity":27,"s:60:14:60:Infinity":28,"s:64:12:64:Infinity":29,"b:70:6:94:Infinity:undefined:undefined:undefined:undefined":10,"s:70:6:94:Infinity":30,"b:70:10:70:30:70:30:70:79":11,"s:71:25:71:Infinity":31,"b:72:8:93:Infinity:undefined:undefined:undefined:undefined":12,"s:72:8:93:Infinity":32,"s:73:28:73:Infinity":33,"s:74:31:74:Infinity":34,"s:77:27:80:Infinity":35,"f:78:20:78:29":6,"s:78:29:78:47":36,"f:79:17:79:18":7,"s:79:31:79:59":37,"f:80:20:80:29":8,"s:80:29:80:59":38,"b:80:29:80:45:80:45:80:59":13,"s:82:10:91:Infinity":39,"s:97:23:99:Infinity":40,"f:97:58:97:59":9,"s:98:8:98:Infinity":41,"s:102:41:102:Infinity":42,"s:103:6:119:Infinity":43,"s:103:19:103:22":44,"s:104:21:104:Infinity":45,"b:105:8:118:Infinity:undefined:undefined:undefined:undefined":14,"s:105:8:118:Infinity":46,"b:107:10:117:Infinity:109:10:117:Infinity":15,"s:107:10:117:Infinity":47,"s:108:12:108:Infinity":48,"b:109:10:117:Infinity:115:15:117:Infinity":16,"s:109:10:117:Infinity":49,"s:112:12:112:Infinity":50,"s:116:12:116:Infinity":51,"s:122:6:122:Infinity":52,"s:125:4:125:Infinity":53,"s:129:24:131:Infinity":54,"f:129:60:129:61":10,"s:130:4:130:Infinity":55,"s:133:2:133:Infinity":56}}}
,"/Users/stefano/Documents/mdserve/frontend/src/components/MermaidDiagram.css": {"path":"/Users/stefano/Documents/mdserve/frontend/src/components/MermaidDiagram.css","statementMap":{},"fnMap":{},"branchMap":{},"s":{},"f":{},"b":{},"meta":{"lastBranch":0,"lastFunction":0,"lastStatement":0,"seen":{}}}
,"/Users/stefano/Documents/mdserve/frontend/src/components/MermaidDiagram.tsx": {"path":"/Users/stefano/Documents/mdserve/frontend/src/components/MermaidDiagram.tsx","statementMap":{"0":{"start":{"line":10,"column":25},"end":{"line":10,"column":null}},"1":{"start":{"line":13,"column":8},"end":{"line":13,"column":null}},"2":{"start":{"line":14,"column":24},"end":{"line":14,"column":null}},"3":{"start":{"line":15,"column":18},"end":{"line":15,"column":null}},"4":{"start":{"line":15,"column":37},"end":{"line":15,"column":89}},"5":{"start":{"line":17,"column":2},"end":{"line":37,"column":null}},"6":{"start":{"line":18,"column":4},"end":{"line":36,"column":null}},"7":{"start":{"line":19,"column":6},"end":{"line":34,"column":null}},"8":{"start":{"line":35,"column":6},"end":{"line":35,"column":null}},"9":{"start":{"line":39,"column":2},"end":{"line":62,"column":null}},"10":{"start":{"line":40,"column":26},"end":{"line":59,"column":null}},"11":{"start":{"line":41,"column":6},"end":{"line":41,"column":null}},"12":{"start":{"line":41,"column":43},"end":{"line":41,"column":null}},"13":{"start":{"line":43,"column":6},"end":{"line":58,"column":null}},"14":{"start":{"line":44,"column":8},"end":{"line":44,"column":null}},"15":{"start":{"line":47,"column":8},"end":{"line":47,"column":null}},"16":{"start":{"line":50,"column":24},"end":{"line":50,"column":null}},"17":{"start":{"line":52,"column":8},"end":{"line":54,"column":null}},"18":{"start":{"line":53,"column":10},"end":{"line":53,"column":null}},"19":{"start":{"line":56,"column":8},"end":{"line":56,"column":null}},"20":{"start":{"line":57,"column":8},"end":{"line":57,"column":null}},"21":{"start":{"line":61,"column":4},"end":{"line":61,"column":null}},"22":{"start":{"line":64,"column":2},"end":{"line":75,"column":null}},"23":{"start":{"line":65,"column":4},"end":{"line":73,"column":null}},"24":{"start":{"line":77,"column":2},"end":{"line":80,"column":null}}},"fnMap":{"0":{"name":"MermaidDiagram","decl":{"start":{"line":12,"column":16},"end":{"line":12,"column":31}},"loc":{"start":{"line":12,"column":82},"end":{"line":82,"column":null}},"line":12},"1":{"name":"(anonymous_1)","decl":{"start":{"line":15,"column":31},"end":{"line":15,"column":37}},"loc":{"start":{"line":15,"column":37},"end":{"line":15,"column":89}},"line":15},"2":{"name":"(anonymous_2)","decl":{"start":{"line":17,"column":12},"end":{"line":17,"column":18}},"loc":{"start":{"line":17,"column":18},"end":{"line":37,"column":5}},"line":17},"3":{"name":"(anonymous_3)","decl":{"start":{"line":39,"column":12},"end":{"line":39,"column":18}},"loc":{"start":{"line":39,"column":18},"end":{"line":62,"column":5}},"line":39},"4":{"name":"(anonymous_4)","decl":{"start":{"line":40,"column":26},"end":{"line":40,"column":38}},"loc":{"start":{"line":40,"column":38},"end":{"line":59,"column":null}},"line":40}},"branchMap":{"0":{"loc":{"start":{"line":12,"column":40},"end":{"line":12,"column":58}},"type":"default-arg","locations":[{"start":{"line":12,"column":48},"end":{"line":12,"column":58}}],"line":12},"1":{"loc":{"start":{"line":18,"column":4},"end":{"line":36,"column":null}},"type":"if","locations":[{"start":{"line":18,"column":4},"end":{"line":36,"column":null}},{"start":{},"end":{}}],"line":18},"2":{"loc":{"start":{"line":21,"column":15},"end":{"line":21,"column":null}},"type":"cond-expr","locations":[{"start":{"line":21,"column":92},"end":{"line":21,"column":101}},{"start":{"line":21,"column":101},"end":{"line":21,"column":null}}],"line":21},"3":{"loc":{"start":{"line":21,"column":15},"end":{"line":21,"column":92}},"type":"binary-expr","locations":[{"start":{"line":21,"column":15},"end":{"line":21,"column":35}},{"start":{"line":21,"column":35},"end":{"line":21,"column":62}},{"start":{"line":21,"column":62},"end":{"line":21,"column":92}}],"line":21},"4":{"loc":{"start":{"line":41,"column":6},"end":{"line":41,"column":null}},"type":"if","locations":[{"start":{"line":41,"column":6},"end":{"line":41,"column":null}},{"start":{},"end":{}}],"line":41},"5":{"loc":{"start":{"line":41,"column":10},"end":{"line":41,"column":43}},"type":"binary-expr","locations":[{"start":{"line":41,"column":10},"end":{"line":41,"column":35}},{"start":{"line":41,"column":35},"end":{"line":41,"column":43}}],"line":41},"6":{"loc":{"start":{"line":52,"column":8},"end":{"line":54,"column":null}},"type":"if","locations":[{"start":{"line":52,"column":8},"end":{"line":54,"column":null}},{"start":{},"end":{}}],"line":52},"7":{"loc":{"start":{"line":57,"column":17},"end":{"line":57,"column":80}},"type":"cond-expr","locations":[{"start":{"line":57,"column":40},"end":{"line":57,"column":54}},{"start":{"line":57,"column":54},"end":{"line":57,"column":80}}],"line":57},"8":{"loc":{"start":{"line":64,"column":2},"end":{"line":75,"column":null}},"type":"if","locations":[{"start":{"line":64,"column":2},"end":{"line":75,"column":null}},{"start":{},"end":{}}],"line":64}},"s":{"0":5,"1":10,"2":10,"3":10,"4":8,"5":10,"6":9,"7":2,"8":2,"9":10,"10":9,"11":9,"12":1,"13":8,"14":8,"15":8,"16":8,"17":7,"18":7,"19":1,"20":1,"21":9,"22":10,"23":1,"24":9},"f":{"0":10,"1":8,"2":9,"3":9,"4":9},"b":{"0":[10],"1":[2,7],"2":[0,2],"3":[2,2,2],"4":[1,8],"5":[9,9],"6":[7,0],"7":[1,0],"8":[1,9]},"meta":{"lastBranch":9,"lastFunction":5,"lastStatement":25,"seen":{"s:10:25:10:Infinity":0,"f:12:16:12:31":0,"b:12:48:12:58":0,"s:13:8:13:Infinity":1,"s:14:24:14:Infinity":2,"s:15:18:15:Infinity":3,"f:15:31:15:37":1,"s:15:37:15:89":4,"s:17:2:37:Infinity":5,"f:17:12:17:18":2,"b:18:4:36:Infinity:undefined:undefined:undefined:undefined":1,"s:18:4:36:Infinity":6,"s:19:6:34:Infinity":7,"b:21:92:21:101:21:101:21:Infinity":2,"b:21:15:21:35:21:35:21:62:21:62:21:92":3,"s:35:6:35:Infinity":8,"s:39:2:62:Infinity":9,"f:39:12:39:18":3,"s:40:26:59:Infinity":10,"f:40:26:40:38":4,"b:41:6:41:Infinity:undefined:undefined:undefined:undefined":4,"s:41:6:41:Infinity":11,"b:41:10:41:35:41:35:41:43":5,"s:41:43:41:Infinity":12,"s:43:6:58:Infinity":13,"s:44:8:44:Infinity":14,"s:47:8:47:Infinity":15,"s:50:24:50:Infinity":16,"b:52:8:54:Infinity:undefined:undefined:undefined:undefined":6,"s:52:8:54:Infinity":17,"s:53:10:53:Infinity":18,"s:56:8:56:Infinity":19,"s:57:8:57:Infinity":20,"b:57:40:57:54:57:54:57:80":7,"s:61:4:61:Infinity":21,"b:64:2:75:Infinity:undefined:undefined:undefined:undefined":8,"s:64:2:75:Infinity":22,"s:65:4:73:Infinity":23,"s:77:2:80:Infinity":24}}}
,"/Users/stefano/Documents/mdserve/frontend/src/components/SidebarResizeHandle.css": {"path":"/Users/stefano/Documents/mdserve/frontend/src/components/SidebarResizeHandle.css","statementMap":{},"fnMap":{},"branchMap":{},"s":{},"f":{},"b":{},"meta":{"lastBranch":0,"lastFunction":0,"lastStatement":0,"seen":{}}}
,"/Users/stefano/Documents/mdserve/frontend/src/components/SidebarResizeHandle.tsx": {"path":"/Users/stefano/Documents/mdserve/frontend/src/components/SidebarResizeHandle.tsx","statementMap":{"0":{"start":{"line":11,"column":24},"end":{"line":14,"column":null}},"1":{"start":{"line":12,"column":2},"end":{"line":12,"column":null}},"2":{"start":{"line":13,"column":2},"end":{"line":13,"column":null}},"3":{"start":{"line":17,"column":8},"end":{"line":17,"column":null}},"4":{"start":{"line":18,"column":8},"end":{"line":18,"column":null}},"5":{"start":{"line":19,"column":8},"end":{"line":19,"column":null}},"6":{"start":{"line":21,"column":2},"end":{"line":63,"column":null}},"7":{"start":{"line":22,"column":28},"end":{"line":29,"column":null}},"8":{"start":{"line":23,"column":6},"end":{"line":23,"column":null}},"9":{"start":{"line":24,"column":6},"end":{"line":24,"column":null}},"10":{"start":{"line":25,"column":6},"end":{"line":25,"column":null}},"11":{"start":{"line":26,"column":6},"end":{"line":26,"column":null}},"12":{"start":{"line":27,"column":6},"end":{"line":27,"column":null}},"13":{"start":{"line":28,"column":6},"end":{"line":28,"column":null}},"14":{"start":{"line":31,"column":28},"end":{"line":36,"column":null}},"15":{"start":{"line":32,"column":6},"end":{"line":32,"column":null}},"16":{"start":{"line":32,"column":34},"end":{"line":32,"column":null}},"17":{"start":{"line":34,"column":21},"end":{"line":34,"column":null}},"18":{"start":{"line":35,"column":6},"end":{"line":35,"column":null}},"19":{"start":{"line":38,"column":26},"end":{"line":46,"column":null}},"20":{"start":{"line":39,"column":6},"end":{"line":45,"column":null}},"21":{"start":{"line":40,"column":8},"end":{"line":40,"column":null}},"22":{"start":{"line":41,"column":8},"end":{"line":41,"column":null}},"23":{"start":{"line":42,"column":8},"end":{"line":42,"column":null}},"24":{"start":{"line":43,"column":8},"end":{"line":43,"column":null}},"25":{"start":{"line":44,"column":8},"end":{"line":44,"column":null}},"26":{"start":{"line":48,"column":26},"end":{"line":48,"column":null}},"27":{"start":{"line":49,"column":4},"end":{"line":51,"column":null}},"28":{"start":{"line":50,"column":6},"end":{"line":50,"column":null}},"29":{"start":{"line":53,"column":4},"end":{"line":53,"column":null}},"30":{"start":{"line":54,"column":4},"end":{"line":54,"column":null}},"31":{"start":{"line":56,"column":4},"end":{"line":62,"column":null}},"32":{"start":{"line":57,"column":6},"end":{"line":59,"column":null}},"33":{"start":{"line":58,"column":8},"end":{"line":58,"column":null}},"34":{"start":{"line":60,"column":6},"end":{"line":60,"column":null}},"35":{"start":{"line":61,"column":6},"end":{"line":61,"column":null}},"36":{"start":{"line":65,"column":2},"end":{"line":65,"column":null}}},"fnMap":{"0":{"name":"(anonymous_0)","decl":{"start":{"line":11,"column":24},"end":{"line":11,"column":25}},"loc":{"start":{"line":11,"column":46},"end":{"line":14,"column":null}},"line":11},"1":{"name":"SidebarResizeHandle","decl":{"start":{"line":16,"column":16},"end":{"line":16,"column":36}},"loc":{"start":{"line":16,"column":104},"end":{"line":66,"column":null}},"line":16},"2":{"name":"(anonymous_2)","decl":{"start":{"line":21,"column":12},"end":{"line":21,"column":18}},"loc":{"start":{"line":21,"column":18},"end":{"line":63,"column":5}},"line":21},"3":{"name":"(anonymous_3)","decl":{"start":{"line":22,"column":28},"end":{"line":22,"column":29}},"loc":{"start":{"line":22,"column":47},"end":{"line":29,"column":null}},"line":22},"4":{"name":"(anonymous_4)","decl":{"start":{"line":31,"column":28},"end":{"line":31,"column":29}},"loc":{"start":{"line":31,"column":47},"end":{"line":36,"column":null}},"line":31},"5":{"name":"(anonymous_5)","decl":{"start":{"line":38,"column":26},"end":{"line":38,"column":32}},"loc":{"start":{"line":38,"column":32},"end":{"line":46,"column":null}},"line":38},"6":{"name":"(anonymous_6)","decl":{"start":{"line":56,"column":11},"end":{"line":56,"column":17}},"loc":{"start":{"line":56,"column":17},"end":{"line":62,"column":null}},"line":56}},"branchMap":{"0":{"loc":{"start":{"line":12,"column":31},"end":{"line":12,"column":null}},"type":"cond-expr","locations":[{"start":{"line":12,"column":41},"end":{"line":12,"column":55}},{"start":{"line":12,"column":55},"end":{"line":12,"column":null}}],"line":12},"1":{"loc":{"start":{"line":13,"column":35},"end":{"line":13,"column":null}},"type":"cond-expr","locations":[{"start":{"line":13,"column":45},"end":{"line":13,"column":54}},{"start":{"line":13,"column":54},"end":{"line":13,"column":null}}],"line":13},"2":{"loc":{"start":{"line":32,"column":6},"end":{"line":32,"column":null}},"type":"if","locations":[{"start":{"line":32,"column":6},"end":{"line":32,"column":null}},{"start":{},"end":{}}],"line":32},"3":{"loc":{"start":{"line":39,"column":6},"end":{"line":45,"column":null}},"type":"if","locations":[{"start":{"line":39,"column":6},"end":{"line":45,"column":null}},{"start":{},"end":{}}],"line":39},"4":{"loc":{"start":{"line":49,"column":4},"end":{"line":51,"column":null}},"type":"if","locations":[{"start":{"line":49,"column":4},"end":{"line":51,"column":null}},{"start":{},"end":{}}],"line":49},"5":{"loc":{"start":{"line":57,"column":6},"end":{"line":59,"column":null}},"type":"if","locations":[{"start":{"line":57,"column":6},"end":{"line":59,"column":null}},{"start":{},"end":{}}],"line":57}},"s":{"0":2,"1":6,"2":6,"3":12,"4":12,"5":12,"6":12,"7":12,"8":4,"9":4,"10":4,"11":4,"12":4,"13":4,"14":12,"15":5,"16":1,"17":4,"18":4,"19":12,"20":3,"21":2,"22":2,"23":2,"24":2,"25":2,"26":12,"27":12,"28":12,"29":12,"30":12,"31":12,"32":12,"33":12,"34":12,"35":12,"36":12},"f":{"0":6,"1":12,"2":12,"3":4,"4":5,"5":3,"6":12},"b":{"0":[4,2],"1":[4,2],"2":[1,4],"3":[2,1],"4":[12,0],"5":[12,0]},"meta":{"lastBranch":6,"lastFunction":7,"lastStatement":37,"seen":{"s:11:24:14:Infinity":0,"f:11:24:11:25":0,"s:12:2:12:Infinity":1,"b:12:41:12:55:12:55:12:Infinity":0,"s:13:2:13:Infinity":2,"b:13:45:13:54:13:54:13:Infinity":1,"f:16:16:16:36":1,"s:17:8:17:Infinity":3,"s:18:8:18:Infinity":4,"s:19:8:19:Infinity":5,"s:21:2:63:Infinity":6,"f:21:12:21:18":2,"s:22:28:29:Infinity":7,"f:22:28:22:29":3,"s:23:6:23:Infinity":8,"s:24:6:24:Infinity":9,"s:25:6:25:Infinity":10,"s:26:6:26:Infinity":11,"s:27:6:27:Infinity":12,"s:28:6:28:Infinity":13,"s:31:28:36:Infinity":14,"f:31:28:31:29":4,"b:32:6:32:Infinity:undefined:undefined:undefined:undefined":2,"s:32:6:32:Infinity":15,"s:32:34:32:Infinity":16,"s:34:21:34:Infinity":17,"s:35:6:35:Infinity":18,"s:38:26:46:Infinity":19,"f:38:26:38:32":5,"b:39:6:45:Infinity:undefined:undefined:undefined:undefined":3,"s:39:6:45:Infinity":20,"s:40:8:40:Infinity":21,"s:41:8:41:Infinity":22,"s:42:8:42:Infinity":23,"s:43:8:43:Infinity":24,"s:44:8:44:Infinity":25,"s:48:26:48:Infinity":26,"b:49:4:51:Infinity:undefined:undefined:undefined:undefined":4,"s:49:4:51:Infinity":27,"s:50:6:50:Infinity":28,"s:53:4:53:Infinity":29,"s:54:4:54:Infinity":30,"s:56:4:62:Infinity":31,"f:56:11:56:17":6,"b:57:6:59:Infinity:undefined:undefined:undefined:undefined":5,"s:57:6:59:Infinity":32,"s:58:8:58:Infinity":33,"s:60:6:60:Infinity":34,"s:61:6:61:Infinity":35,"s:65:2:65:Infinity":36}}}
,"/Users/stefano/Documents/mdserve/frontend/src/components/SidebarToggle.css": {"path":"/Users/stefano/Documents/mdserve/frontend/src/components/SidebarToggle.css","statementMap":{},"fnMap":{},"branchMap":{},"s":{},"f":{},"b":{},"meta":{"lastBranch":0,"lastFunction":0,"lastStatement":0,"seen":{}}}
,"/Users/stefano/Documents/mdserve/frontend/src/components/SidebarToggle.tsx": {"path":"/Users/stefano/Documents/mdserve/frontend/src/components/SidebarToggle.tsx","statementMap":{"0":{"start":{"line":9,"column":2},"end":{"line":28,"column":null}}},"fnMap":{"0":{"name":"SidebarToggle","decl":{"start":{"line":8,"column":16},"end":{"line":8,"column":30}},"loc":{"start":{"line":8,"column":76},"end":{"line":30,"column":null}},"line":8}},"branchMap":{"0":{"loc":{"start":{"line":11,"column":35},"end":{"line":11,"column":65}},"type":"cond-expr","locations":[{"start":{"line":11,"column":49},"end":{"line":11,"column":63}},{"start":{"line":11,"column":63},"end":{"line":11,"column":65}}],"line":11}},"s":{"0":5},"f":{"0":5},"b":{"0":[0,5]},"meta":{"lastBranch":1,"lastFunction":1,"lastStatement":1,"seen":{"f:8:16:8:30":0,"s:9:2:28:Infinity":0,"b:11:49:11:63:11:63:11:65":0}}}
,"/Users/stefano/Documents/mdserve/frontend/src/components/ThemeModal.css": {"path":"/Users/stefano/Documents/mdserve/frontend/src/components/ThemeModal.css","statementMap":{},"fnMap":{},"branchMap":{},"s":{},"f":{},"b":{},"meta":{"lastBranch":0,"lastFunction":0,"lastStatement":0,"seen":{}}}
,"/Users/stefano/Documents/mdserve/frontend/src/components/ThemeModal.tsx": {"path":"/Users/stefano/Documents/mdserve/frontend/src/components/ThemeModal.tsx","statementMap":{"0":{"start":{"line":19,"column":28},"end":{"line":55,"column":null}},"1":{"start":{"line":58,"column":2},"end":{"line":58,"column":null}},"2":{"start":{"line":58,"column":15},"end":{"line":58,"column":null}},"3":{"start":{"line":60,"column":30},"end":{"line":64,"column":null}},"4":{"start":{"line":61,"column":4},"end":{"line":63,"column":null}},"5":{"start":{"line":62,"column":6},"end":{"line":62,"column":null}},"6":{"start":{"line":66,"column":2},"end":{"line":94,"column":null}},"7":{"start":{"line":72,"column":12},"end":{"line":90,"column":null}},"8":{"start":{"line":76,"column":29},"end":{"line":76,"column":null}},"9":{"start":{"line":82,"column":18},"end":{"line":86,"column":null}}},"fnMap":{"0":{"name":"ThemeModal","decl":{"start":{"line":57,"column":16},"end":{"line":57,"column":27}},"loc":{"start":{"line":57,"column":94},"end":{"line":96,"column":null}},"line":57},"1":{"name":"(anonymous_1)","decl":{"start":{"line":60,"column":30},"end":{"line":60,"column":31}},"loc":{"start":{"line":60,"column":71},"end":{"line":64,"column":null}},"line":60},"2":{"name":"(anonymous_2)","decl":{"start":{"line":71,"column":22},"end":{"line":71,"column":23}},"loc":{"start":{"line":72,"column":12},"end":{"line":90,"column":null}},"line":72},"3":{"name":"(anonymous_3)","decl":{"start":{"line":76,"column":23},"end":{"line":76,"column":29}},"loc":{"start":{"line":76,"column":29},"end":{"line":76,"column":null}},"line":76},"4":{"name":"(anonymous_4)","decl":{"start":{"line":81,"column":34},"end":{"line":81,"column":35}},"loc":{"start":{"line":82,"column":18},"end":{"line":86,"column":null}},"line":82}},"branchMap":{"0":{"loc":{"start":{"line":58,"column":2},"end":{"line":58,"column":null}},"type":"if","locations":[{"start":{"line":58,"column":2},"end":{"line":58,"column":null}},{"start":{},"end":{}}],"line":58},"1":{"loc":{"start":{"line":61,"column":4},"end":{"line":63,"column":null}},"type":"if","locations":[{"start":{"line":61,"column":4},"end":{"line":63,"column":null}},{"start":{},"end":{}}],"line":61},"2":{"loc":{"start":{"line":74,"column":39},"end":{"line":74,"column":82}},"type":"cond-expr","locations":[{"start":{"line":74,"column":67},"end":{"line":74,"column":80}},{"start":{"line":74,"column":80},"end":{"line":74,"column":82}}],"line":74}},"s":{"0":2,"1":17,"2":6,"3":11,"4":6,"5":1,"6":11,"7":55,"8":4,"9":165},"f":{"0":17,"1":6,"2":55,"3":4,"4":165},"b":{"0":[6,11],"1":[1,5],"2":[11,44]},"meta":{"lastBranch":3,"lastFunction":5,"lastStatement":10,"seen":{"s:19:28:55:Infinity":0,"f:57:16:57:27":0,"b:58:2:58:Infinity:undefined:undefined:undefined:undefined":0,"s:58:2:58:Infinity":1,"s:58:15:58:Infinity":2,"s:60:30:64:Infinity":3,"f:60:30:60:31":1,"b:61:4:63:Infinity:undefined:undefined:undefined:undefined":1,"s:61:4:63:Infinity":4,"s:62:6:62:Infinity":5,"s:66:2:94:Infinity":6,"f:71:22:71:23":2,"s:72:12:90:Infinity":7,"b:74:67:74:80:74:80:74:82":2,"f:76:23:76:29":3,"s:76:29:76:Infinity":8,"f:81:34:81:35":4,"s:82:18:86:Infinity":9}}}
,"/Users/stefano/Documents/mdserve/frontend/src/components/ThemeToggle.css": {"path":"/Users/stefano/Documents/mdserve/frontend/src/components/ThemeToggle.css","statementMap":{},"fnMap":{},"branchMap":{},"s":{},"f":{},"b":{},"meta":{"lastBranch":0,"lastFunction":0,"lastStatement":0,"seen":{}}}
,"/Users/stefano/Documents/mdserve/frontend/src/components/ThemeToggle.tsx": {"path":"/Users/stefano/Documents/mdserve/frontend/src/components/ThemeToggle.tsx","statementMap":{"0":{"start":{"line":8,"column":2},"end":{"line":11,"column":null}}},"fnMap":{"0":{"name":"ThemeToggle","decl":{"start":{"line":7,"column":16},"end":{"line":7,"column":28}},"loc":{"start":{"line":7,"column":59},"end":{"line":13,"column":null}},"line":7}},"branchMap":{},"s":{"0":5},"f":{"0":5},"b":{},"meta":{"lastBranch":0,"lastFunction":1,"lastStatement":1,"seen":{"f:7:16:7:28":0,"s:8:2:11:Infinity":0}}}
,"/Users/stefano/Documents/mdserve/frontend/src/components/TodoCheckbox.tsx": {"path":"/Users/stefano/Documents/mdserve/frontend/src/components/TodoCheckbox.tsx","statementMap":{"0":{"start":{"line":10,"column":28},"end":{"line":10,"column":null}},"1":{"start":{"line":11,"column":34},"end":{"line":11,"column":null}},"2":{"start":{"line":13,"column":23},"end":{"line":40,"column":null}},"3":{"start":{"line":14,"column":23},"end":{"line":14,"column":null}},"4":{"start":{"line":15,"column":4},"end":{"line":15,"column":null}},"5":{"start":{"line":16,"column":4},"end":{"line":16,"column":null}},"6":{"start":{"line":18,"column":4},"end":{"line":39,"column":null}},"7":{"start":{"line":19,"column":23},"end":{"line":26,"column":null}},"8":{"start":{"line":28,"column":6},"end":{"line":32,"column":null}},"9":{"start":{"line":30,"column":8},"end":{"line":30,"column":null}},"10":{"start":{"line":31,"column":8},"end":{"line":31,"column":null}},"11":{"start":{"line":35,"column":6},"end":{"line":35,"column":null}},"12":{"start":{"line":36,"column":6},"end":{"line":36,"column":null}},"13":{"start":{"line":38,"column":6},"end":{"line":38,"column":null}},"14":{"start":{"line":42,"column":2},"end":{"line":49,"column":null}}},"fnMap":{"0":{"name":"TodoCheckbox","decl":{"start":{"line":9,"column":16},"end":{"line":9,"column":29}},"loc":{"start":{"line":9,"column":94},"end":{"line":51,"column":null}},"line":9},"1":{"name":"(anonymous_1)","decl":{"start":{"line":13,"column":23},"end":{"line":13,"column":35}},"loc":{"start":{"line":13,"column":35},"end":{"line":40,"column":null}},"line":13}},"branchMap":{"0":{"loc":{"start":{"line":28,"column":6},"end":{"line":32,"column":null}},"type":"if","locations":[{"start":{"line":28,"column":6},"end":{"line":32,"column":null}},{"start":{},"end":{}}],"line":28}},"s":{"0":47,"1":47,"2":47,"3":4,"4":4,"5":4,"6":4,"7":4,"8":2,"9":1,"10":1,"11":1,"12":1,"13":3,"14":47},"f":{"0":47,"1":4},"b":{"0":[1,1]},"meta":{"lastBranch":1,"lastFunction":2,"lastStatement":15,"seen":{"f:9:16:9:29":0,"s:10:28:10:Infinity":0,"s:11:34:11:Infinity":1,"s:13:23:40:Infinity":2,"f:13:23:13:35":1,"s:14:23:14:Infinity":3,"s:15:4:15:Infinity":4,"s:16:4:16:Infinity":5,"s:18:4:39:Infinity":6,"s:19:23:26:Infinity":7,"b:28:6:32:Infinity:undefined:undefined:undefined:undefined":0,"s:28:6:32:Infinity":8,"s:30:8:30:Infinity":9,"s:31:8:31:Infinity":10,"s:35:6:35:Infinity":11,"s:36:6:36:Infinity":12,"s:38:6:38:Infinity":13,"s:42:2:49:Infinity":14}}}
,"/Users/stefano/Documents/mdserve/frontend/src/hooks/useFolderState.ts": {"path":"/Users/stefano/Documents/mdserve/frontend/src/hooks/useFolderState.ts","statementMap":{"0":{"start":{"line":4,"column":28},"end":{"line":6,"column":null}},"1":{"start":{"line":5,"column":2},"end":{"line":5,"column":null}},"2":{"start":{"line":9,"column":44},"end":{"line":13,"column":null}},"3":{"start":{"line":11,"column":18},"end":{"line":11,"column":null}},"4":{"start":{"line":12,"column":4},"end":{"line":12,"column":null}},"5":{"start":{"line":15,"column":8},"end":{"line":28,"column":null}},"6":{"start":{"line":16,"column":4},"end":{"line":27,"column":null}},"7":{"start":{"line":17,"column":19},"end":{"line":17,"column":null}},"8":{"start":{"line":18,"column":6},"end":{"line":24,"column":null}},"9":{"start":{"line":19,"column":8},"end":{"line":19,"column":null}},"10":{"start":{"line":20,"column":8},"end":{"line":20,"column":null}},"11":{"start":{"line":22,"column":8},"end":{"line":22,"column":null}},"12":{"start":{"line":23,"column":8},"end":{"line":23,"column":null}},"13":{"start":{"line":25,"column":6},"end":{"line":25,"column":null}},"14":{"start":{"line":26,"column":6},"end":{"line":26,"column":null}},"15":{"start":{"line":30,"column":8},"end":{"line":39,"column":null}},"16":{"start":{"line":31,"column":4},"end":{"line":38,"column":null}},"17":{"start":{"line":32,"column":6},"end":{"line":32,"column":null}},"18":{"start":{"line":32,"column":26},"end":{"line":32,"column":null}},"19":{"start":{"line":33,"column":19},"end":{"line":33,"column":null}},"20":{"start":{"line":34,"column":6},"end":{"line":34,"column":null}},"21":{"start":{"line":35,"column":6},"end":{"line":35,"column":null}},"22":{"start":{"line":36,"column":6},"end":{"line":36,"column":null}},"23":{"start":{"line":37,"column":6},"end":{"line":37,"column":null}},"24":{"start":{"line":41,"column":8},"end":{"line":43,"column":null}},"25":{"start":{"line":42,"column":4},"end":{"line":42,"column":null}},"26":{"start":{"line":45,"column":2},"end":{"line":49,"column":null}}},"fnMap":{"0":{"name":"(anonymous_0)","decl":{"start":{"line":4,"column":28},"end":{"line":4,"column":29}},"loc":{"start":{"line":4,"column":54},"end":{"line":6,"column":null}},"line":4},"1":{"name":"useFolderState","decl":{"start":{"line":8,"column":16},"end":{"line":8,"column":33}},"loc":{"start":{"line":8,"column":33},"end":{"line":50,"column":null}},"line":8},"2":{"name":"(anonymous_2)","decl":{"start":{"line":9,"column":70},"end":{"line":9,"column":76}},"loc":{"start":{"line":9,"column":76},"end":{"line":13,"column":3}},"line":9},"3":{"name":"(anonymous_3)","decl":{"start":{"line":15,"column":35},"end":{"line":15,"column":36}},"loc":{"start":{"line":15,"column":53},"end":{"line":28,"column":5}},"line":15},"4":{"name":"(anonymous_4)","decl":{"start":{"line":16,"column":23},"end":{"line":16,"column":31}},"loc":{"start":{"line":16,"column":31},"end":{"line":27,"column":5}},"line":16},"5":{"name":"(anonymous_5)","decl":{"start":{"line":30,"column":35},"end":{"line":30,"column":36}},"loc":{"start":{"line":30,"column":53},"end":{"line":39,"column":5}},"line":30},"6":{"name":"(anonymous_6)","decl":{"start":{"line":31,"column":23},"end":{"line":31,"column":31}},"loc":{"start":{"line":31,"column":31},"end":{"line":38,"column":5}},"line":31},"7":{"name":"(anonymous_7)","decl":{"start":{"line":41,"column":33},"end":{"line":41,"column":34}},"loc":{"start":{"line":41,"column":51},"end":{"line":43,"column":5}},"line":41}},"branchMap":{"0":{"loc":{"start":{"line":12,"column":11},"end":{"line":12,"column":null}},"type":"cond-expr","locations":[{"start":{"line":12,"column":19},"end":{"line":12,"column":48}},{"start":{"line":12,"column":48},"end":{"line":12,"column":null}}],"line":12},"1":{"loc":{"start":{"line":18,"column":6},"end":{"line":24,"column":null}},"type":"if","locations":[{"start":{"line":18,"column":6},"end":{"line":24,"column":null}},{"start":{"line":21,"column":13},"end":{"line":24,"column":null}}],"line":18},"2":{"loc":{"start":{"line":32,"column":6},"end":{"line":32,"column":null}},"type":"if","locations":[{"start":{"line":32,"column":6},"end":{"line":32,"column":null}},{"start":{},"end":{}}],"line":32}},"s":{"0":2,"1":9,"2":21,"3":10,"4":10,"5":21,"6":6,"7":6,"8":6,"9":1,"10":1,"11":5,"12":5,"13":6,"14":6,"15":21,"16":4,"17":4,"18":1,"19":3,"20":3,"21":3,"22":3,"23":3,"24":21,"25":11,"26":21},"f":{"0":9,"1":21,"2":10,"3":6,"4":6,"5":4,"6":4,"7":11},"b":{"0":[1,9],"1":[1,5],"2":[1,3]},"meta":{"lastBranch":3,"lastFunction":8,"lastStatement":27,"seen":{"s:4:28:6:Infinity":0,"f:4:28:4:29":0,"s:5:2:5:Infinity":1,"f:8:16:8:33":1,"s:9:44:13:Infinity":2,"f:9:70:9:76":2,"s:11:18:11:Infinity":3,"s:12:4:12:Infinity":4,"b:12:19:12:48:12:48:12:Infinity":0,"s:15:8:28:Infinity":5,"f:15:35:15:36":3,"s:16:4:27:Infinity":6,"f:16:23:16:31":4,"s:17:19:17:Infinity":7,"b:18:6:24:Infinity:21:13:24:Infinity":1,"s:18:6:24:Infinity":8,"s:19:8:19:Infinity":9,"s:20:8:20:Infinity":10,"s:22:8:22:Infinity":11,"s:23:8:23:Infinity":12,"s:25:6:25:Infinity":13,"s:26:6:26:Infinity":14,"s:30:8:39:Infinity":15,"f:30:35:30:36":5,"s:31:4:38:Infinity":16,"f:31:23:31:31":6,"b:32:6:32:Infinity:undefined:undefined:undefined:undefined":2,"s:32:6:32:Infinity":17,"s:32:26:32:Infinity":18,"s:33:19:33:Infinity":19,"s:34:6:34:Infinity":20,"s:35:6:35:Infinity":21,"s:36:6:36:Infinity":22,"s:37:6:37:Infinity":23,"s:41:8:43:Infinity":24,"f:41:33:41:34":7,"s:42:4:42:Infinity":25,"s:45:2:49:Infinity":26}}}
,"/Users/stefano/Documents/mdserve/frontend/src/hooks/useSidebarCollapse.ts": {"path":"/Users/stefano/Documents/mdserve/frontend/src/hooks/useSidebarCollapse.ts","statementMap":{"0":{"start":{"line":3,"column":24},"end":{"line":3,"column":null}},"1":{"start":{"line":6,"column":36},"end":{"line":8,"column":null}},"2":{"start":{"line":7,"column":4},"end":{"line":7,"column":null}},"3":{"start":{"line":10,"column":8},"end":{"line":16,"column":null}},"4":{"start":{"line":11,"column":4},"end":{"line":15,"column":null}},"5":{"start":{"line":12,"column":19},"end":{"line":12,"column":null}},"6":{"start":{"line":13,"column":6},"end":{"line":13,"column":null}},"7":{"start":{"line":14,"column":6},"end":{"line":14,"column":null}},"8":{"start":{"line":18,"column":8},"end":{"line":21,"column":null}},"9":{"start":{"line":19,"column":4},"end":{"line":19,"column":null}},"10":{"start":{"line":20,"column":4},"end":{"line":20,"column":null}},"11":{"start":{"line":23,"column":8},"end":{"line":26,"column":null}},"12":{"start":{"line":24,"column":4},"end":{"line":24,"column":null}},"13":{"start":{"line":25,"column":4},"end":{"line":25,"column":null}},"14":{"start":{"line":28,"column":2},"end":{"line":34,"column":null}}},"fnMap":{"0":{"name":"useSidebarCollapse","decl":{"start":{"line":5,"column":16},"end":{"line":5,"column":37}},"loc":{"start":{"line":5,"column":37},"end":{"line":35,"column":null}},"line":5},"1":{"name":"(anonymous_1)","decl":{"start":{"line":6,"column":49},"end":{"line":6,"column":55}},"loc":{"start":{"line":6,"column":55},"end":{"line":8,"column":3}},"line":6},"2":{"name":"(anonymous_2)","decl":{"start":{"line":10,"column":29},"end":{"line":10,"column":35}},"loc":{"start":{"line":10,"column":35},"end":{"line":16,"column":5}},"line":10},"3":{"name":"(anonymous_3)","decl":{"start":{"line":11,"column":19},"end":{"line":11,"column":27}},"loc":{"start":{"line":11,"column":27},"end":{"line":15,"column":5}},"line":11},"4":{"name":"(anonymous_4)","decl":{"start":{"line":18,"column":31},"end":{"line":18,"column":37}},"loc":{"start":{"line":18,"column":37},"end":{"line":21,"column":5}},"line":18},"5":{"name":"(anonymous_5)","decl":{"start":{"line":23,"column":29},"end":{"line":23,"column":35}},"loc":{"start":{"line":23,"column":35},"end":{"line":26,"column":5}},"line":23}},"branchMap":{"0":{"loc":{"start":{"line":13,"column":48},"end":{"line":13,"column":71}},"type":"cond-expr","locations":[{"start":{"line":13,"column":55},"end":{"line":13,"column":64}},{"start":{"line":13,"column":64},"end":{"line":13,"column":71}}],"line":13}},"s":{"0":2,"1":21,"2":11,"3":21,"4":5,"5":5,"6":5,"7":5,"8":21,"9":1,"10":1,"11":21,"12":1,"13":1,"14":21},"f":{"0":21,"1":11,"2":5,"3":5,"4":1,"5":1},"b":{"0":[3,2]},"meta":{"lastBranch":1,"lastFunction":6,"lastStatement":15,"seen":{"s:3:24:3:Infinity":0,"f:5:16:5:37":0,"s:6:36:8:Infinity":1,"f:6:49:6:55":1,"s:7:4:7:Infinity":2,"s:10:8:16:Infinity":3,"f:10:29:10:35":2,"s:11:4:15:Infinity":4,"f:11:19:11:27":3,"s:12:19:12:Infinity":5,"s:13:6:13:Infinity":6,"b:13:55:13:64:13:64:13:71":0,"s:14:6:14:Infinity":7,"s:18:8:21:Infinity":8,"f:18:31:18:37":4,"s:19:4:19:Infinity":9,"s:20:4:20:Infinity":10,"s:23:8:26:Infinity":11,"f:23:29:23:35":5,"s:24:4:24:Infinity":12,"s:25:4:25:Infinity":13,"s:28:2:34:Infinity":14}}}
,"/Users/stefano/Documents/mdserve/frontend/src/hooks/useSidebarResize.ts": {"path":"/Users/stefano/Documents/mdserve/frontend/src/hooks/useSidebarResize.ts","statementMap":{"0":{"start":{"line":3,"column":18},"end":{"line":3,"column":null}},"1":{"start":{"line":4,"column":18},"end":{"line":4,"column":null}},"2":{"start":{"line":5,"column":22},"end":{"line":5,"column":null}},"3":{"start":{"line":8,"column":29},"end":{"line":12,"column":null}},"4":{"start":{"line":9,"column":18},"end":{"line":9,"column":null}},"5":{"start":{"line":10,"column":24},"end":{"line":10,"column":null}},"6":{"start":{"line":11,"column":4},"end":{"line":11,"column":null}},"7":{"start":{"line":14,"column":34},"end":{"line":14,"column":null}},"8":{"start":{"line":15,"column":8},"end":{"line":15,"column":null}},"9":{"start":{"line":17,"column":8},"end":{"line":25,"column":null}},"10":{"start":{"line":18,"column":29},"end":{"line":18,"column":null}},"11":{"start":{"line":19,"column":4},"end":{"line":19,"column":null}},"12":{"start":{"line":20,"column":4},"end":{"line":20,"column":null}},"13":{"start":{"line":22,"column":4},"end":{"line":24,"column":null}},"14":{"start":{"line":23,"column":6},"end":{"line":23,"column":null}},"15":{"start":{"line":27,"column":8},"end":{"line":29,"column":null}},"16":{"start":{"line":28,"column":4},"end":{"line":28,"column":null}},"17":{"start":{"line":31,"column":8},"end":{"line":35,"column":null}},"18":{"start":{"line":32,"column":4},"end":{"line":32,"column":null}},"19":{"start":{"line":34,"column":4},"end":{"line":34,"column":null}},"20":{"start":{"line":37,"column":2},"end":{"line":43,"column":null}}},"fnMap":{"0":{"name":"useSidebarResize","decl":{"start":{"line":7,"column":16},"end":{"line":7,"column":35}},"loc":{"start":{"line":7,"column":35},"end":{"line":44,"column":null}},"line":7},"1":{"name":"(anonymous_1)","decl":{"start":{"line":8,"column":50},"end":{"line":8,"column":56}},"loc":{"start":{"line":8,"column":56},"end":{"line":12,"column":3}},"line":8},"2":{"name":"(anonymous_2)","decl":{"start":{"line":17,"column":31},"end":{"line":17,"column":32}},"loc":{"start":{"line":17,"column":77},"end":{"line":25,"column":5}},"line":17},"3":{"name":"(anonymous_3)","decl":{"start":{"line":27,"column":36},"end":{"line":27,"column":42}},"loc":{"start":{"line":27,"column":42},"end":{"line":29,"column":5}},"line":27},"4":{"name":"(anonymous_4)","decl":{"start":{"line":31,"column":35},"end":{"line":31,"column":41}},"loc":{"start":{"line":31,"column":41},"end":{"line":35,"column":5}},"line":31}},"branchMap":{"0":{"loc":{"start":{"line":10,"column":24},"end":{"line":10,"column":null}},"type":"cond-expr","locations":[{"start":{"line":10,"column":32},"end":{"line":10,"column":50}},{"start":{"line":10,"column":50},"end":{"line":10,"column":null}}],"line":10},"1":{"loc":{"start":{"line":17,"column":50},"end":{"line":17,"column":77}},"type":"default-arg","locations":[{"start":{"line":17,"column":68},"end":{"line":17,"column":77}}],"line":17},"2":{"loc":{"start":{"line":22,"column":4},"end":{"line":24,"column":null}},"type":"if","locations":[{"start":{"line":22,"column":4},"end":{"line":24,"column":null}},{"start":{},"end":{}}],"line":22},"3":{"loc":{"start":{"line":22,"column":8},"end":{"line":22,"column":40}},"type":"binary-expr","locations":[{"start":{"line":22,"column":8},"end":{"line":22,"column":27}},{"start":{"line":22,"column":27},"end":{"line":22,"column":40}}],"line":22}},"s":{"0":2,"1":2,"2":2,"3":20,"4":9,"5":9,"6":9,"7":20,"8":20,"9":20,"10":4,"11":4,"12":4,"13":4,"14":3,"15":20,"16":2,"17":20,"18":2,"19":2,"20":20},"f":{"0":20,"1":9,"2":4,"3":2,"4":2},"b":{"0":[1,8],"1":[4],"2":[3,1],"3":[4,4]},"meta":{"lastBranch":4,"lastFunction":5,"lastStatement":21,"seen":{"s:3:18:3:Infinity":0,"s:4:18:4:Infinity":1,"s:5:22:5:Infinity":2,"f:7:16:7:35":0,"s:8:29:12:Infinity":3,"f:8:50:8:56":1,"s:9:18:9:Infinity":4,"s:10:24:10:Infinity":5,"b:10:32:10:50:10:50:10:Infinity":0,"s:11:4:11:Infinity":6,"s:14:34:14:Infinity":7,"s:15:8:15:Infinity":8,"s:17:8:25:Infinity":9,"f:17:31:17:32":2,"b:17:68:17:77":1,"s:18:29:18:Infinity":10,"s:19:4:19:Infinity":11,"s:20:4:20:Infinity":12,"b:22:4:24:Infinity:undefined:undefined:undefined:undefined":2,"s:22:4:24:Infinity":13,"b:22:8:22:27:22:27:22:40":3,"s:23:6:23:Infinity":14,"s:27:8:29:Infinity":15,"f:27:36:27:42":3,"s:28:4:28:Infinity":16,"s:31:8:35:Infinity":17,"f:31:35:31:41":4,"s:32:4:32:Infinity":18,"s:34:4:34:Infinity":19,"s:37:2:43:Infinity":20}}}
,"/Users/stefano/Documents/mdserve/frontend/src/hooks/useTheme.ts": {"path":"/Users/stefano/Documents/mdserve/frontend/src/hooks/useTheme.ts","statementMap":{"0":{"start":{"line":5,"column":29},"end":{"line":5,"column":null}},"1":{"start":{"line":8,"column":29},"end":{"line":11,"column":null}},"2":{"start":{"line":9,"column":23},"end":{"line":9,"column":null}},"3":{"start":{"line":10,"column":4},"end":{"line":10,"column":null}},"4":{"start":{"line":13,"column":46},"end":{"line":13,"column":null}},"5":{"start":{"line":15,"column":2},"end":{"line":17,"column":null}},"6":{"start":{"line":16,"column":4},"end":{"line":16,"column":null}},"7":{"start":{"line":19,"column":19},"end":{"line":24,"column":null}},"8":{"start":{"line":20,"column":4},"end":{"line":20,"column":null}},"9":{"start":{"line":21,"column":4},"end":{"line":21,"column":null}},"10":{"start":{"line":22,"column":4},"end":{"line":22,"column":null}},"11":{"start":{"line":23,"column":4},"end":{"line":23,"column":null}},"12":{"start":{"line":26,"column":25},"end":{"line":28,"column":null}},"13":{"start":{"line":27,"column":4},"end":{"line":27,"column":null}},"14":{"start":{"line":30,"column":26},"end":{"line":32,"column":null}},"15":{"start":{"line":31,"column":4},"end":{"line":31,"column":null}},"16":{"start":{"line":34,"column":2},"end":{"line":40,"column":null}}},"fnMap":{"0":{"name":"useTheme","decl":{"start":{"line":7,"column":16},"end":{"line":7,"column":27}},"loc":{"start":{"line":7,"column":27},"end":{"line":41,"column":null}},"line":7},"1":{"name":"(anonymous_1)","decl":{"start":{"line":8,"column":49},"end":{"line":8,"column":55}},"loc":{"start":{"line":8,"column":55},"end":{"line":11,"column":3}},"line":8},"2":{"name":"(anonymous_2)","decl":{"start":{"line":15,"column":12},"end":{"line":15,"column":18}},"loc":{"start":{"line":15,"column":18},"end":{"line":17,"column":5}},"line":15},"3":{"name":"(anonymous_3)","decl":{"start":{"line":19,"column":19},"end":{"line":19,"column":20}},"loc":{"start":{"line":19,"column":40},"end":{"line":24,"column":null}},"line":19},"4":{"name":"(anonymous_4)","decl":{"start":{"line":26,"column":25},"end":{"line":26,"column":31}},"loc":{"start":{"line":26,"column":31},"end":{"line":28,"column":null}},"line":26},"5":{"name":"(anonymous_5)","decl":{"start":{"line":30,"column":26},"end":{"line":30,"column":32}},"loc":{"start":{"line":30,"column":32},"end":{"line":32,"column":null}},"line":30}},"branchMap":{"0":{"loc":{"start":{"line":10,"column":12},"end":{"line":10,"column":null}},"type":"binary-expr","locations":[{"start":{"line":10,"column":12},"end":{"line":10,"column":36}},{"start":{"line":10,"column":36},"end":{"line":10,"column":null}}],"line":10}},"s":{"0":2,"1":24,"2":10,"3":10,"4":24,"5":24,"6":18,"7":24,"8":8,"9":8,"10":8,"11":8,"12":24,"13":2,"14":24,"15":1,"16":24},"f":{"0":24,"1":10,"2":18,"3":8,"4":2,"5":1},"b":{"0":[10,9]},"meta":{"lastBranch":1,"lastFunction":6,"lastStatement":17,"seen":{"s:5:29:5:Infinity":0,"f:7:16:7:27":0,"s:8:29:11:Infinity":1,"f:8:49:8:55":1,"s:9:23:9:Infinity":2,"s:10:4:10:Infinity":3,"b:10:12:10:36:10:36:10:Infinity":0,"s:13:46:13:Infinity":4,"s:15:2:17:Infinity":5,"f:15:12:15:18":2,"s:16:4:16:Infinity":6,"s:19:19:24:Infinity":7,"f:19:19:19:20":3,"s:20:4:20:Infinity":8,"s:21:4:21:Infinity":9,"s:22:4:22:Infinity":10,"s:23:4:23:Infinity":11,"s:26:25:28:Infinity":12,"f:26:25:26:31":4,"s:27:4:27:Infinity":13,"s:30:26:32:Infinity":14,"f:30:26:30:32":5,"s:31:4:31:Infinity":15,"s:34:2:40:Infinity":16}}}
,"/Users/stefano/Documents/mdserve/frontend/src/utils/fileTree.ts": {"path":"/Users/stefano/Documents/mdserve/frontend/src/utils/fileTree.ts","statementMap":{"0":{"start":{"line":16,"column":29},"end":{"line":21,"column":null}},"1":{"start":{"line":23,"column":2},"end":{"line":53,"column":null}},"2":{"start":{"line":24,"column":18},"end":{"line":24,"column":null}},"3":{"start":{"line":25,"column":22},"end":{"line":25,"column":null}},"4":{"start":{"line":27,"column":4},"end":{"line":52,"column":null}},"5":{"start":{"line":27,"column":17},"end":{"line":27,"column":20}},"6":{"start":{"line":28,"column":19},"end":{"line":28,"column":null}},"7":{"start":{"line":29,"column":25},"end":{"line":29,"column":null}},"8":{"start":{"line":30,"column":24},"end":{"line":30,"column":null}},"9":{"start":{"line":32,"column":6},"end":{"line":34,"column":null}},"10":{"start":{"line":33,"column":8},"end":{"line":33,"column":null}},"11":{"start":{"line":36,"column":22},"end":{"line":36,"column":null}},"12":{"start":{"line":36,"column":57},"end":{"line":36,"column":76}},"13":{"start":{"line":38,"column":6},"end":{"line":47,"column":null}},"14":{"start":{"line":39,"column":38},"end":{"line":44,"column":null}},"15":{"start":{"line":45,"column":8},"end":{"line":45,"column":null}},"16":{"start":{"line":46,"column":8},"end":{"line":46,"column":null}},"17":{"start":{"line":49,"column":6},"end":{"line":51,"column":null}},"18":{"start":{"line":50,"column":8},"end":{"line":50,"column":null}},"19":{"start":{"line":56,"column":2},"end":{"line":56,"column":null}},"20":{"start":{"line":61,"column":18},"end":{"line":61,"column":null}},"21":{"start":{"line":61,"column":36},"end":{"line":61,"column":46}},"22":{"start":{"line":62,"column":16},"end":{"line":62,"column":null}},"23":{"start":{"line":62,"column":34},"end":{"line":62,"column":45}},"24":{"start":{"line":65,"column":2},"end":{"line":65,"column":null}},"25":{"start":{"line":65,"column":25},"end":{"line":65,"column":53}},"26":{"start":{"line":66,"column":2},"end":{"line":66,"column":null}},"27":{"start":{"line":66,"column":23},"end":{"line":66,"column":51}},"28":{"start":{"line":69,"column":2},"end":{"line":73,"column":null}},"29":{"start":{"line":70,"column":4},"end":{"line":72,"column":null}},"30":{"start":{"line":71,"column":6},"end":{"line":71,"column":null}},"31":{"start":{"line":76,"column":2},"end":{"line":76,"column":null}}},"fnMap":{"0":{"name":"buildFileTree","decl":{"start":{"line":15,"column":16},"end":{"line":15,"column":30}},"loc":{"start":{"line":15,"column":64},"end":{"line":57,"column":null}},"line":15},"1":{"name":"(anonymous_1)","decl":{"start":{"line":36,"column":48},"end":{"line":36,"column":57}},"loc":{"start":{"line":36,"column":57},"end":{"line":36,"column":76}},"line":36},"2":{"name":"sortNodes","decl":{"start":{"line":59,"column":9},"end":{"line":59,"column":19}},"loc":{"start":{"line":59,"column":58},"end":{"line":77,"column":null}},"line":59},"3":{"name":"(anonymous_3)","decl":{"start":{"line":61,"column":31},"end":{"line":61,"column":36}},"loc":{"start":{"line":61,"column":36},"end":{"line":61,"column":46}},"line":61},"4":{"name":"(anonymous_4)","decl":{"start":{"line":62,"column":29},"end":{"line":62,"column":34}},"loc":{"start":{"line":62,"column":34},"end":{"line":62,"column":45}},"line":62},"5":{"name":"(anonymous_5)","decl":{"start":{"line":65,"column":15},"end":{"line":65,"column":16}},"loc":{"start":{"line":65,"column":25},"end":{"line":65,"column":53}},"line":65},"6":{"name":"(anonymous_6)","decl":{"start":{"line":66,"column":13},"end":{"line":66,"column":14}},"loc":{"start":{"line":66,"column":23},"end":{"line":66,"column":51}},"line":66}},"branchMap":{"0":{"loc":{"start":{"line":32,"column":6},"end":{"line":34,"column":null}},"type":"if","locations":[{"start":{"line":32,"column":6},"end":{"line":34,"column":null}},{"start":{},"end":{}}],"line":32},"1":{"loc":{"start":{"line":38,"column":6},"end":{"line":47,"column":null}},"type":"if","locations":[{"start":{"line":38,"column":6},"end":{"line":47,"column":null}},{"start":{},"end":{}}],"line":38},"2":{"loc":{"start":{"line":43,"column":20},"end":{"line":43,"column":null}},"type":"cond-expr","locations":[{"start":{"line":43,"column":33},"end":{"line":43,"column":45}},{"start":{"line":43,"column":45},"end":{"line":43,"column":null}}],"line":43},"3":{"loc":{"start":{"line":49,"column":6},"end":{"line":51,"column":null}},"type":"if","locations":[{"start":{"line":49,"column":6},"end":{"line":51,"column":null}},{"start":{},"end":{}}],"line":49},"4":{"loc":{"start":{"line":56,"column":19},"end":{"line":56,"column":38}},"type":"binary-expr","locations":[{"start":{"line":56,"column":19},"end":{"line":56,"column":36}},{"start":{"line":56,"column":36},"end":{"line":56,"column":38}}],"line":56},"5":{"loc":{"start":{"line":70,"column":4},"end":{"line":72,"column":null}},"type":"if","locations":[{"start":{"line":70,"column":4},"end":{"line":72,"column":null}},{"start":{},"end":{}}],"line":70}},"s":{"0":12,"1":12,"2":21,"3":21,"4":21,"5":21,"6":32,"7":32,"8":32,"9":32,"10":0,"11":32,"12":20,"13":32,"14":28,"15":28,"16":28,"17":32,"18":11,"19":12,"20":19,"21":28,"22":19,"23":28,"24":19,"25":0,"26":19,"27":13,"28":19,"29":7,"30":7,"31":19},"f":{"0":12,"1":20,"2":19,"3":28,"4":28,"5":0,"6":13},"b":{"0":[0,32],"1":[28,4],"2":[21,7],"3":[11,21],"4":[12,0],"5":[7,0]},"meta":{"lastBranch":6,"lastFunction":7,"lastStatement":32,"seen":{"f:15:16:15:30":0,"s:16:29:21:Infinity":0,"s:23:2:53:Infinity":1,"s:24:18:24:Infinity":2,"s:25:22:25:Infinity":3,"s:27:4:52:Infinity":4,"s:27:17:27:20":5,"s:28:19:28:Infinity":6,"s:29:25:29:Infinity":7,"s:30:24:30:Infinity":8,"b:32:6:34:Infinity:undefined:undefined:undefined:undefined":0,"s:32:6:34:Infinity":9,"s:33:8:33:Infinity":10,"s:36:22:36:Infinity":11,"f:36:48:36:57":1,"s:36:57:36:76":12,"b:38:6:47:Infinity:undefined:undefined:undefined:undefined":1,"s:38:6:47:Infinity":13,"s:39:38:44:Infinity":14,"b:43:33:43:45:43:45:43:Infinity":2,"s:45:8:45:Infinity":15,"s:46:8:46:Infinity":16,"b:49:6:51:Infinity:undefined:undefined:undefined:undefined":3,"s:49:6:51:Infinity":17,"s:50:8:50:Infinity":18,"s:56:2:56:Infinity":19,"b:56:19:56:36:56:36:56:38":4,"f:59:9:59:19":2,"s:61:18:61:Infinity":20,"f:61:31:61:36":3,"s:61:36:61:46":21,"s:62:16:62:Infinity":22,"f:62:29:62:34":4,"s:62:34:62:45":23,"s:65:2:65:Infinity":24,"f:65:15:65:16":5,"s:65:25:65:53":25,"s:66:2:66:Infinity":26,"f:66:13:66:14":6,"s:66:23:66:51":27,"s:69:2:73:Infinity":28,"b:70:4:72:Infinity:undefined:undefined:undefined:undefined":5,"s:70:4:72:Infinity":29,"s:71:6:71:Infinity":30,"s:76:2:76:Infinity":31}}}
}
